#
# There is insufficient memory for the Java Runtime Environment to continue.
# Native memory allocation (malloc) failed to allocate 1689616 bytes. Error detail: Chunk::new
# Possible reasons:
#   The system is out of physical RAM or swap space
#   This process is running with CompressedOops enabled, and the Java Heap may be blocking the growth of the native heap
# Possible solutions:
#   Reduce memory load on the system
#   Increase physical memory or swap space
#   Check if swap backing store is full
#   Decrease Java heap size (-Xmx/-Xms)
#   Decrease number of Java threads
#   Decrease Java thread stack sizes (-Xss)
#   Set larger code cache with -XX:ReservedCodeCacheSize=
#   JVM is running with Unscaled Compressed Oops mode in which the Java heap is
#     placed in the first 4GB address space. The Java Heap base address is the
#     maximum limit for the native heap growth. Please use -XX:HeapBaseMinAddress
#     to set the Java Heap base and to place the Java Heap above 4GB virtual address.
# This output file may be truncated or incomplete.
#
#  Out of Memory Error (arena.cpp:168), pid=3064, tid=25148
#
# JRE version: OpenJDK Runtime Environment (21.0.7) (build 21.0.7+-13880790-b1038.58)
# Java VM: OpenJDK 64-Bit Server VM (21.0.7+-13880790-b1038.58, mixed mode, tiered, compressed oops, compressed class ptrs, g1 gc, windows-amd64)
# No core dump will be written. Minidumps are not enabled by default on client versions of Windows
#

---------------  S U M M A R Y ------------

Command Line: --add-opens=java.base/java.lang=ALL-UNNAMED --add-opens=java.base/java.lang.invoke=ALL-UNNAMED --add-opens=java.base/java.util=ALL-UNNAMED --add-opens=java.prefs/java.util.prefs=ALL-UNNAMED --add-exports=jdk.compiler/com.sun.tools.javac.api=ALL-UNNAMED --add-exports=jdk.compiler/com.sun.tools.javac.util=ALL-UNNAMED --add-opens=java.base/java.util=ALL-UNNAMED --add-opens=java.prefs/java.util.prefs=ALL-UNNAMED --add-opens=java.base/java.nio.charset=ALL-UNNAMED --add-opens=java.base/java.net=ALL-UNNAMED --add-opens=java.base/java.util.concurrent.atomic=ALL-UNNAMED --add-opens=java.xml/javax.xml.namespace=ALL-UNNAMED -Xmx1024m -Dfile.encoding=UTF-8 -Duser.country=US -Duser.language=en -Duser.variant -javaagent:C:\Users\Thanh Tu\.gradle\wrapper\dists\gradle-8.13-bin\5xuhj0ry160q40clulazy9h7d\gradle-8.13\lib\agents\gradle-instrumentation-agent-8.13.jar org.gradle.launcher.daemon.bootstrap.GradleDaemon 8.13

Host: 12th Gen Intel(R) Core(TM) i5-1235U, 12 cores, 7G,  Windows 11 , 64 bit Build 26100 (10.0.26100.6725)
Time: Thu Nov 13 23:46:59 2025 SE Asia Standard Time elapsed time: 8.609238 seconds (0d 0h 0m 8s)

---------------  T H R E A D  ---------------

Current thread (0x00000266fcdd8980):  JavaThread "C2 CompilerThread0" daemon [_thread_in_native, id=25148, stack(0x00000097db900000,0x00000097dba00000) (1024K)]


Current CompileTask:
C2:8609 6890       4       groovyjarjarantlr4.v4.runtime.atn.ParserATNSimulator::isConflicted (860 bytes)

Stack: [0x00000097db900000,0x00000097dba00000]
Native frames: (J=compiled Java code, j=interpreted, Vv=VM code, C=native code)
V  [jvm.dll+0x6d25c9]
V  [jvm.dll+0x860923]
V  [jvm.dll+0x862e7e]
V  [jvm.dll+0x863563]
V  [jvm.dll+0x27f156]
V  [jvm.dll+0xc002d]
V  [jvm.dll+0xc0563]
V  [jvm.dll+0x3b6d01]
V  [jvm.dll+0x382c27]
V  [jvm.dll+0x38209a]
V  [jvm.dll+0x247e72]
V  [jvm.dll+0x247441]
V  [jvm.dll+0x1c5fb4]
V  [jvm.dll+0x256bac]
V  [jvm.dll+0x2550f6]
V  [jvm.dll+0x3f1d16]
V  [jvm.dll+0x808d08]
V  [jvm.dll+0x6d0e1d]
C  [ucrtbase.dll+0x37b0]
C  [KERNEL32.DLL+0x2e8d7]
C  [ntdll.dll+0x8c53c]


---------------  P R O C E S S  ---------------

Threads class SMR info:
_java_thread_list=0x0000026687219540, length=66, elements={
0x00000266e40d7640, 0x00000266fcd9a2f0, 0x00000266fcda00d0, 0x00000266fcd9f160,
0x00000266fcdcf4c0, 0x00000266fcdcff20, 0x00000266fcdd0c70, 0x00000266fcdd16d0,
0x00000266fcdd8980, 0x00000266fcdd9420, 0x00000266fd15dfb0, 0x00000266fea27300,
0x00000266fe7cb0a0, 0x00000266fec3d430, 0x00000266fec06c00, 0x00000266fe99e9e0,
0x00000266feb47d60, 0x00000266feb4b3c0, 0x00000266febabe30, 0x00000266febac4c0,
0x00000266febab110, 0x00000266febacb50, 0x00000266febad1e0, 0x00000266febab7a0,
0x00000266febad870, 0x00000266febaa3f0, 0x00000266840e7da0, 0x00000266840e8430,
0x00000266840e4fb0, 0x00000266840e7080, 0x00000266840e6360, 0x00000266840e5640,
0x00000266840e7710, 0x00000266840e5cd0, 0x00000266840e69f0, 0x0000026685e967c0,
0x0000026685e98f20, 0x0000026685e974e0, 0x0000026685e98890, 0x0000026685e97b70,
0x00000266845a6bf0, 0x0000026685e995b0, 0x0000026685e98200, 0x0000026685e96130,
0x00000266fcfb6ee0, 0x00000266fcfb61c0, 0x00000266fcfb6850, 0x00000266fcfb40f0,
0x00000266fcfb54a0, 0x00000266fcfb4e10, 0x00000266fcfb8fb0, 0x00000266fcfb5b30,
0x00000266fcfb8290, 0x00000266fcfbb080, 0x00000266fcfba360, 0x00000266fcfb9640,
0x00000266fcfb9cd0, 0x00000266fcfb8920, 0x00000266fcfba9f0, 0x00000266fcfb7c00,
0x00000266fcfbb710, 0x0000026685d22fe0, 0x0000026685d21c30, 0x0000026685d250b0,
0x0000026685d23670, 0x0000026685d24390
}

Java Threads: ( => current thread )
  0x00000266e40d7640 JavaThread "main"                              [_thread_blocked, id=10976, stack(0x00000097daa00000,0x00000097dab00000) (1024K)]
  0x00000266fcd9a2f0 JavaThread "Common-Cleaner"             daemon [_thread_blocked, id=9932, stack(0x00000097db200000,0x00000097db300000) (1024K)]
  0x00000266fcda00d0 JavaThread "Reference Handler"          daemon [_thread_blocked, id=10136, stack(0x00000097db300000,0x00000097db400000) (1024K)]
  0x00000266fcd9f160 JavaThread "Finalizer"                  daemon [_thread_blocked, id=12592, stack(0x00000097db400000,0x00000097db500000) (1024K)]
  0x00000266fcdcf4c0 JavaThread "Signal Dispatcher"          daemon [_thread_blocked, id=20428, stack(0x00000097db500000,0x00000097db600000) (1024K)]
  0x00000266fcdcff20 JavaThread "Attach Listener"            daemon [_thread_blocked, id=11764, stack(0x00000097db600000,0x00000097db700000) (1024K)]
  0x00000266fcdd0c70 JavaThread "Service Thread"             daemon [_thread_blocked, id=19812, stack(0x00000097db700000,0x00000097db800000) (1024K)]
  0x00000266fcdd16d0 JavaThread "Monitor Deflation Thread"   daemon [_thread_blocked, id=3972, stack(0x00000097db800000,0x00000097db900000) (1024K)]
=>0x00000266fcdd8980 JavaThread "C2 CompilerThread0"         daemon [_thread_in_native, id=25148, stack(0x00000097db900000,0x00000097dba00000) (1024K)]
  0x00000266fcdd9420 JavaThread "C1 CompilerThread0"         daemon [_thread_in_native, id=17804, stack(0x00000097dba00000,0x00000097dbb00000) (1024K)]
  0x00000266fd15dfb0 JavaThread "Notification Thread"        daemon [_thread_blocked, id=11164, stack(0x00000097dbb00000,0x00000097dbc00000) (1024K)]
  0x00000266fea27300 JavaThread "Daemon health stats"               [_thread_blocked, id=6928, stack(0x00000097dc200000,0x00000097dc300000) (1024K)]
  0x00000266fe7cb0a0 JavaThread "Incoming local TCP Connector on port 54541"        [_thread_in_native, id=15228, stack(0x00000097dc300000,0x00000097dc400000) (1024K)]
  0x00000266fec3d430 JavaThread "Daemon periodic checks"            [_thread_blocked, id=7784, stack(0x00000097dc400000,0x00000097dc500000) (1024K)]
  0x00000266fec06c00 JavaThread "Daemon"                            [_thread_blocked, id=9544, stack(0x00000097dc500000,0x00000097dc600000) (1024K)]
  0x00000266fe99e9e0 JavaThread "Handler for socket connection from /127.0.0.1:54541 to /127.0.0.1:54542"        [_thread_in_native, id=11000, stack(0x00000097dc600000,0x00000097dc700000) (1024K)]
  0x00000266feb47d60 JavaThread "Cancel handler"                    [_thread_blocked, id=21200, stack(0x00000097dc700000,0x00000097dc800000) (1024K)]
  0x00000266feb4b3c0 JavaThread "Daemon worker"                     [_thread_in_vm, id=23492, stack(0x00000097dc800000,0x00000097dc900000) (1024K)]
  0x00000266febabe30 JavaThread "Asynchronous log dispatcher for DefaultDaemonConnection: socket connection from /127.0.0.1:54541 to /127.0.0.1:54542"        [_thread_blocked, id=19440, stack(0x00000097dc900000,0x00000097dca00000) (1024K)]
  0x00000266febac4c0 JavaThread "Stdin handler"                     [_thread_blocked, id=17500, stack(0x00000097dd000000,0x00000097dd100000) (1024K)]
  0x00000266febab110 JavaThread "Daemon client event forwarder"        [_thread_blocked, id=12396, stack(0x00000097dd100000,0x00000097dd200000) (1024K)]
  0x00000266febacb50 JavaThread "Cache worker for journal cache (C:\Users\Thanh Tu\.gradle\caches\journal-1)"        [_thread_blocked, id=24568, stack(0x00000097dd200000,0x00000097dd300000) (1024K)]
  0x00000266febad1e0 JavaThread "File lock request listener"        [_thread_in_native, id=8860, stack(0x00000097dd300000,0x00000097dd400000) (1024K)]
  0x00000266febab7a0 JavaThread "Cache worker for file hash cache (C:\Users\Thanh Tu\.gradle\caches\8.13\fileHashes)"        [_thread_blocked, id=20992, stack(0x00000097dd400000,0x00000097dd500000) (1024K)]
  0x00000266febad870 JavaThread "Cache worker for file hash cache (C:\Users\Thanh Tu\Desktop\PTrienUD\PTUD_Git\personal_finance\.gradle\8.13\fileHashes)"        [_thread_blocked, id=2380, stack(0x00000097dd500000,0x00000097dd600000) (1024K)]
  0x00000266febaa3f0 JavaThread "Cache worker for Build Output Cleanup Cache (C:\Users\Thanh Tu\Desktop\PTrienUD\PTUD_Git\personal_finance\.gradle\buildOutputCleanup)"        [_thread_blocked, id=9072, stack(0x00000097dd600000,0x00000097dd700000) (1024K)]
  0x00000266840e7da0 JavaThread "File watcher server"        daemon [_thread_in_native, id=6192, stack(0x00000097dd700000,0x00000097dd800000) (1024K)]
  0x00000266840e8430 JavaThread "File watcher consumer"      daemon [_thread_blocked, id=18732, stack(0x00000097dd800000,0x00000097dd900000) (1024K)]
  0x00000266840e4fb0 JavaThread "jar transforms"                    [_thread_blocked, id=20160, stack(0x00000097dd900000,0x00000097dda00000) (1024K)]
  0x00000266840e7080 JavaThread "jar transforms Thread 2"           [_thread_blocked, id=6964, stack(0x00000097dda00000,0x00000097ddb00000) (1024K)]
  0x00000266840e6360 JavaThread "jar transforms Thread 3"           [_thread_blocked, id=5988, stack(0x00000097ddb00000,0x00000097ddc00000) (1024K)]
  0x00000266840e5640 JavaThread "jar transforms Thread 4"           [_thread_blocked, id=13180, stack(0x00000097ddc00000,0x00000097ddd00000) (1024K)]
  0x00000266840e7710 JavaThread "jar transforms Thread 5"           [_thread_blocked, id=17548, stack(0x00000097ddd00000,0x00000097dde00000) (1024K)]
  0x00000266840e5cd0 JavaThread "jar transforms Thread 6"           [_thread_blocked, id=11496, stack(0x00000097dde00000,0x00000097ddf00000) (1024K)]
  0x00000266840e69f0 JavaThread "jar transforms Thread 7"           [_thread_blocked, id=6412, stack(0x00000097ddf00000,0x00000097de000000) (1024K)]
  0x0000026685e967c0 JavaThread "jar transforms Thread 8"           [_thread_blocked, id=24948, stack(0x00000097de000000,0x00000097de100000) (1024K)]
  0x0000026685e98f20 JavaThread "jar transforms Thread 9"           [_thread_blocked, id=23788, stack(0x00000097de100000,0x00000097de200000) (1024K)]
  0x0000026685e974e0 JavaThread "jar transforms Thread 10"          [_thread_blocked, id=3960, stack(0x00000097de200000,0x00000097de300000) (1024K)]
  0x0000026685e98890 JavaThread "jar transforms Thread 11"          [_thread_blocked, id=12328, stack(0x00000097de300000,0x00000097de400000) (1024K)]
  0x0000026685e97b70 JavaThread "jar transforms Thread 12"          [_thread_blocked, id=1336, stack(0x00000097de400000,0x00000097de500000) (1024K)]
  0x00000266845a6bf0 JavaThread "C2 CompilerThread1"         daemon [_thread_in_native, id=3908, stack(0x00000097dbc00000,0x00000097dbd00000) (1024K)]
  0x0000026685e995b0 JavaThread "Cache worker for checksums cache (C:\Users\Thanh Tu\Desktop\PTrienUD\PTUD_Git\personal_finance\.gradle\8.13\checksums)"        [_thread_blocked, id=24220, stack(0x00000097de500000,0x00000097de600000) (1024K)]
  0x0000026685e98200 JavaThread "Cache worker for file content cache (C:\Users\Thanh Tu\.gradle\caches\8.13\fileContent)"        [_thread_blocked, id=2092, stack(0x00000097de600000,0x00000097de700000) (1024K)]
  0x0000026685e96130 JavaThread "Cache worker for cache directory md-supplier (C:\Users\Thanh Tu\.gradle\caches\8.13\md-supplier)"        [_thread_blocked, id=23744, stack(0x00000097de700000,0x00000097de800000) (1024K)]
  0x00000266fcfb6ee0 JavaThread "Cache worker for cache directory md-rule (C:\Users\Thanh Tu\.gradle\caches\8.13\md-rule)"        [_thread_blocked, id=19400, stack(0x00000097de800000,0x00000097de900000) (1024K)]
  0x00000266fcfb61c0 JavaThread "Unconstrained build operations"        [_thread_blocked, id=22536, stack(0x00000097de900000,0x00000097dea00000) (1024K)]
  0x00000266fcfb6850 JavaThread "Unconstrained build operations Thread 2"        [_thread_blocked, id=21908, stack(0x00000097dea00000,0x00000097deb00000) (1024K)]
  0x00000266fcfb40f0 JavaThread "Unconstrained build operations Thread 3"        [_thread_blocked, id=2592, stack(0x00000097deb00000,0x00000097dec00000) (1024K)]
  0x00000266fcfb54a0 JavaThread "Unconstrained build operations Thread 4"        [_thread_blocked, id=9236, stack(0x00000097dec00000,0x00000097ded00000) (1024K)]
  0x00000266fcfb4e10 JavaThread "Unconstrained build operations Thread 5"        [_thread_blocked, id=22728, stack(0x00000097ded00000,0x00000097dee00000) (1024K)]
  0x00000266fcfb8fb0 JavaThread "Unconstrained build operations Thread 6"        [_thread_blocked, id=16752, stack(0x00000097dee00000,0x00000097def00000) (1024K)]
  0x00000266fcfb5b30 JavaThread "Unconstrained build operations Thread 7"        [_thread_blocked, id=19588, stack(0x00000097def00000,0x00000097df000000) (1024K)]
  0x00000266fcfb8290 JavaThread "Unconstrained build operations Thread 8"        [_thread_blocked, id=24320, stack(0x00000097df000000,0x00000097df100000) (1024K)]
  0x00000266fcfbb080 JavaThread "Unconstrained build operations Thread 9"        [_thread_blocked, id=16508, stack(0x00000097df100000,0x00000097df200000) (1024K)]
  0x00000266fcfba360 JavaThread "Unconstrained build operations Thread 10"        [_thread_blocked, id=25088, stack(0x00000097df200000,0x00000097df300000) (1024K)]
  0x00000266fcfb9640 JavaThread "Unconstrained build operations Thread 11"        [_thread_blocked, id=11376, stack(0x00000097df300000,0x00000097df400000) (1024K)]
  0x00000266fcfb9cd0 JavaThread "Unconstrained build operations Thread 12"        [_thread_blocked, id=17204, stack(0x00000097df400000,0x00000097df500000) (1024K)]
  0x00000266fcfb8920 JavaThread "Unconstrained build operations Thread 13"        [_thread_blocked, id=8504, stack(0x00000097df500000,0x00000097df600000) (1024K)]
  0x00000266fcfba9f0 JavaThread "Unconstrained build operations Thread 14"        [_thread_blocked, id=2484, stack(0x00000097df600000,0x00000097df700000) (1024K)]
  0x00000266fcfb7c00 JavaThread "Unconstrained build operations Thread 15"        [_thread_blocked, id=24468, stack(0x00000097df700000,0x00000097df800000) (1024K)]
  0x00000266fcfbb710 JavaThread "Unconstrained build operations Thread 16"        [_thread_blocked, id=8556, stack(0x00000097df800000,0x00000097df900000) (1024K)]
  0x0000026685d22fe0 JavaThread "Unconstrained build operations Thread 17"        [_thread_blocked, id=1612, stack(0x00000097df900000,0x00000097dfa00000) (1024K)]
  0x0000026685d21c30 JavaThread "Unconstrained build operations Thread 18"        [_thread_blocked, id=8804, stack(0x00000097dfa00000,0x00000097dfb00000) (1024K)]
  0x0000026685d250b0 JavaThread "Unconstrained build operations Thread 19"        [_thread_blocked, id=16840, stack(0x00000097dfb00000,0x00000097dfc00000) (1024K)]
  0x0000026685d23670 JavaThread "Unconstrained build operations Thread 20"        [_thread_blocked, id=3656, stack(0x00000097dfc00000,0x00000097dfd00000) (1024K)]
  0x0000026685d24390 JavaThread "Unconstrained build operations Thread 21"        [_thread_blocked, id=9240, stack(0x00000097dfd00000,0x00000097dfe00000) (1024K)]
Total: 66

Other Threads:
  0x00000266fcb96490 VMThread "VM Thread"                           [id=23564, stack(0x00000097db100000,0x00000097db200000) (1024K)]
  0x00000266fcb87420 WatcherThread "VM Periodic Task Thread"        [id=2872, stack(0x00000097db000000,0x00000097db100000) (1024K)]
  0x00000266e6519540 WorkerThread "GC Thread#0"                     [id=18452, stack(0x00000097dab00000,0x00000097dac00000) (1024K)]
  0x00000266fcb976b0 WorkerThread "GC Thread#1"                     [id=17076, stack(0x00000097dbe00000,0x00000097dbf00000) (1024K)]
  0x00000266fcb97310 WorkerThread "GC Thread#2"                     [id=4296, stack(0x00000097dbf00000,0x00000097dc000000) (1024K)]
  0x00000266fcb96830 WorkerThread "GC Thread#3"                     [id=1264, stack(0x00000097dc000000,0x00000097dc100000) (1024K)]
  0x00000266fcb96f70 WorkerThread "GC Thread#4"                     [id=23320, stack(0x00000097dc100000,0x00000097dc200000) (1024K)]
  0x00000266fcb97a50 WorkerThread "GC Thread#5"                     [id=7996, stack(0x00000097dbd00000,0x00000097dbe00000) (1024K)]
  0x00000266fe9bfdd0 WorkerThread "GC Thread#6"                     [id=4344, stack(0x00000097dca00000,0x00000097dcb00000) (1024K)]
  0x00000266fe9c0510 WorkerThread "GC Thread#7"                     [id=11364, stack(0x00000097dcb00000,0x00000097dcc00000) (1024K)]
  0x00000266fe9c1730 WorkerThread "GC Thread#8"                     [id=22516, stack(0x00000097dcc00000,0x00000097dcd00000) (1024K)]
  0x00000266fe9c1e70 WorkerThread "GC Thread#9"                     [id=24856, stack(0x00000097dcd00000,0x00000097dce00000) (1024K)]
  0x00000266e6521260 ConcurrentGCThread "G1 Main Marker"            [id=4716, stack(0x00000097dac00000,0x00000097dad00000) (1024K)]
  0x00000266e419cff0 WorkerThread "G1 Conc#0"                       [id=25492, stack(0x00000097dad00000,0x00000097dae00000) (1024K)]
  0x00000266fe9c2210 WorkerThread "G1 Conc#1"                       [id=13736, stack(0x00000097dce00000,0x00000097dcf00000) (1024K)]
  0x00000266fe9bebb0 WorkerThread "G1 Conc#2"                       [id=21332, stack(0x00000097dcf00000,0x00000097dd000000) (1024K)]
  0x00000266fca59100 ConcurrentGCThread "G1 Refine#0"               [id=3248, stack(0x00000097dae00000,0x00000097daf00000) (1024K)]
  0x00000266fca5a930 ConcurrentGCThread "G1 Service"                [id=6076, stack(0x00000097daf00000,0x00000097db000000) (1024K)]
Total: 18

Threads with active compile tasks:
C2 CompilerThread0  8643 6890       4       groovyjarjarantlr4.v4.runtime.atn.ParserATNSimulator::isConflicted (860 bytes)
C2 CompilerThread1  8643 7227       4       org.objectweb.asm.Type::getInternalName (16 bytes)
Total: 2

VM state: not at safepoint (normal execution)

VM Mutex/Monitor currently owned by a thread:  ([mutex/lock_event])
[0x00007ff8c86efe68] CompiledIC_lock - owner thread: 0x0000000000000000

Heap address: 0x00000000c0000000, size: 1024 MB, Compressed Oops mode: 32-bit

CDS archive(s) not mapped
Compressed class space mapped at: 0x0000000100000000-0x0000000140000000, reserved size: 1073741824
Narrow klass base: 0x0000000000000000, Narrow klass shift: 3, Narrow klass range: 0x140000000

GC Precious Log:
 CardTable entry size: 512
 Card Set container configuration: InlinePtr #cards 5 size 8 Array Of Cards #cards 12 size 40 Howl #buckets 4 coarsen threshold 1843 Howl Bitmap #cards 512 size 80 coarsen threshold 460 Card regions per heap region 1 cards per card region 2048
 CPUs: 12 total, 12 available
 Memory: 7876M
 Large Page Support: Disabled
 NUMA Support: Disabled
 Compressed Oops: Enabled (32-bit)
 Heap Region Size: 1M
 Heap Min Capacity: 8M
 Heap Initial Capacity: 124M
 Heap Max Capacity: 1G
 Pre-touch: Disabled
 Parallel Workers: 10
 Concurrent Workers: 3
 Concurrent Refinement Workers: 10
 Periodic GC: Disabled

Heap:
 garbage-first heap   total 172032K, used 143750K [0x00000000c0000000, 0x0000000100000000)
  region size 1024K, 59 young (60416K), 9 survivors (9216K)
 Metaspace       used 64247K, committed 65728K, reserved 1114112K
  class space    used 8890K, committed 9600K, reserved 1048576K

Heap Regions: E=young(eden), S=young(survivor), O=old, HS=humongous(starts), HC=humongous(continues), CS=collection set, F=free, TAMS=top-at-mark-start, PB=parsable bottom
|   0|0x00000000c0000000, 0x00000000c0100000, 0x00000000c0100000|100%|HS|  |TAMS 0x00000000c0000000| PB 0x00000000c0000000| Complete 
|   1|0x00000000c0100000, 0x00000000c0200000, 0x00000000c0200000|100%|HC|  |TAMS 0x00000000c0100000| PB 0x00000000c0100000| Complete 
|   2|0x00000000c0200000, 0x00000000c0300000, 0x00000000c0300000|100%|HC|  |TAMS 0x00000000c0200000| PB 0x00000000c0200000| Complete 
|   3|0x00000000c0300000, 0x00000000c0400000, 0x00000000c0400000|100%| O|  |TAMS 0x00000000c0300000| PB 0x00000000c0300000| Untracked 
|   4|0x00000000c0400000, 0x00000000c0500000, 0x00000000c0500000|100%| O|  |TAMS 0x00000000c0400000| PB 0x00000000c0400000| Untracked 
|   5|0x00000000c0500000, 0x00000000c0600000, 0x00000000c0600000|100%| O|  |TAMS 0x00000000c0500000| PB 0x00000000c0500000| Untracked 
|   6|0x00000000c0600000, 0x00000000c0700000, 0x00000000c0700000|100%|HS|  |TAMS 0x00000000c0600000| PB 0x00000000c0600000| Complete 
|   7|0x00000000c0700000, 0x00000000c0800000, 0x00000000c0800000|100%| O|  |TAMS 0x00000000c0700000| PB 0x00000000c0700000| Untracked 
|   8|0x00000000c0800000, 0x00000000c0900000, 0x00000000c0900000|100%| O|  |TAMS 0x00000000c0800000| PB 0x00000000c0800000| Untracked 
|   9|0x00000000c0900000, 0x00000000c0a00000, 0x00000000c0a00000|100%| O|  |TAMS 0x00000000c0900000| PB 0x00000000c0900000| Untracked 
|  10|0x00000000c0a00000, 0x00000000c0b00000, 0x00000000c0b00000|100%| O|  |TAMS 0x00000000c0a00000| PB 0x00000000c0a00000| Untracked 
|  11|0x00000000c0b00000, 0x00000000c0c00000, 0x00000000c0c00000|100%| O|  |TAMS 0x00000000c0b00000| PB 0x00000000c0b00000| Untracked 
|  12|0x00000000c0c00000, 0x00000000c0d00000, 0x00000000c0d00000|100%| O|  |TAMS 0x00000000c0c00000| PB 0x00000000c0c00000| Untracked 
|  13|0x00000000c0d00000, 0x00000000c0e00000, 0x00000000c0e00000|100%| O|  |TAMS 0x00000000c0d00000| PB 0x00000000c0d00000| Untracked 
|  14|0x00000000c0e00000, 0x00000000c0f00000, 0x00000000c0f00000|100%| O|  |TAMS 0x00000000c0e00000| PB 0x00000000c0e00000| Untracked 
|  15|0x00000000c0f00000, 0x00000000c1000000, 0x00000000c1000000|100%| O|  |TAMS 0x00000000c0f00000| PB 0x00000000c0f00000| Untracked 
|  16|0x00000000c1000000, 0x00000000c1100000, 0x00000000c1100000|100%| O|  |TAMS 0x00000000c1000000| PB 0x00000000c1000000| Untracked 
|  17|0x00000000c1100000, 0x00000000c1200000, 0x00000000c1200000|100%|HS|  |TAMS 0x00000000c1100000| PB 0x00000000c1100000| Complete 
|  18|0x00000000c1200000, 0x00000000c1300000, 0x00000000c1300000|100%|HC|  |TAMS 0x00000000c1200000| PB 0x00000000c1200000| Complete 
|  19|0x00000000c1300000, 0x00000000c1400000, 0x00000000c1400000|100%|HC|  |TAMS 0x00000000c1300000| PB 0x00000000c1300000| Complete 
|  20|0x00000000c1400000, 0x00000000c1500000, 0x00000000c1500000|100%|HC|  |TAMS 0x00000000c1400000| PB 0x00000000c1400000| Complete 
|  21|0x00000000c1500000, 0x00000000c1600000, 0x00000000c1600000|100%|HC|  |TAMS 0x00000000c1500000| PB 0x00000000c1500000| Complete 
|  22|0x00000000c1600000, 0x00000000c1700000, 0x00000000c1700000|100%|HC|  |TAMS 0x00000000c1600000| PB 0x00000000c1600000| Complete 
|  23|0x00000000c1700000, 0x00000000c1800000, 0x00000000c1800000|100%|HS|  |TAMS 0x00000000c1700000| PB 0x00000000c1700000| Complete 
|  24|0x00000000c1800000, 0x00000000c1900000, 0x00000000c1900000|100%|HS|  |TAMS 0x00000000c1800000| PB 0x00000000c1800000| Complete 
|  25|0x00000000c1900000, 0x00000000c1a00000, 0x00000000c1a00000|100%|HC|  |TAMS 0x00000000c1900000| PB 0x00000000c1900000| Complete 
|  26|0x00000000c1a00000, 0x00000000c1b00000, 0x00000000c1b00000|100%|HC|  |TAMS 0x00000000c1a00000| PB 0x00000000c1a00000| Complete 
|  27|0x00000000c1b00000, 0x00000000c1c00000, 0x00000000c1c00000|100%|HC|  |TAMS 0x00000000c1b00000| PB 0x00000000c1b00000| Complete 
|  28|0x00000000c1c00000, 0x00000000c1d00000, 0x00000000c1d00000|100%|HS|  |TAMS 0x00000000c1c00000| PB 0x00000000c1c00000| Complete 
|  29|0x00000000c1d00000, 0x00000000c1e00000, 0x00000000c1e00000|100%|HC|  |TAMS 0x00000000c1d00000| PB 0x00000000c1d00000| Complete 
|  30|0x00000000c1e00000, 0x00000000c1f00000, 0x00000000c1f00000|100%|HS|  |TAMS 0x00000000c1e00000| PB 0x00000000c1e00000| Complete 
|  31|0x00000000c1f00000, 0x00000000c2000000, 0x00000000c2000000|100%|HS|  |TAMS 0x00000000c1f00000| PB 0x00000000c1f00000| Complete 
|  32|0x00000000c2000000, 0x00000000c2100000, 0x00000000c2100000|100%|HC|  |TAMS 0x00000000c2000000| PB 0x00000000c2000000| Complete 
|  33|0x00000000c2100000, 0x00000000c2200000, 0x00000000c2200000|100%|HC|  |TAMS 0x00000000c2100000| PB 0x00000000c2100000| Complete 
|  34|0x00000000c2200000, 0x00000000c2300000, 0x00000000c2300000|100%|HC|  |TAMS 0x00000000c2200000| PB 0x00000000c2200000| Complete 
|  35|0x00000000c2300000, 0x00000000c2400000, 0x00000000c2400000|100%|HC|  |TAMS 0x00000000c2300000| PB 0x00000000c2300000| Complete 
|  36|0x00000000c2400000, 0x00000000c2500000, 0x00000000c2500000|100%|HC|  |TAMS 0x00000000c2400000| PB 0x00000000c2400000| Complete 
|  37|0x00000000c2500000, 0x00000000c2600000, 0x00000000c2600000|100%|HS|  |TAMS 0x00000000c2500000| PB 0x00000000c2500000| Complete 
|  38|0x00000000c2600000, 0x00000000c2700000, 0x00000000c2700000|100%|HS|  |TAMS 0x00000000c2600000| PB 0x00000000c2600000| Complete 
|  39|0x00000000c2700000, 0x00000000c2800000, 0x00000000c2800000|100%|HC|  |TAMS 0x00000000c2700000| PB 0x00000000c2700000| Complete 
|  40|0x00000000c2800000, 0x00000000c2900000, 0x00000000c2900000|100%|HC|  |TAMS 0x00000000c2800000| PB 0x00000000c2800000| Complete 
|  41|0x00000000c2900000, 0x00000000c2a00000, 0x00000000c2a00000|100%|HC|  |TAMS 0x00000000c2900000| PB 0x00000000c2900000| Complete 
|  42|0x00000000c2a00000, 0x00000000c2b00000, 0x00000000c2b00000|100%|HS|  |TAMS 0x00000000c2a00000| PB 0x00000000c2a00000| Complete 
|  43|0x00000000c2b00000, 0x00000000c2c00000, 0x00000000c2c00000|100%|HC|  |TAMS 0x00000000c2b00000| PB 0x00000000c2b00000| Complete 
|  44|0x00000000c2c00000, 0x00000000c2d00000, 0x00000000c2d00000|100%|HS|  |TAMS 0x00000000c2c00000| PB 0x00000000c2c00000| Complete 
|  45|0x00000000c2d00000, 0x00000000c2e00000, 0x00000000c2e00000|100%| O|  |TAMS 0x00000000c2d00000| PB 0x00000000c2d00000| Untracked 
|  46|0x00000000c2e00000, 0x00000000c2f00000, 0x00000000c2f00000|100%| O|  |TAMS 0x00000000c2e00000| PB 0x00000000c2e00000| Untracked 
|  47|0x00000000c2f00000, 0x00000000c3000000, 0x00000000c3000000|100%| O|  |TAMS 0x00000000c2f00000| PB 0x00000000c2f00000| Untracked 
|  48|0x00000000c3000000, 0x00000000c3100000, 0x00000000c3100000|100%| O|  |TAMS 0x00000000c3000000| PB 0x00000000c3000000| Untracked 
|  49|0x00000000c3100000, 0x00000000c3200000, 0x00000000c3200000|100%| O|  |TAMS 0x00000000c3100000| PB 0x00000000c3100000| Untracked 
|  50|0x00000000c3200000, 0x00000000c3300000, 0x00000000c3300000|100%| O|  |TAMS 0x00000000c3200000| PB 0x00000000c3200000| Untracked 
|  51|0x00000000c3300000, 0x00000000c3400000, 0x00000000c3400000|100%|HS|  |TAMS 0x00000000c3300000| PB 0x00000000c3300000| Complete 
|  52|0x00000000c3400000, 0x00000000c3500000, 0x00000000c3500000|100%| O|  |TAMS 0x00000000c3400000| PB 0x00000000c3400000| Untracked 
|  53|0x00000000c3500000, 0x00000000c3600000, 0x00000000c3600000|100%| O|  |TAMS 0x00000000c3500000| PB 0x00000000c3500000| Untracked 
|  54|0x00000000c3600000, 0x00000000c3700000, 0x00000000c3700000|100%| O|  |TAMS 0x00000000c3600000| PB 0x00000000c3600000| Untracked 
|  55|0x00000000c3700000, 0x00000000c3800000, 0x00000000c3800000|100%| O|  |TAMS 0x00000000c3700000| PB 0x00000000c3700000| Untracked 
|  56|0x00000000c3800000, 0x00000000c3900000, 0x00000000c3900000|100%| O|  |TAMS 0x00000000c3800000| PB 0x00000000c3800000| Untracked 
|  57|0x00000000c3900000, 0x00000000c3a00000, 0x00000000c3a00000|100%| O|  |TAMS 0x00000000c3900000| PB 0x00000000c3900000| Untracked 
|  58|0x00000000c3a00000, 0x00000000c3b00000, 0x00000000c3b00000|100%| O|  |TAMS 0x00000000c3a00000| PB 0x00000000c3a00000| Untracked 
|  59|0x00000000c3b00000, 0x00000000c3c00000, 0x00000000c3c00000|100%| O|  |TAMS 0x00000000c3b00000| PB 0x00000000c3b00000| Untracked 
|  60|0x00000000c3c00000, 0x00000000c3d00000, 0x00000000c3d00000|100%| O|  |TAMS 0x00000000c3c00000| PB 0x00000000c3c00000| Untracked 
|  61|0x00000000c3d00000, 0x00000000c3e00000, 0x00000000c3e00000|100%| O|  |TAMS 0x00000000c3d00000| PB 0x00000000c3d00000| Untracked 
|  62|0x00000000c3e00000, 0x00000000c3f00000, 0x00000000c3f00000|100%|HS|  |TAMS 0x00000000c3e00000| PB 0x00000000c3e00000| Complete 
|  63|0x00000000c3f00000, 0x00000000c4000000, 0x00000000c4000000|100%|HC|  |TAMS 0x00000000c3f00000| PB 0x00000000c3f00000| Complete 
|  64|0x00000000c4000000, 0x00000000c4100000, 0x00000000c4100000|100%| O|  |TAMS 0x00000000c4000000| PB 0x00000000c4000000| Untracked 
|  65|0x00000000c4100000, 0x00000000c4200000, 0x00000000c4200000|100%| O|  |TAMS 0x00000000c4100000| PB 0x00000000c4100000| Untracked 
|  66|0x00000000c4200000, 0x00000000c4300000, 0x00000000c4300000|100%| O|  |TAMS 0x00000000c4200000| PB 0x00000000c4200000| Untracked 
|  67|0x00000000c4300000, 0x00000000c4400000, 0x00000000c4400000|100%| O|  |TAMS 0x00000000c4300000| PB 0x00000000c4300000| Untracked 
|  68|0x00000000c4400000, 0x00000000c4500000, 0x00000000c4500000|100%| O|  |TAMS 0x00000000c4400000| PB 0x00000000c4400000| Untracked 
|  69|0x00000000c4500000, 0x00000000c459eb08, 0x00000000c4600000| 61%| O|  |TAMS 0x00000000c4500000| PB 0x00000000c4500000| Untracked 
|  70|0x00000000c4600000, 0x00000000c4700000, 0x00000000c4700000|100%|HS|  |TAMS 0x00000000c4600000| PB 0x00000000c4600000| Complete 
|  71|0x00000000c4700000, 0x00000000c4800000, 0x00000000c4800000|100%|HC|  |TAMS 0x00000000c4700000| PB 0x00000000c4700000| Complete 
|  72|0x00000000c4800000, 0x00000000c4900000, 0x00000000c4900000|100%|HC|  |TAMS 0x00000000c4800000| PB 0x00000000c4800000| Complete 
|  73|0x00000000c4900000, 0x00000000c4a00000, 0x00000000c4a00000|100%|HC|  |TAMS 0x00000000c4900000| PB 0x00000000c4900000| Complete 
|  74|0x00000000c4a00000, 0x00000000c4b00000, 0x00000000c4b00000|100%|HC|  |TAMS 0x00000000c4a00000| PB 0x00000000c4a00000| Complete 
|  75|0x00000000c4b00000, 0x00000000c4c00000, 0x00000000c4c00000|100%|HC|  |TAMS 0x00000000c4b00000| PB 0x00000000c4b00000| Complete 
|  76|0x00000000c4c00000, 0x00000000c4c00000, 0x00000000c4d00000|  0%| F|  |TAMS 0x00000000c4c00000| PB 0x00000000c4c00000| Untracked 
|  77|0x00000000c4d00000, 0x00000000c4d00000, 0x00000000c4e00000|  0%| F|  |TAMS 0x00000000c4d00000| PB 0x00000000c4d00000| Untracked 
|  78|0x00000000c4e00000, 0x00000000c4e00000, 0x00000000c4f00000|  0%| F|  |TAMS 0x00000000c4e00000| PB 0x00000000c4e00000| Untracked 
|  79|0x00000000c4f00000, 0x00000000c4f00000, 0x00000000c5000000|  0%| F|  |TAMS 0x00000000c4f00000| PB 0x00000000c4f00000| Untracked 
|  80|0x00000000c5000000, 0x00000000c5100000, 0x00000000c5100000|100%| S|CS|TAMS 0x00000000c5000000| PB 0x00000000c5000000| Complete 
|  81|0x00000000c5100000, 0x00000000c5200000, 0x00000000c5200000|100%| S|CS|TAMS 0x00000000c5100000| PB 0x00000000c5100000| Complete 
|  82|0x00000000c5200000, 0x00000000c5300000, 0x00000000c5300000|100%| S|CS|TAMS 0x00000000c5200000| PB 0x00000000c5200000| Complete 
|  83|0x00000000c5300000, 0x00000000c5400000, 0x00000000c5400000|100%| S|CS|TAMS 0x00000000c5300000| PB 0x00000000c5300000| Complete 
|  84|0x00000000c5400000, 0x00000000c5500000, 0x00000000c5500000|100%| S|CS|TAMS 0x00000000c5400000| PB 0x00000000c5400000| Complete 
|  85|0x00000000c5500000, 0x00000000c5600000, 0x00000000c5600000|100%| S|CS|TAMS 0x00000000c5500000| PB 0x00000000c5500000| Complete 
|  86|0x00000000c5600000, 0x00000000c5600000, 0x00000000c5700000|  0%| F|  |TAMS 0x00000000c5600000| PB 0x00000000c5600000| Untracked 
|  87|0x00000000c5700000, 0x00000000c5700000, 0x00000000c5800000|  0%| F|  |TAMS 0x00000000c5700000| PB 0x00000000c5700000| Untracked 
|  88|0x00000000c5800000, 0x00000000c5800000, 0x00000000c5900000|  0%| F|  |TAMS 0x00000000c5800000| PB 0x00000000c5800000| Untracked 
|  89|0x00000000c5900000, 0x00000000c5900000, 0x00000000c5a00000|  0%| F|  |TAMS 0x00000000c5900000| PB 0x00000000c5900000| Untracked 
|  90|0x00000000c5a00000, 0x00000000c5a00000, 0x00000000c5b00000|  0%| F|  |TAMS 0x00000000c5a00000| PB 0x00000000c5a00000| Untracked 
|  91|0x00000000c5b00000, 0x00000000c5b00000, 0x00000000c5c00000|  0%| F|  |TAMS 0x00000000c5b00000| PB 0x00000000c5b00000| Untracked 
|  92|0x00000000c5c00000, 0x00000000c5c00000, 0x00000000c5d00000|  0%| F|  |TAMS 0x00000000c5c00000| PB 0x00000000c5c00000| Untracked 
|  93|0x00000000c5d00000, 0x00000000c5d00000, 0x00000000c5e00000|  0%| F|  |TAMS 0x00000000c5d00000| PB 0x00000000c5d00000| Untracked 
|  94|0x00000000c5e00000, 0x00000000c5e00000, 0x00000000c5f00000|  0%| F|  |TAMS 0x00000000c5e00000| PB 0x00000000c5e00000| Untracked 
|  95|0x00000000c5f00000, 0x00000000c5f00000, 0x00000000c6000000|  0%| F|  |TAMS 0x00000000c5f00000| PB 0x00000000c5f00000| Untracked 
|  96|0x00000000c6000000, 0x00000000c6000000, 0x00000000c6100000|  0%| F|  |TAMS 0x00000000c6000000| PB 0x00000000c6000000| Untracked 
|  97|0x00000000c6100000, 0x00000000c6100000, 0x00000000c6200000|  0%| F|  |TAMS 0x00000000c6100000| PB 0x00000000c6100000| Untracked 
|  98|0x00000000c6200000, 0x00000000c6200000, 0x00000000c6300000|  0%| F|  |TAMS 0x00000000c6200000| PB 0x00000000c6200000| Untracked 
|  99|0x00000000c6300000, 0x00000000c6300000, 0x00000000c6400000|  0%| F|  |TAMS 0x00000000c6300000| PB 0x00000000c6300000| Untracked 
| 100|0x00000000c6400000, 0x00000000c6400000, 0x00000000c6500000|  0%| F|  |TAMS 0x00000000c6400000| PB 0x00000000c6400000| Untracked 
| 101|0x00000000c6500000, 0x00000000c6500000, 0x00000000c6600000|  0%| F|  |TAMS 0x00000000c6500000| PB 0x00000000c6500000| Untracked 
| 102|0x00000000c6600000, 0x00000000c6600000, 0x00000000c6700000|  0%| F|  |TAMS 0x00000000c6600000| PB 0x00000000c6600000| Untracked 
| 103|0x00000000c6700000, 0x00000000c6700000, 0x00000000c6800000|  0%| F|  |TAMS 0x00000000c6700000| PB 0x00000000c6700000| Untracked 
| 104|0x00000000c6800000, 0x00000000c6800000, 0x00000000c6900000|  0%| F|  |TAMS 0x00000000c6800000| PB 0x00000000c6800000| Untracked 
| 105|0x00000000c6900000, 0x00000000c6900000, 0x00000000c6a00000|  0%| F|  |TAMS 0x00000000c6900000| PB 0x00000000c6900000| Untracked 
| 106|0x00000000c6a00000, 0x00000000c6a00000, 0x00000000c6b00000|  0%| F|  |TAMS 0x00000000c6a00000| PB 0x00000000c6a00000| Untracked 
| 107|0x00000000c6b00000, 0x00000000c6b80000, 0x00000000c6c00000| 50%| E|  |TAMS 0x00000000c6b00000| PB 0x00000000c6b00000| Complete 
| 108|0x00000000c6c00000, 0x00000000c6d00000, 0x00000000c6d00000|100%| E|CS|TAMS 0x00000000c6c00000| PB 0x00000000c6c00000| Complete 
| 109|0x00000000c6d00000, 0x00000000c6e00000, 0x00000000c6e00000|100%| E|CS|TAMS 0x00000000c6d00000| PB 0x00000000c6d00000| Complete 
| 110|0x00000000c6e00000, 0x00000000c6f00000, 0x00000000c6f00000|100%| E|CS|TAMS 0x00000000c6e00000| PB 0x00000000c6e00000| Complete 
| 111|0x00000000c6f00000, 0x00000000c7000000, 0x00000000c7000000|100%| E|CS|TAMS 0x00000000c6f00000| PB 0x00000000c6f00000| Complete 
| 112|0x00000000c7000000, 0x00000000c7100000, 0x00000000c7100000|100%| E|CS|TAMS 0x00000000c7000000| PB 0x00000000c7000000| Complete 
| 113|0x00000000c7100000, 0x00000000c7200000, 0x00000000c7200000|100%| E|CS|TAMS 0x00000000c7100000| PB 0x00000000c7100000| Complete 
| 114|0x00000000c7200000, 0x00000000c7300000, 0x00000000c7300000|100%| E|CS|TAMS 0x00000000c7200000| PB 0x00000000c7200000| Complete 
| 115|0x00000000c7300000, 0x00000000c7400000, 0x00000000c7400000|100%| E|CS|TAMS 0x00000000c7300000| PB 0x00000000c7300000| Complete 
| 116|0x00000000c7400000, 0x00000000c7500000, 0x00000000c7500000|100%| E|CS|TAMS 0x00000000c7400000| PB 0x00000000c7400000| Complete 
| 117|0x00000000c7500000, 0x00000000c7600000, 0x00000000c7600000|100%| E|CS|TAMS 0x00000000c7500000| PB 0x00000000c7500000| Complete 
| 118|0x00000000c7600000, 0x00000000c7700000, 0x00000000c7700000|100%| E|CS|TAMS 0x00000000c7600000| PB 0x00000000c7600000| Complete 
| 119|0x00000000c7700000, 0x00000000c7800000, 0x00000000c7800000|100%| E|CS|TAMS 0x00000000c7700000| PB 0x00000000c7700000| Complete 
| 120|0x00000000c7800000, 0x00000000c7900000, 0x00000000c7900000|100%| E|CS|TAMS 0x00000000c7800000| PB 0x00000000c7800000| Complete 
| 121|0x00000000c7900000, 0x00000000c7a00000, 0x00000000c7a00000|100%| E|CS|TAMS 0x00000000c7900000| PB 0x00000000c7900000| Complete 
| 122|0x00000000c7a00000, 0x00000000c7b00000, 0x00000000c7b00000|100%| E|CS|TAMS 0x00000000c7a00000| PB 0x00000000c7a00000| Complete 
| 123|0x00000000c7b00000, 0x00000000c7c00000, 0x00000000c7c00000|100%| E|CS|TAMS 0x00000000c7b00000| PB 0x00000000c7b00000| Complete 
| 124|0x00000000c7c00000, 0x00000000c7d00000, 0x00000000c7d00000|100%| E|CS|TAMS 0x00000000c7c00000| PB 0x00000000c7c00000| Complete 
| 125|0x00000000c7d00000, 0x00000000c7e00000, 0x00000000c7e00000|100%| E|CS|TAMS 0x00000000c7d00000| PB 0x00000000c7d00000| Complete 
| 126|0x00000000c7e00000, 0x00000000c7f00000, 0x00000000c7f00000|100%| E|CS|TAMS 0x00000000c7e00000| PB 0x00000000c7e00000| Complete 
| 127|0x00000000c7f00000, 0x00000000c8000000, 0x00000000c8000000|100%| E|CS|TAMS 0x00000000c7f00000| PB 0x00000000c7f00000| Complete 
| 128|0x00000000c8000000, 0x00000000c8100000, 0x00000000c8100000|100%| E|CS|TAMS 0x00000000c8000000| PB 0x00000000c8000000| Complete 
| 129|0x00000000c8100000, 0x00000000c8200000, 0x00000000c8200000|100%| E|CS|TAMS 0x00000000c8100000| PB 0x00000000c8100000| Complete 
| 130|0x00000000c8200000, 0x00000000c8300000, 0x00000000c8300000|100%| E|CS|TAMS 0x00000000c8200000| PB 0x00000000c8200000| Complete 
| 131|0x00000000c8300000, 0x00000000c8400000, 0x00000000c8400000|100%| E|CS|TAMS 0x00000000c8300000| PB 0x00000000c8300000| Complete 
| 132|0x00000000c8400000, 0x00000000c8500000, 0x00000000c8500000|100%| E|CS|TAMS 0x00000000c8400000| PB 0x00000000c8400000| Complete 
| 133|0x00000000c8500000, 0x00000000c8600000, 0x00000000c8600000|100%| E|CS|TAMS 0x00000000c8500000| PB 0x00000000c8500000| Complete 
| 134|0x00000000c8600000, 0x00000000c8700000, 0x00000000c8700000|100%| E|CS|TAMS 0x00000000c8600000| PB 0x00000000c8600000| Complete 
| 135|0x00000000c8700000, 0x00000000c8800000, 0x00000000c8800000|100%| E|CS|TAMS 0x00000000c8700000| PB 0x00000000c8700000| Complete 
| 136|0x00000000c8800000, 0x00000000c8900000, 0x00000000c8900000|100%| E|CS|TAMS 0x00000000c8800000| PB 0x00000000c8800000| Complete 
| 137|0x00000000c8900000, 0x00000000c8a00000, 0x00000000c8a00000|100%| E|CS|TAMS 0x00000000c8900000| PB 0x00000000c8900000| Complete 
| 138|0x00000000c8a00000, 0x00000000c8b00000, 0x00000000c8b00000|100%| E|CS|TAMS 0x00000000c8a00000| PB 0x00000000c8a00000| Complete 
| 139|0x00000000c8b00000, 0x00000000c8c00000, 0x00000000c8c00000|100%| E|CS|TAMS 0x00000000c8b00000| PB 0x00000000c8b00000| Complete 
| 140|0x00000000c8c00000, 0x00000000c8d00000, 0x00000000c8d00000|100%| E|CS|TAMS 0x00000000c8c00000| PB 0x00000000c8c00000| Complete 
| 141|0x00000000c8d00000, 0x00000000c8e00000, 0x00000000c8e00000|100%| E|CS|TAMS 0x00000000c8d00000| PB 0x00000000c8d00000| Complete 
| 142|0x00000000c8e00000, 0x00000000c8f00000, 0x00000000c8f00000|100%| E|CS|TAMS 0x00000000c8e00000| PB 0x00000000c8e00000| Complete 
| 143|0x00000000c8f00000, 0x00000000c9000000, 0x00000000c9000000|100%| E|CS|TAMS 0x00000000c8f00000| PB 0x00000000c8f00000| Complete 
| 144|0x00000000c9000000, 0x00000000c9100000, 0x00000000c9100000|100%| E|CS|TAMS 0x00000000c9000000| PB 0x00000000c9000000| Complete 
| 145|0x00000000c9100000, 0x00000000c9200000, 0x00000000c9200000|100%| E|CS|TAMS 0x00000000c9100000| PB 0x00000000c9100000| Complete 
| 146|0x00000000c9200000, 0x00000000c9300000, 0x00000000c9300000|100%| E|CS|TAMS 0x00000000c9200000| PB 0x00000000c9200000| Complete 
| 147|0x00000000c9300000, 0x00000000c9400000, 0x00000000c9400000|100%| E|CS|TAMS 0x00000000c9300000| PB 0x00000000c9300000| Complete 
| 148|0x00000000c9400000, 0x00000000c9500000, 0x00000000c9500000|100%| E|CS|TAMS 0x00000000c9400000| PB 0x00000000c9400000| Complete 
| 149|0x00000000c9500000, 0x00000000c9600000, 0x00000000c9600000|100%| E|CS|TAMS 0x00000000c9500000| PB 0x00000000c9500000| Complete 
| 150|0x00000000c9600000, 0x00000000c9700000, 0x00000000c9700000|100%| E|CS|TAMS 0x00000000c9600000| PB 0x00000000c9600000| Complete 
| 151|0x00000000c9700000, 0x00000000c9800000, 0x00000000c9800000|100%| E|CS|TAMS 0x00000000c9700000| PB 0x00000000c9700000| Complete 
| 152|0x00000000c9800000, 0x00000000c9900000, 0x00000000c9900000|100%| E|CS|TAMS 0x00000000c9800000| PB 0x00000000c9800000| Complete 
| 153|0x00000000c9900000, 0x00000000c9a00000, 0x00000000c9a00000|100%| E|CS|TAMS 0x00000000c9900000| PB 0x00000000c9900000| Complete 
| 154|0x00000000c9a00000, 0x00000000c9b00000, 0x00000000c9b00000|100%| E|CS|TAMS 0x00000000c9a00000| PB 0x00000000c9a00000| Complete 
| 155|0x00000000c9b00000, 0x00000000c9c00000, 0x00000000c9c00000|100%| E|CS|TAMS 0x00000000c9b00000| PB 0x00000000c9b00000| Complete 
| 156|0x00000000c9c00000, 0x00000000c9d00000, 0x00000000c9d00000|100%| S|CS|TAMS 0x00000000c9c00000| PB 0x00000000c9c00000| Complete 
| 157|0x00000000c9d00000, 0x00000000c9e00000, 0x00000000c9e00000|100%| S|CS|TAMS 0x00000000c9d00000| PB 0x00000000c9d00000| Complete 
| 158|0x00000000c9e00000, 0x00000000c9ec2d30, 0x00000000c9f00000| 76%| S|CS|TAMS 0x00000000c9e00000| PB 0x00000000c9e00000| Complete 
|1015|0x00000000ff700000, 0x00000000ff800000, 0x00000000ff800000|100%| O|  |TAMS 0x00000000ff700000| PB 0x00000000ff700000| Untracked 
|1016|0x00000000ff800000, 0x00000000ff900000, 0x00000000ff900000|100%| O|  |TAMS 0x00000000ff800000| PB 0x00000000ff800000| Untracked 
|1017|0x00000000ff900000, 0x00000000ffa00000, 0x00000000ffa00000|100%| E|CS|TAMS 0x00000000ff900000| PB 0x00000000ff900000| Complete 
|1018|0x00000000ffa00000, 0x00000000ffb00000, 0x00000000ffb00000|100%| O|  |TAMS 0x00000000ffa00000| PB 0x00000000ffa00000| Untracked 
|1019|0x00000000ffb00000, 0x00000000ffc00000, 0x00000000ffc00000|100%| O|  |TAMS 0x00000000ffb00000| PB 0x00000000ffb00000| Untracked 
|1020|0x00000000ffc00000, 0x00000000ffd00000, 0x00000000ffd00000|100%| O|  |TAMS 0x00000000ffc00000| PB 0x00000000ffc00000| Untracked 
|1021|0x00000000ffd00000, 0x00000000ffe00000, 0x00000000ffe00000|100%| O|  |TAMS 0x00000000ffd00000| PB 0x00000000ffd00000| Untracked 
|1022|0x00000000ffe00000, 0x00000000fff00000, 0x00000000fff00000|100%| E|CS|TAMS 0x00000000ffe00000| PB 0x00000000ffe00000| Complete 
|1023|0x00000000fff00000, 0x0000000100000000, 0x0000000100000000|100%| O|  |TAMS 0x00000000fff00000| PB 0x00000000fff00000| Untracked 

Card table byte_map: [0x00000266f8d80000,0x00000266f8f80000] _byte_map_base: 0x00000266f8780000

Marking Bits: (CMBitMap*) 0x00000266e6519b50
 Bits: [0x00000266f8f80000, 0x00000266f9f80000)

Polling page: 0x00000266e44e0000

Metaspace:

Usage:
  Non-class:     54.06 MB used.
      Class:      8.68 MB used.
       Both:     62.74 MB used.

Virtual space:
  Non-class space:       64.00 MB reserved,      54.81 MB ( 86%) committed,  1 nodes.
      Class space:        1.00 GB reserved,       9.38 MB ( <1%) committed,  1 nodes.
             Both:        1.06 GB reserved,      64.19 MB (  6%) committed. 

Chunk freelists:
   Non-Class:  9.12 MB
       Class:  6.57 MB
        Both:  15.70 MB

MaxMetaspaceSize: unlimited
CompressedClassSpaceSize: 1.00 GB
Initial GC threshold: 21.00 MB
Current GC threshold: 100.88 MB
CDS: off
 - commit_granule_bytes: 65536.
 - commit_granule_words: 8192.
 - virtual_space_node_default_size: 8388608.
 - enlarge_chunks_in_place: 1.
 - use_allocation_guard: 0.


Internal statistics:

num_allocs_failed_limit: 6.
num_arena_births: 2790.
num_arena_deaths: 0.
num_vsnodes_births: 2.
num_vsnodes_deaths: 0.
num_space_committed: 1027.
num_space_uncommitted: 0.
num_chunks_returned_to_freelist: 6.
num_chunks_taken_from_freelist: 5383.
num_chunk_merges: 3.
num_chunk_splits: 3465.
num_chunks_enlarged: 2107.
num_inconsistent_stats: 0.

CodeHeap 'non-profiled nmethods': size=120000Kb used=3864Kb max_used=3864Kb free=116135Kb
 bounds [0x00000266f1100000, 0x00000266f14d0000, 0x00000266f8630000]
CodeHeap 'profiled nmethods': size=120000Kb used=11994Kb max_used=11994Kb free=108005Kb
 bounds [0x00000266e9630000, 0x00000266ea1f0000, 0x00000266f0b60000]
CodeHeap 'non-nmethods': size=5760Kb used=2719Kb max_used=2769Kb free=3040Kb
 bounds [0x00000266f0b60000, 0x00000266f0e20000, 0x00000266f1100000]
 total_blobs=7205 nmethods=6334 adapters=775
 compilation: enabled
              stopped_count=0, restarted_count=0
 full_count=0

Compilation events (20 events):
Event: 8.538 Thread 0x00000266fcdd9420 nmethod 7137 0x00000266ea1baa10 code [0x00000266ea1bac00, 0x00000266ea1bb140]
Event: 8.538 Thread 0x00000266fcdd9420 7140       3       java.util.Collections$EmptyList::toArray (5 bytes)
Event: 8.539 Thread 0x00000266fcdd9420 nmethod 7140 0x00000266ea1bb310 code [0x00000266ea1bb4a0, 0x00000266ea1bb638]
Event: 8.539 Thread 0x00000266fcdd9420 7141       1       org.codehaus.groovy.ast.FieldNode::getType (5 bytes)
Event: 8.539 Thread 0x00000266845a6bf0 nmethod 7102 0x00000266f14bd490 code [0x00000266f14bd620, 0x00000266f14bd6a8]
Event: 8.539 Thread 0x00000266fcdd9420 nmethod 7141 0x00000266f14bd790 code [0x00000266f14bd920, 0x00000266f14bd9e8]
Event: 8.539 Thread 0x00000266fcdd9420 7142       3       groovyjarjarasm.asm.MethodWriter::visitVarInsn (302 bytes)
Event: 8.539 Thread 0x00000266fcdd9420 nmethod 7142 0x00000266ea1bb710 code [0x00000266ea1bb980, 0x00000266ea1bc2e8]
Event: 8.539 Thread 0x00000266fcdd9420 7143       1       org.codehaus.groovy.classgen.asm.CompileStack::isLHS (5 bytes)
Event: 8.540 Thread 0x00000266fcdd9420 nmethod 7143 0x00000266f14bda90 code [0x00000266f14bdc20, 0x00000266f14bdcf0]
Event: 8.540 Thread 0x00000266fcdd9420 7144       1       org.codehaus.groovy.classgen.asm.BytecodeVariable::isHolder (5 bytes)
Event: 8.540 Thread 0x00000266fcdd9420 nmethod 7144 0x00000266f14bdd90 code [0x00000266f14bdf20, 0x00000266f14bdff0]
Event: 8.540 Thread 0x00000266fcdd9420 7146       3       org.codehaus.groovy.classgen.asm.util.TypeUtil::getDescriptionByType (107 bytes)
Event: 8.540 Thread 0x00000266fcdd9420 nmethod 7146 0x00000266ea1bc590 code [0x00000266ea1bc8e0, 0x00000266ea1bdaa8]
Event: 8.540 Thread 0x00000266fcdd9420 7148       3       groovyjarjarasm.asm.Type::getArgumentsAndReturnSizes (140 bytes)
Event: 8.599 Thread 0x00000266fcdd9420 nmethod 7148 0x00000266ea1be110 code [0x00000266ea1be4e0, 0x00000266ea1c0040]
Event: 8.599 Thread 0x00000266fcdd9420 7149       3       groovyjarjarasm.asm.Handler::getExceptionTableLength (21 bytes)
Event: 8.599 Thread 0x00000266fcdd9420 nmethod 7149 0x00000266ea1c0b10 code [0x00000266ea1c0cc0, 0x00000266ea1c0e58]
Event: 8.599 Thread 0x00000266fcdd9420 7150       1       groovyjarjarasm.asm.MethodWriter::hasAsmInstructions (5 bytes)
Event: 8.599 Thread 0x00000266fcdd9420 nmethod 7150 0x00000266f14be090 code [0x00000266f14be220, 0x00000266f14be2f0]

GC Heap History (20 events):
Event: 5.483 GC heap before
{Heap before GC invocations=11 (full 0):
 garbage-first heap   total 91136K, used 80758K [0x00000000c0000000, 0x0000000100000000)
  region size 1024K, 21 young (21504K), 2 survivors (2048K)
 Metaspace       used 44783K, committed 45760K, reserved 1114112K
  class space    used 6082K, committed 6528K, reserved 1048576K
}
Event: 5.487 GC heap after
{Heap after GC invocations=12 (full 0):
 garbage-first heap   total 109568K, used 64681K [0x00000000c0000000, 0x0000000100000000)
  region size 1024K, 3 young (3072K), 3 survivors (3072K)
 Metaspace       used 44783K, committed 45760K, reserved 1114112K
  class space    used 6082K, committed 6528K, reserved 1048576K
}
Event: 5.734 GC heap before
{Heap before GC invocations=13 (full 0):
 garbage-first heap   total 109568K, used 95401K [0x00000000c0000000, 0x0000000100000000)
  region size 1024K, 34 young (34816K), 3 survivors (3072K)
 Metaspace       used 46466K, committed 47488K, reserved 1114112K
  class space    used 6280K, committed 6784K, reserved 1048576K
}
Event: 5.740 GC heap after
{Heap after GC invocations=14 (full 0):
 garbage-first heap   total 109568K, used 68129K [0x00000000c0000000, 0x0000000100000000)
  region size 1024K, 5 young (5120K), 5 survivors (5120K)
 Metaspace       used 46466K, committed 47488K, reserved 1114112K
  class space    used 6280K, committed 6784K, reserved 1048576K
}
Event: 6.122 GC heap before
{Heap before GC invocations=14 (full 0):
 garbage-first heap   total 109568K, used 101921K [0x00000000c0000000, 0x0000000100000000)
  region size 1024K, 34 young (34816K), 5 survivors (5120K)
 Metaspace       used 50372K, committed 51584K, reserved 1114112K
  class space    used 6768K, committed 7360K, reserved 1048576K
}
Event: 6.127 GC heap after
{Heap after GC invocations=15 (full 0):
 garbage-first heap   total 111616K, used 70077K [0x00000000c0000000, 0x0000000100000000)
  region size 1024K, 5 young (5120K), 5 survivors (5120K)
 Metaspace       used 50372K, committed 51584K, reserved 1114112K
  class space    used 6768K, committed 7360K, reserved 1048576K
}
Event: 6.513 GC heap before
{Heap before GC invocations=15 (full 0):
 garbage-first heap   total 111616K, used 99773K [0x00000000c0000000, 0x0000000100000000)
  region size 1024K, 34 young (34816K), 5 survivors (5120K)
 Metaspace       used 53890K, committed 55360K, reserved 1114112K
  class space    used 7361K, committed 8064K, reserved 1048576K
}
Event: 6.518 GC heap after
{Heap after GC invocations=16 (full 0):
 garbage-first heap   total 111616K, used 71517K [0x00000000c0000000, 0x0000000100000000)
  region size 1024K, 4 young (4096K), 4 survivors (4096K)
 Metaspace       used 53890K, committed 55360K, reserved 1114112K
  class space    used 7361K, committed 8064K, reserved 1048576K
}
Event: 6.949 GC heap before
{Heap before GC invocations=17 (full 0):
 garbage-first heap   total 119808K, used 100189K [0x00000000c0000000, 0x0000000100000000)
  region size 1024K, 32 young (32768K), 4 survivors (4096K)
 Metaspace       used 56950K, committed 58368K, reserved 1114112K
  class space    used 7904K, committed 8576K, reserved 1048576K
}
Event: 6.954 GC heap after
{Heap after GC invocations=18 (full 0):
 garbage-first heap   total 119808K, used 74052K [0x00000000c0000000, 0x0000000100000000)
  region size 1024K, 4 young (4096K), 4 survivors (4096K)
 Metaspace       used 56950K, committed 58368K, reserved 1114112K
  class space    used 7904K, committed 8576K, reserved 1048576K
}
Event: 7.276 GC heap before
{Heap before GC invocations=18 (full 0):
 garbage-first heap   total 119808K, used 108868K [0x00000000c0000000, 0x0000000100000000)
  region size 1024K, 37 young (37888K), 4 survivors (4096K)
 Metaspace       used 60266K, committed 61824K, reserved 1114112K
  class space    used 8451K, committed 9216K, reserved 1048576K
}
Event: 7.282 GC heap after
{Heap after GC invocations=19 (full 0):
 garbage-first heap   total 119808K, used 77605K [0x00000000c0000000, 0x0000000100000000)
  region size 1024K, 5 young (5120K), 5 survivors (5120K)
 Metaspace       used 60266K, committed 61824K, reserved 1114112K
  class space    used 8451K, committed 9216K, reserved 1048576K
}
Event: 7.380 GC heap before
{Heap before GC invocations=19 (full 0):
 garbage-first heap   total 119808K, used 106277K [0x00000000c0000000, 0x0000000100000000)
  region size 1024K, 33 young (33792K), 5 survivors (5120K)
 Metaspace       used 60362K, committed 61888K, reserved 1114112K
  class space    used 8451K, committed 9216K, reserved 1048576K
}
Event: 7.386 GC heap after
{Heap after GC invocations=20 (full 0):
 garbage-first heap   total 119808K, used 79439K [0x00000000c0000000, 0x0000000100000000)
  region size 1024K, 5 young (5120K), 5 survivors (5120K)
 Metaspace       used 60362K, committed 61888K, reserved 1114112K
  class space    used 8451K, committed 9216K, reserved 1048576K
}
Event: 7.476 GC heap before
{Heap before GC invocations=21 (full 0):
 garbage-first heap   total 135168K, used 105039K [0x00000000c0000000, 0x0000000100000000)
  region size 1024K, 30 young (30720K), 5 survivors (5120K)
 Metaspace       used 60401K, committed 61952K, reserved 1114112K
  class space    used 8454K, committed 9216K, reserved 1048576K
}
Event: 7.479 GC heap after
{Heap after GC invocations=22 (full 0):
 garbage-first heap   total 135168K, used 80097K [0x00000000c0000000, 0x0000000100000000)
  region size 1024K, 3 young (3072K), 3 survivors (3072K)
 Metaspace       used 60401K, committed 61952K, reserved 1114112K
  class space    used 8454K, committed 9216K, reserved 1048576K
}
Event: 7.545 GC heap before
{Heap before GC invocations=22 (full 0):
 garbage-first heap   total 135168K, used 123105K [0x00000000c0000000, 0x0000000100000000)
  region size 1024K, 45 young (46080K), 3 survivors (3072K)
 Metaspace       used 60406K, committed 61952K, reserved 1114112K
  class space    used 8454K, committed 9216K, reserved 1048576K
}
Event: 7.551 GC heap after
{Heap after GC invocations=23 (full 0):
 garbage-first heap   total 168960K, used 80745K [0x00000000c0000000, 0x0000000100000000)
  region size 1024K, 4 young (4096K), 4 survivors (4096K)
 Metaspace       used 60406K, committed 61952K, reserved 1114112K
  class space    used 8454K, committed 9216K, reserved 1048576K
}
Event: 8.331 GC heap before
{Heap before GC invocations=23 (full 0):
 garbage-first heap   total 168960K, used 160617K [0x00000000c0000000, 0x0000000100000000)
  region size 1024K, 76 young (77824K), 4 survivors (4096K)
 Metaspace       used 63848K, committed 65344K, reserved 1114112K
  class space    used 8855K, committed 9600K, reserved 1048576K
}
Event: 8.339 GC heap after
{Heap after GC invocations=24 (full 0):
 garbage-first heap   total 172032K, used 93574K [0x00000000c0000000, 0x0000000100000000)
  region size 1024K, 9 young (9216K), 9 survivors (9216K)
 Metaspace       used 63848K, committed 65344K, reserved 1114112K
  class space    used 8855K, committed 9600K, reserved 1048576K
}

Dll operation events (3 events):
Event: 0.017 Loaded shared library C:\Program Files\Android\jbr\bin\java.dll
Event: 0.027 Loaded shared library C:\Program Files\Android\jbr\bin\zip.dll
Event: 1.002 Loaded shared library C:\Program Files\Android\jbr\bin\verify.dll

Deoptimization events (20 events):
Event: 8.390 Thread 0x00000266feb4b3c0 DEOPT PACKING pc=0x00000266e9f90995 sp=0x00000097dc8f5900
Event: 8.390 Thread 0x00000266feb4b3c0 DEOPT UNPACKING pc=0x00000266f0bb4e42 sp=0x00000097dc8f4e38 mode 0
Event: 8.394 Thread 0x00000266feb4b3c0 DEOPT PACKING pc=0x00000266e9f909b6 sp=0x00000097dc8f5900
Event: 8.394 Thread 0x00000266feb4b3c0 DEOPT UNPACKING pc=0x00000266f0bb4e42 sp=0x00000097dc8f4e38 mode 0
Event: 8.413 Thread 0x00000266feb4b3c0 DEOPT PACKING pc=0x00000266e9b47d02 sp=0x00000097dc8f4b60
Event: 8.413 Thread 0x00000266feb4b3c0 DEOPT UNPACKING pc=0x00000266f0bb4e42 sp=0x00000097dc8f40a8 mode 0
Event: 8.422 Thread 0x00000266feb4b3c0 DEOPT PACKING pc=0x00000266e9b47d02 sp=0x00000097dc8f4790
Event: 8.422 Thread 0x00000266feb4b3c0 DEOPT UNPACKING pc=0x00000266f0bb4e42 sp=0x00000097dc8f3cd8 mode 0
Event: 8.442 Thread 0x00000266feb4b3c0 Uncommon trap: trap_request=0xffffff45 fr.pc=0x00000266f113552c relative=0x000000000000074c
Event: 8.442 Thread 0x00000266feb4b3c0 Uncommon trap: reason=unstable_if action=reinterpret pc=0x00000266f113552c method=java.net.URI.percentNormalizedComparison(Ljava/lang/String;Ljava/lang/String;Z)I @ 21 c2
Event: 8.442 Thread 0x00000266feb4b3c0 DEOPT PACKING pc=0x00000266f113552c sp=0x00000097dc8f62c0
Event: 8.442 Thread 0x00000266feb4b3c0 DEOPT UNPACKING pc=0x00000266f0bb46a2 sp=0x00000097dc8f6230 mode 2
Event: 8.477 Thread 0x00000266feb4b3c0 Uncommon trap: trap_request=0xffffff45 fr.pc=0x00000266f11d9910 relative=0x0000000000000070
Event: 8.477 Thread 0x00000266feb4b3c0 Uncommon trap: reason=unstable_if action=reinterpret pc=0x00000266f11d9910 method=java.lang.ref.ReferenceQueue.poll()Ljava/lang/ref/Reference; @ 4 c2
Event: 8.477 Thread 0x00000266feb4b3c0 DEOPT PACKING pc=0x00000266f11d9910 sp=0x00000097dc8f5540
Event: 8.477 Thread 0x00000266feb4b3c0 DEOPT UNPACKING pc=0x00000266f0bb46a2 sp=0x00000097dc8f54c8 mode 2
Event: 8.537 Thread 0x00000266feb4b3c0 Uncommon trap: trap_request=0xffffff45 fr.pc=0x00000266f12cf33c relative=0x000000000000037c
Event: 8.537 Thread 0x00000266feb4b3c0 Uncommon trap: reason=unstable_if action=reinterpret pc=0x00000266f12cf33c method=java.util.HashMap$HashIterator.<init>(Ljava/util/HashMap;)V @ 45 c2
Event: 8.537 Thread 0x00000266feb4b3c0 DEOPT PACKING pc=0x00000266f12cf33c sp=0x00000097dc8f5bf0
Event: 8.537 Thread 0x00000266feb4b3c0 DEOPT UNPACKING pc=0x00000266f0bb46a2 sp=0x00000097dc8f5ba8 mode 2

Classes loaded (20 events):
Event: 7.788 Loading class java/util/stream/ReduceOps$CountingSink$OfRef
Event: 7.788 Loading class java/util/stream/ReduceOps$CountingSink$OfRef done
Event: 7.794 Loading class jdk/internal/vm/annotation/Stable
Event: 7.794 Loading class jdk/internal/vm/annotation/Stable done
Event: 7.859 Loading class java/lang/foreign/MemorySegment
Event: 7.860 Loading class java/lang/foreign/MemorySegment done
Event: 7.872 Loading class sun/nio/fs/WindowsException
Event: 7.872 Loading class sun/nio/fs/WindowsException done
Event: 7.874 Loading class com/jetbrains/internal/IoToNioErrorMessageHolder
Event: 7.874 Loading class com/jetbrains/internal/IoToNioErrorMessageHolder done
Event: 7.898 Loading class sun/nio/ch/ChannelOutputStream
Event: 7.898 Loading class sun/nio/ch/ChannelOutputStream done
Event: 7.932 Loading class java/io/CharArrayWriter
Event: 7.932 Loading class java/io/CharArrayWriter done
Event: 7.983 Loading class java/nio/file/StandardCopyOption
Event: 7.983 Loading class java/nio/file/StandardCopyOption done
Event: 7.983 Loading class sun/nio/fs/WindowsFileCopy
Event: 7.984 Loading class sun/nio/fs/WindowsFileCopy done
Event: 8.455 Loading class java/lang/Override
Event: 8.455 Loading class java/lang/Override done

Classes unloaded (0 events):
No events

Classes redefined (0 events):
No events

Internal exceptions (20 events):
Event: 6.999 Thread 0x00000266feb4b3c0 Exception <a 'java/lang/ClassNotFoundException'{0x00000000ff99a328}: org/gradle/invocation/DefaultGradle$DefaultGradleLifecycle_DecoratedCustomizer> (0x00000000ff99a328) 
thrown [s\src\hotspot\share\classfile\systemDictionary.cpp, line 312]
Event: 7.010 Thread 0x00000266feb4b3c0 Exception <a 'java/lang/IncompatibleClassChangeError'{0x00000000c7b769d0}: Found class java.lang.Object, but interface was expected> (0x00000000c7b769d0) 
thrown [s\src\hotspot\share\interpreter\linkResolver.cpp, line 851]
Event: 7.055 Thread 0x00000266feb4b3c0 Exception <a 'java/lang/NoSuchMethodError'{0x00000000c6801c80}: 'void java.lang.invoke.Invokers$Holder.invokeExact_MT(java.lang.Object, java.lang.Object, java.lang.Object, java.lang.Object)'> (0x00000000c6801c80) 
thrown [s\src\hotspot\share\interpreter\linkResolver.cpp, line 784]
Event: 7.653 Thread 0x00000266feb4b3c0 Exception <a 'java/lang/NoSuchMethodError'{0x00000000c8891c38}: 'void java.lang.invoke.DirectMethodHandle$Holder.invokeSpecialIFC(java.lang.Object, java.lang.Object, java.lang.Object)'> (0x00000000c8891c38) 
thrown [s\src\hotspot\share\interpreter\linkResolver.cpp, line 784]
Event: 7.826 Thread 0x00000266feb4b3c0 Exception <a 'java/lang/NoSuchMethodError'{0x00000000c7a551a8}: 'void java.lang.invoke.DirectMethodHandle$Holder.invokeStaticInit(java.lang.Object, java.lang.Object, java.lang.Object, java.lang.Object, java.lang.Object, java.lang.Object, java.lang.Object, int)'> (0x00000000c7a551a8) 
thrown [s\src\hotspot\share\interpreter\linkResolver.cpp, line 784]
Event: 7.869 Thread 0x00000266feb4b3c0 Exception <a 'java/lang/NoSuchMethodError'{0x00000000c78a93f0}: 'void java.lang.invoke.DirectMethodHandle$Holder.invokeInterface(java.lang.Object, java.lang.Object, java.lang.Object, java.lang.Object)'> (0x00000000c78a93f0) 
thrown [s\src\hotspot\share\interpreter\linkResolver.cpp, line 784]
Event: 7.872 Thread 0x00000266feb4b3c0 Exception <a 'sun/nio/fs/WindowsException'{0x00000000c78b5078}> (0x00000000c78b5078) 
thrown [s\src\hotspot\share\prims\jni.cpp, line 537]
Event: 7.875 Thread 0x00000266feb4b3c0 Exception <a 'sun/nio/fs/WindowsException'{0x00000000c78b7500}> (0x00000000c78b7500) 
thrown [s\src\hotspot\share\prims\jni.cpp, line 537]
Event: 7.897 Thread 0x00000266feb4b3c0 Exception <a 'sun/nio/fs/WindowsException'{0x00000000c76139c8}> (0x00000000c76139c8) 
thrown [s\src\hotspot\share\prims\jni.cpp, line 537]
Event: 7.901 Thread 0x00000266feb4b3c0 Exception <a 'sun/nio/fs/WindowsException'{0x00000000c7626e28}> (0x00000000c7626e28) 
thrown [s\src\hotspot\share\prims\jni.cpp, line 537]
Event: 7.911 Thread 0x00000266feb4b3c0 Exception <a 'sun/nio/fs/WindowsException'{0x00000000c7631cd8}> (0x00000000c7631cd8) 
thrown [s\src\hotspot\share\prims\jni.cpp, line 537]
Event: 8.000 Thread 0x00000266840e4fb0 Exception <a 'sun/nio/fs/WindowsException'{0x00000000c743a528}> (0x00000000c743a528) 
thrown [s\src\hotspot\share\prims\jni.cpp, line 537]
Event: 8.000 Thread 0x00000266840e4fb0 Exception <a 'sun/nio/fs/WindowsException'{0x00000000c743ac90}> (0x00000000c743ac90) 
thrown [s\src\hotspot\share\prims\jni.cpp, line 537]
Event: 8.004 Thread 0x00000266840e4fb0 Exception <a 'sun/nio/fs/WindowsException'{0x00000000c745e4f0}> (0x00000000c745e4f0) 
thrown [s\src\hotspot\share\prims\jni.cpp, line 537]
Event: 8.008 Thread 0x00000266840e4fb0 Exception <a 'sun/nio/fs/WindowsException'{0x00000000c746e490}> (0x00000000c746e490) 
thrown [s\src\hotspot\share\prims\jni.cpp, line 537]
Event: 8.011 Thread 0x00000266840e4fb0 Exception <a 'sun/nio/fs/WindowsException'{0x00000000c747b698}> (0x00000000c747b698) 
thrown [s\src\hotspot\share\prims\jni.cpp, line 537]
Event: 8.025 Thread 0x00000266feb4b3c0 Exception <a 'java/lang/ClassNotFoundException'{0x00000000c74d1d08}: ijInit5_44wlxqlrn2m6tiedfm88tf7q0BeanInfo> (0x00000000c74d1d08) 
thrown [s\src\hotspot\share\classfile\systemDictionary.cpp, line 312]
Event: 8.025 Thread 0x00000266feb4b3c0 Exception <a 'java/lang/ClassNotFoundException'{0x00000000c74d8f60}: ijInit5_44wlxqlrn2m6tiedfm88tf7q0Customizer> (0x00000000c74d8f60) 
thrown [s\src\hotspot\share\classfile\systemDictionary.cpp, line 312]
Event: 8.049 Thread 0x00000266feb4b3c0 Exception <a 'java/lang/ClassNotFoundException'{0x00000000c7326650}: ijInit5_44wlxqlrn2m6tiedfm88tf7q0$_run_closure1BeanInfo> (0x00000000c7326650) 
thrown [s\src\hotspot\share\classfile\systemDictionary.cpp, line 312]
Event: 8.049 Thread 0x00000266feb4b3c0 Exception <a 'java/lang/ClassNotFoundException'{0x00000000c732e790}: ijInit5_44wlxqlrn2m6tiedfm88tf7q0$_run_closure1Customizer> (0x00000000c732e790) 
thrown [s\src\hotspot\share\classfile\systemDictionary.cpp, line 312]

ZGC Phase Switch (0 events):
No events

VM Operations (20 events):
Event: 7.420 Executing VM operation: G1PauseCleanup
Event: 7.421 Executing VM operation: G1PauseCleanup done
Event: 7.476 Executing VM operation: G1CollectForAllocation (G1 Evacuation Pause)
Event: 7.479 Executing VM operation: G1CollectForAllocation (G1 Evacuation Pause) done
Event: 7.545 Executing VM operation: G1CollectForAllocation (G1 Evacuation Pause)
Event: 7.551 Executing VM operation: G1CollectForAllocation (G1 Evacuation Pause) done
Event: 7.734 Executing VM operation: HandshakeAllThreads (Deoptimize)
Event: 7.734 Executing VM operation: HandshakeAllThreads (Deoptimize) done
Event: 7.799 Executing VM operation: HandshakeAllThreads (Deoptimize)
Event: 7.800 Executing VM operation: HandshakeAllThreads (Deoptimize) done
Event: 7.873 Executing VM operation: HandshakeAllThreads (Deoptimize)
Event: 7.873 Executing VM operation: HandshakeAllThreads (Deoptimize) done
Event: 7.975 Executing VM operation: ICBufferFull
Event: 7.975 Executing VM operation: ICBufferFull done
Event: 8.279 Executing VM operation: ICBufferFull
Event: 8.279 Executing VM operation: ICBufferFull done
Event: 8.331 Executing VM operation: G1CollectForAllocation (G1 Evacuation Pause)
Event: 8.339 Executing VM operation: G1CollectForAllocation (G1 Evacuation Pause) done
Event: 8.532 Executing VM operation: HandshakeAllThreads (Deoptimize)
Event: 8.532 Executing VM operation: HandshakeAllThreads (Deoptimize) done

Memory protections (0 events):
No events

Nmethod flushes (20 events):
Event: 7.409 Thread 0x00000266fcb96490 flushing  nmethod 0x00000266e97dd010
Event: 7.409 Thread 0x00000266fcb96490 flushing  nmethod 0x00000266e9a0f810
Event: 7.409 Thread 0x00000266fcb96490 flushing  nmethod 0x00000266e9c08210
Event: 7.409 Thread 0x00000266fcb96490 flushing  nmethod 0x00000266e9cd5390
Event: 7.409 Thread 0x00000266fcb96490 flushing  nmethod 0x00000266e9782d90
Event: 7.409 Thread 0x00000266fcb96490 flushing  nmethod 0x00000266e9784510
Event: 7.409 Thread 0x00000266fcb96490 flushing  nmethod 0x00000266e9785e10
Event: 7.409 Thread 0x00000266fcb96490 flushing  nmethod 0x00000266e9787810
Event: 7.409 Thread 0x00000266fcb96490 flushing  nmethod 0x00000266e9787c90
Event: 7.409 Thread 0x00000266fcb96490 flushing  nmethod 0x00000266e97ce190
Event: 7.409 Thread 0x00000266fcb96490 flushing  nmethod 0x00000266e97ce710
Event: 7.409 Thread 0x00000266fcb96490 flushing  nmethod 0x00000266e97d1090
Event: 7.409 Thread 0x00000266fcb96490 flushing  nmethod 0x00000266e986cc10
Event: 7.409 Thread 0x00000266fcb96490 flushing  nmethod 0x00000266e98cbf90
Event: 7.409 Thread 0x00000266fcb96490 flushing  nmethod 0x00000266e9931490
Event: 7.409 Thread 0x00000266fcb96490 flushing  nmethod 0x00000266e9973390
Event: 7.409 Thread 0x00000266fcb96490 flushing  nmethod 0x00000266e9bae190
Event: 7.409 Thread 0x00000266fcb96490 flushing  nmethod 0x00000266e9bb4a90
Event: 7.409 Thread 0x00000266fcb96490 flushing  nmethod 0x00000266e9c1a310
Event: 7.409 Thread 0x00000266fcb96490 flushing  nmethod 0x00000266e9d9a690

Events (20 events):
Event: 6.795 Thread 0x00000266feb4b3c0 Thread added: 0x00000266fcfb6850
Event: 6.836 Thread 0x00000266feb4b3c0 Thread added: 0x00000266fcfb40f0
Event: 6.837 Thread 0x00000266feb4b3c0 Thread added: 0x00000266fcfb54a0
Event: 8.067 Thread 0x00000266feb4b3c0 Thread added: 0x00000266fcfb4e10
Event: 8.068 Thread 0x00000266feb4b3c0 Thread added: 0x00000266fcfb8fb0
Event: 8.068 Thread 0x00000266feb4b3c0 Thread added: 0x00000266fcfb5b30
Event: 8.069 Thread 0x00000266feb4b3c0 Thread added: 0x00000266fcfb8290
Event: 8.069 Thread 0x00000266feb4b3c0 Thread added: 0x00000266fcfbb080
Event: 8.070 Thread 0x00000266feb4b3c0 Thread added: 0x00000266fcfba360
Event: 8.070 Thread 0x00000266feb4b3c0 Thread added: 0x00000266fcfb9640
Event: 8.071 Thread 0x00000266feb4b3c0 Thread added: 0x00000266fcfb9cd0
Event: 8.111 Thread 0x00000266feb4b3c0 Thread added: 0x00000266fcfb8920
Event: 8.112 Thread 0x00000266feb4b3c0 Thread added: 0x00000266fcfba9f0
Event: 8.112 Thread 0x00000266feb4b3c0 Thread added: 0x00000266fcfb7c00
Event: 8.113 Thread 0x00000266feb4b3c0 Thread added: 0x00000266fcfbb710
Event: 8.113 Thread 0x00000266feb4b3c0 Thread added: 0x0000026685d22fe0
Event: 8.114 Thread 0x00000266feb4b3c0 Thread added: 0x0000026685d21c30
Event: 8.115 Thread 0x00000266feb4b3c0 Thread added: 0x0000026685d250b0
Event: 8.116 Thread 0x00000266feb4b3c0 Thread added: 0x0000026685d23670
Event: 8.117 Thread 0x00000266feb4b3c0 Thread added: 0x0000026685d24390


Dynamic libraries:
0x00007ff763f00000 - 0x00007ff763f0a000 	C:\Program Files\Android\jbr\bin\java.exe
0x00007ff93d900000 - 0x00007ff93db68000 	C:\WINDOWS\SYSTEM32\ntdll.dll
0x00007ff93c410000 - 0x00007ff93c4d9000 	C:\WINDOWS\System32\KERNEL32.DLL
0x00007ff93ac80000 - 0x00007ff93b072000 	C:\WINDOWS\System32\KERNELBASE.dll
0x00007ff93aa90000 - 0x00007ff93abdb000 	C:\WINDOWS\System32\ucrtbase.dll
0x00007ff9286d0000 - 0x00007ff9286eb000 	C:\Program Files\Android\jbr\bin\VCRUNTIME140.dll
0x00007ff9080d0000 - 0x00007ff9080e8000 	C:\Program Files\Android\jbr\bin\jli.dll
0x00007ff93d650000 - 0x00007ff93d815000 	C:\WINDOWS\System32\USER32.dll
0x00007ff93b240000 - 0x00007ff93b267000 	C:\WINDOWS\System32\win32u.dll
0x00007ff93d820000 - 0x00007ff93d84b000 	C:\WINDOWS\System32\GDI32.dll
0x00007ff91e100000 - 0x00007ff91e393000 	C:\WINDOWS\WinSxS\amd64_microsoft.windows.common-controls_6595b64144ccf1df_6.0.26100.6899_none_3e0efeeae32e88c1\COMCTL32.dll
0x00007ff93b080000 - 0x00007ff93b1ad000 	C:\WINDOWS\System32\gdi32full.dll
0x00007ff93b270000 - 0x00007ff93b313000 	C:\WINDOWS\System32\msvcp_win.dll
0x00007ff93c1b0000 - 0x00007ff93c259000 	C:\WINDOWS\System32\msvcrt.dll
0x00007ff93b6d0000 - 0x00007ff93b6ff000 	C:\WINDOWS\System32\IMM32.DLL
0x00007ff929df0000 - 0x00007ff929dfc000 	C:\Program Files\Android\jbr\bin\vcruntime140_1.dll
0x00007ff8e2c30000 - 0x00007ff8e2cbd000 	C:\Program Files\Android\jbr\bin\msvcp140.dll
0x00007ff8c7b40000 - 0x00007ff8c87ce000 	C:\Program Files\Android\jbr\bin\server\jvm.dll
0x00007ff93c0c0000 - 0x00007ff93c174000 	C:\WINDOWS\System32\ADVAPI32.dll
0x00007ff93d300000 - 0x00007ff93d3a6000 	C:\WINDOWS\System32\sechost.dll
0x00007ff93c2e0000 - 0x00007ff93c3f8000 	C:\WINDOWS\System32\RPCRT4.dll
0x00007ff93d470000 - 0x00007ff93d4e4000 	C:\WINDOWS\System32\WS2_32.dll
0x00007ff93a8f0000 - 0x00007ff93a94e000 	C:\WINDOWS\SYSTEM32\POWRPROF.dll
0x00007ff935300000 - 0x00007ff935335000 	C:\WINDOWS\SYSTEM32\WINMM.dll
0x00007ff91f980000 - 0x00007ff91f98b000 	C:\WINDOWS\SYSTEM32\VERSION.dll
0x00007ff93a8d0000 - 0x00007ff93a8e4000 	C:\WINDOWS\SYSTEM32\UMPDC.dll
0x00007ff939860000 - 0x00007ff93987b000 	C:\WINDOWS\SYSTEM32\kernel.appcore.dll
0x00007ff928640000 - 0x00007ff92864a000 	C:\Program Files\Android\jbr\bin\jimage.dll
0x00007ff938120000 - 0x00007ff938362000 	C:\WINDOWS\SYSTEM32\DBGHELP.DLL
0x00007ff93cd40000 - 0x00007ff93d0bb000 	C:\WINDOWS\System32\combase.dll
0x00007ff93bf60000 - 0x00007ff93c037000 	C:\WINDOWS\System32\OLEAUT32.dll
0x00007ff904c70000 - 0x00007ff904cac000 	C:\WINDOWS\SYSTEM32\dbgcore.DLL
0x00007ff93abe0000 - 0x00007ff93ac78000 	C:\WINDOWS\System32\bcryptPrimitives.dll
0x00007ff9218c0000 - 0x00007ff9218ce000 	C:\Program Files\Android\jbr\bin\instrument.dll
0x00007ff9278b0000 - 0x00007ff9278d0000 	C:\Program Files\Android\jbr\bin\java.dll
0x00007ff9271a0000 - 0x00007ff9271b8000 	C:\Program Files\Android\jbr\bin\zip.dll
0x00007ff93c5f0000 - 0x00007ff93cd3d000 	C:\WINDOWS\System32\SHELL32.dll
0x00007ff93b560000 - 0x00007ff93b6cb000 	C:\WINDOWS\System32\wintypes.dll
0x00007ff938700000 - 0x00007ff938f5d000 	C:\WINDOWS\SYSTEM32\windows.storage.dll
0x00007ff93be00000 - 0x00007ff93bef2000 	C:\WINDOWS\System32\SHCORE.dll
0x00007ff93d850000 - 0x00007ff93d8b2000 	C:\WINDOWS\System32\shlwapi.dll
0x00007ff93a9b0000 - 0x00007ff93a9d9000 	C:\WINDOWS\SYSTEM32\profapi.dll
0x00007ff928630000 - 0x00007ff928640000 	C:\Program Files\Android\jbr\bin\net.dll
0x00007ff92f1c0000 - 0x00007ff92f2df000 	C:\WINDOWS\SYSTEM32\WINHTTP.dll
0x00007ff939dd0000 - 0x00007ff939e3b000 	C:\WINDOWS\system32\mswsock.dll
0x00007ff926e70000 - 0x00007ff926e86000 	C:\Program Files\Android\jbr\bin\nio.dll
0x00007ff925e60000 - 0x00007ff925e70000 	C:\Program Files\Android\jbr\bin\verify.dll
0x00007ff908e20000 - 0x00007ff908e47000 	C:\Users\Thanh Tu\.gradle\native\1def1411415f61bf3af743bc5b6707747c0891f09f0c88961ee8f79bc544acac\windows-amd64\native-platform.dll
0x00007ff8e2bb0000 - 0x00007ff8e2c28000 	C:\Users\Thanh Tu\.gradle\native\0.2.7\x86_64-windows-gnu\gradle-fileevents.dll
0x00007ff9268d0000 - 0x00007ff9268d9000 	C:\Program Files\Android\jbr\bin\management.dll
0x00007ff9268c0000 - 0x00007ff9268cb000 	C:\Program Files\Android\jbr\bin\management_ext.dll
0x00007ff93d0c0000 - 0x00007ff93d0c8000 	C:\WINDOWS\System32\PSAPI.DLL
0x00007ff939330000 - 0x00007ff939364000 	C:\WINDOWS\SYSTEM32\IPHLPAPI.DLL
0x00007ff93c400000 - 0x00007ff93c40a000 	C:\WINDOWS\System32\NSI.dll
0x00007ff927190000 - 0x00007ff927199000 	C:\Program Files\Android\jbr\bin\extnet.dll
0x00007ff93a090000 - 0x00007ff93a0ab000 	C:\WINDOWS\SYSTEM32\CRYPTSP.dll
0x00007ff9397c0000 - 0x00007ff9397fb000 	C:\WINDOWS\system32\rsaenh.dll
0x00007ff939e70000 - 0x00007ff939e9b000 	C:\WINDOWS\SYSTEM32\USERENV.dll
0x00007ff93a980000 - 0x00007ff93a9a6000 	C:\WINDOWS\SYSTEM32\bcrypt.dll
0x00007ff93a080000 - 0x00007ff93a08c000 	C:\WINDOWS\SYSTEM32\CRYPTBASE.dll
0x00007ff908300000 - 0x00007ff908308000 	C:\WINDOWS\system32\wshunix.dll

dbghelp: loaded successfully - version: 4.0.5 - missing functions: none
symbol engine: initialized successfully - sym options: 0x614 - pdb path: .;C:\Program Files\Android\jbr\bin;C:\WINDOWS\SYSTEM32;C:\WINDOWS\WinSxS\amd64_microsoft.windows.common-controls_6595b64144ccf1df_6.0.26100.6899_none_3e0efeeae32e88c1;C:\Program Files\Android\jbr\bin\server;C:\Users\Thanh Tu\.gradle\native\1def1411415f61bf3af743bc5b6707747c0891f09f0c88961ee8f79bc544acac\windows-amd64;C:\Users\Thanh Tu\.gradle\native\0.2.7\x86_64-windows-gnu

VM Arguments:
jvm_args: --add-opens=java.base/java.lang=ALL-UNNAMED --add-opens=java.base/java.lang.invoke=ALL-UNNAMED --add-opens=java.base/java.util=ALL-UNNAMED --add-opens=java.prefs/java.util.prefs=ALL-UNNAMED --add-exports=jdk.compiler/com.sun.tools.javac.api=ALL-UNNAMED --add-exports=jdk.compiler/com.sun.tools.javac.util=ALL-UNNAMED --add-opens=java.base/java.util=ALL-UNNAMED --add-opens=java.prefs/java.util.prefs=ALL-UNNAMED --add-opens=java.base/java.nio.charset=ALL-UNNAMED --add-opens=java.base/java.net=ALL-UNNAMED --add-opens=java.base/java.util.concurrent.atomic=ALL-UNNAMED --add-opens=java.xml/javax.xml.namespace=ALL-UNNAMED -Xmx1024m -Dfile.encoding=UTF-8 -Duser.country=US -Duser.language=en -Duser.variant -javaagent:C:\Users\Thanh Tu\.gradle\wrapper\dists\gradle-8.13-bin\5xuhj0ry160q40clulazy9h7d\gradle-8.13\lib\agents\gradle-instrumentation-agent-8.13.jar 
java_command: org.gradle.launcher.daemon.bootstrap.GradleDaemon 8.13
java_class_path (initial): C:\Users\Thanh Tu\.gradle\wrapper\dists\gradle-8.13-bin\5xuhj0ry160q40clulazy9h7d\gradle-8.13\lib\gradle-daemon-main-8.13.jar
Launcher Type: SUN_STANDARD

[Global flags]
     intx CICompilerCount                          = 4                                         {product} {ergonomic}
     uint ConcGCThreads                            = 3                                         {product} {ergonomic}
     uint G1ConcRefinementThreads                  = 10                                        {product} {ergonomic}
   size_t G1HeapRegionSize                         = 1048576                                   {product} {ergonomic}
    uintx GCDrainStackTargetSize                   = 64                                        {product} {ergonomic}
   size_t InitialHeapSize                          = 130023424                                 {product} {ergonomic}
   size_t MarkStackSize                            = 4194304                                   {product} {ergonomic}
   size_t MaxHeapSize                              = 1073741824                                {product} {command line}
   size_t MaxNewSize                               = 643825664                                 {product} {ergonomic}
   size_t MinHeapDeltaBytes                        = 1048576                                   {product} {ergonomic}
   size_t MinHeapSize                              = 8388608                                   {product} {ergonomic}
    uintx NonNMethodCodeHeapSize                   = 5839372                                {pd product} {ergonomic}
    uintx NonProfiledCodeHeapSize                  = 122909434                              {pd product} {ergonomic}
    uintx ProfiledCodeHeapSize                     = 122909434                              {pd product} {ergonomic}
    uintx ReservedCodeCacheSize                    = 251658240                              {pd product} {ergonomic}
     bool SegmentedCodeCache                       = true                                      {product} {ergonomic}
   size_t SoftMaxHeapSize                          = 1073741824                             {manageable} {ergonomic}
     bool UseCompressedOops                        = true                           {product lp64_product} {ergonomic}
     bool UseG1GC                                  = true                                      {product} {ergonomic}
     bool UseLargePagesIndividualAllocation        = false                                  {pd product} {ergonomic}

Logging:
Log output configuration:
 #0: stdout all=warning uptime,level,tags foldmultilines=false
 #1: stderr all=off uptime,level,tags foldmultilines=false

Environment Variables:
PATH=C:\Program Files (x86)\VMware\VMware Workstation\bin\;C:\Program Files\Python311\Scripts\;C:\Program Files\Python311\;C:\WINDOWS\system32;C:\WINDOWS;C:\WINDOWS\System32\Wbem;C:\WINDOWS\System32\WindowsPowerShell\v1.0\;C:\WINDOWS\System32\OpenSSH\;C:\Program Files\dotnet\;C:\Program Files (x86)\Rational\common;C:\Program Files\nodejs\;C:\Program Files\Git\cmd;C:\Users\Thanh Tu\AppData\Local\Programs\Python\Python313\Scripts\;C:\Users\Thanh Tu\AppData\Local\Programs\Python\Python313\;C:\Users\Thanh Tu\AppData\Local\Microsoft\WindowsApps;C:\Users\Thanh Tu\AppData\Local\Programs\Microsoft VS Code\bin;C:\Users\Thanh Tu\AppData\Roaming\npm
USERNAME=Thanh Tu
OS=Windows_NT
PROCESSOR_IDENTIFIER=Intel64 Family 6 Model 154 Stepping 4, GenuineIntel
TMP=C:\Users\THANHT~1\AppData\Local\Temp
TEMP=C:\Users\THANHT~1\AppData\Local\Temp




Periodic native trim disabled

JNI global refs:
JNI global refs: 30, weak refs: 3

JNI global refs memory usage: 835, weak refs: 833

Process memory usage:
Resident Set Size: 379828K (4% of 8065780K total physical memory with 483376K free physical memory)

OOME stack traces (most recent first):
Classloader memory used:
Loader org.gradle.internal.classloader.VisitableURLClassLoader                         : 33181K
Loader bootstrap                                                                       : 22788K
Loader org.gradle.initialization.MixInLegacyTypesClassLoader                           : 6556K
Loader org.gradle.internal.classloader.VisitableURLClassLoader                         : 733K
Loader jdk.internal.loader.ClassLoaders$PlatformClassLoader                            : 489K
Loader jdk.internal.loader.ClassLoaders$AppClassLoader                                 : 235K
Loader jdk.internal.reflect.DelegatingClassLoader                                      : 168K
Loader org.gradle.groovy.scripts.internal.DefaultScriptCompilationHandler$ScriptClassLoader: 71472B
Loader groovy.lang.GroovyClassLoader$InnerLoader                                       : 59344B
Loader org.codehaus.groovy.runtime.callsite.CallSiteClassLoader                        : 18536B

Classes loaded by more than one classloader:
Class org.gradle.api.GradleException                                                  : loaded 3 times (x 80B)
Class org.gradle.internal.classloader.FilteringClassLoader                            : loaded 2 times (x 103B)
Class org.gradle.internal.classloader.ClassLoaderHierarchy                            : loaded 2 times (x 68B)
Class org.gradle.api.internal.classpath.ManifestUtil                                  : loaded 2 times (x 69B)
Class org.gradle.internal.operations.MultipleBuildOperationFailures                   : loaded 2 times (x 93B)
Class org.gradle.internal.classloader.DefaultClassLoaderFactory                       : loaded 2 times (x 80B)
Class kotlin.collections.AbstractList$Companion                                       : loaded 2 times (x 69B)
Class org.gradle.internal.classloader.ClassLoaderVisitor                              : loaded 2 times (x 74B)
Class org.gradle.api.internal.classpath.EffectiveClassPath                            : loaded 2 times (x 88B)
Class org.gradle.api.internal.DefaultClassPathProvider                                : loaded 2 times (x 74B)
Class [Lorg.gradle.api.internal.ClassPathProvider;                                    : loaded 2 times (x 67B)
Class org.gradle.api.internal.ClassPathProvider                                       : loaded 2 times (x 68B)
Class org.gradle.internal.service.UnknownServiceException                             : loaded 2 times (x 81B)
Class org.gradle.internal.classpath.TransformedClassPath                              : loaded 2 times (x 94B)
Class org.gradle.internal.classloader.InstrumentingClassLoader                        : loaded 2 times (x 68B)
Class kotlin.enums.EnumEntriesList                                                    : loaded 2 times (x 221B)
Class _BuildScript_                                                                   : loaded 2 times (x 171B)
Class org.gradle.internal.service.ServiceLocator                                      : loaded 2 times (x 68B)
Class org.gradle.internal.InternalTransformer                                         : loaded 2 times (x 68B)
Class org.gradle.internal.time.DefaultTimer                                           : loaded 2 times (x 78B)
Class org.gradle.internal.classloader.ClasspathUtil$1                                 : loaded 2 times (x 74B)
Class org.gradle.api.internal.classpath.DefaultModuleRegistry$DefaultModule           : loaded 2 times (x 84B)
Class org.gradle.internal.time.DefaultCountdownTimer                                  : loaded 2 times (x 86B)
Class kotlin.Function                                                                 : loaded 2 times (x 68B)
Class org.gradle.api.internal.classpath.Module                                        : loaded 2 times (x 68B)
Class org.gradle.api.internal.classpath.UnknownModuleException                        : loaded 2 times (x 80B)
Class org.gradle.api.internal.DefaultClassPathRegistry                                : loaded 2 times (x 74B)
Class org.gradle.api.internal.ClassPathRegistry                                       : loaded 2 times (x 68B)
Class org.gradle.internal.classpath.DefaultClassPath$ImmutableUniqueList              : loaded 2 times (x 197B)
Class org.gradle.internal.classpath.ClassPath                                         : loaded 2 times (x 68B)
Class org.gradle.api.UncheckedIOException                                             : loaded 2 times (x 80B)
Class kotlin.UninitializedPropertyAccessException                                     : loaded 2 times (x 80B)
Class _BuildScript_$_run_closure1                                                     : loaded 2 times (x 130B)
Class org.gradle.internal.installation.GradleInstallation$1                           : loaded 2 times (x 73B)
Class org.gradle.api.internal.classpath.ModuleRegistry                                : loaded 2 times (x 68B)
Class org.gradle.api.internal.classpath.DefaultModuleRegistry                         : loaded 2 times (x 84B)
Class org.gradle.internal.time.MonotonicClock                                         : loaded 2 times (x 75B)
Class org.gradle.internal.service.ServiceLookupException                              : loaded 2 times (x 80B)
Class org.gradle.internal.classloader.ClassLoaderFactory                              : loaded 2 times (x 68B)
Class org.gradle.internal.service.CachingServiceLocator                               : loaded 2 times (x 80B)
Class org.gradle.internal.time.TimeSource                                             : loaded 2 times (x 68B)
Class kotlin.enums.EnumEntries                                                        : loaded 2 times (x 68B)
Class org.gradle.internal.exceptions.ResolutionProvider                               : loaded 2 times (x 68B)
Class org.gradle.internal.classloader.ClasspathUtil                                   : loaded 2 times (x 69B)
Class org.gradle.internal.time.TimeSource$1                                           : loaded 2 times (x 75B)
Class org.gradle.api.specs.Spec                                                       : loaded 2 times (x 68B)
Class org.gradle.internal.time.Clock                                                  : loaded 2 times (x 68B)
Class kotlin.collections.AbstractList                                                 : loaded 2 times (x 195B)
Class kotlin.collections.AbstractCollection                                           : loaded 2 times (x 115B)
Class _BuildScript_$_run_closure1$_closure2                                           : loaded 2 times (x 130B)
Class org.gradle.internal.classloader.VisitableURLClassLoader$InstrumentingVisitableURLClassLoader: loaded 2 times (x 121B)
Class org.gradle.internal.classloader.VisitableURLClassLoader$Spec                    : loaded 2 times (x 72B)
Class org.gradle.internal.classpath.DefaultClassPath                                  : loaded 2 times (x 88B)
Class org.gradle.internal.classloader.ClassLoaderSpec                                 : loaded 2 times (x 69B)
Class org.gradle.internal.classloader.VisitableURLClassLoader                         : loaded 2 times (x 115B)
Class org.gradle.internal.Cast                                                        : loaded 2 times (x 69B)
Class org.gradle.api.Action                                                           : loaded 2 times (x 68B)
Class kotlin.jvm.functions.Function1                                                  : loaded 2 times (x 68B)
Class org.gradle.internal.classpath.DefaultClassPath$ImmutableUniqueList$Builder      : loaded 2 times (x 73B)
Class kotlin.NotImplementedError                                                      : loaded 2 times (x 80B)
Class org.gradle.internal.exceptions.NonGradleCauseExceptionsHolder                   : loaded 2 times (x 68B)
Class kotlin.enums.EnumEntriesKt                                                      : loaded 2 times (x 69B)
Class org.gradle.internal.IoActions                                                   : loaded 2 times (x 69B)
Class org.gradle.internal.classloader.SystemClassLoaderSpec                           : loaded 2 times (x 69B)
Class org.gradle.internal.exceptions.MultiCauseException                              : loaded 2 times (x 68B)
Class org.gradle.internal.time.CountdownTimer                                         : loaded 2 times (x 68B)
Class kotlin.jvm.internal.Intrinsics                                                  : loaded 2 times (x 69B)
Class org.gradle.tooling.model.ProjectModel                                           : loaded 2 times (x 68B)
Class kotlin.KotlinNullPointerException                                               : loaded 2 times (x 81B)
Class org.gradle.internal.exceptions.DefaultMultiCauseException                       : loaded 2 times (x 93B)
Class org.gradle.internal.time.Time                                                   : loaded 2 times (x 69B)
Class sync_studio_tooling8_7bil9d5onenwtdl9rjpe9atoh                                  : loaded 2 times (x 177B)
Class org.gradle.api.internal.classpath.GlobalCacheRootsProvider                      : loaded 2 times (x 68B)
Class org.gradle.internal.time.Timer                                                  : loaded 2 times (x 68B)
Class kotlin.jvm.internal.markers.KMappedMarker                                       : loaded 2 times (x 68B)
Class org.gradle.internal.installation.CurrentGradleInstallationLocator               : loaded 2 times (x 69B)
Class org.gradle.internal.service.DefaultServiceLocator                               : loaded 2 times (x 81B)
Class org.gradle.util.GradleVersion                                                   : loaded 2 times (x 77B)
Class org.gradle.internal.installation.CurrentGradleInstallation                      : loaded 2 times (x 71B)
Class org.gradle.util.internal.GUtil                                                  : loaded 2 times (x 69B)
Class org.gradle.internal.installation.GradleInstallation                             : loaded 2 times (x 73B)

---------------  S Y S T E M  ---------------

OS:
 Windows 11 , 64 bit Build 26100 (10.0.26100.6725)
OS uptime: 6 days 9:58 hours

CPU: total 12 (initial active 12) (6 cores per cpu, 2 threads per core) family 6 model 154 stepping 4 microcode 0x437, cx8, cmov, fxsr, ht, mmx, 3dnowpref, sse, sse2, sse3, ssse3, sse4.1, sse4.2, popcnt, lzcnt, tsc, tscinvbit, avx, avx2, aes, erms, clmul, bmi1, bmi2, adx, sha, fma, vzeroupper, clflush, clflushopt, clwb, serialize, rdtscp, rdpid, fsrm, f16c, pku, cet_ibt, cet_ss
Processor Information for the first 12 processors :
  Max Mhz: 1300, Current Mhz: 1300, Mhz Limit: 1300

Memory: 4k page, system-wide physical 7876M (472M free)
TotalPageFile size 32452M (AvailPageFile size 16M)
current process WorkingSet (physical memory assigned to process): 371M, peak: 371M
current process commit charge ("private bytes"): 410M, peak: 412M

vm_info: OpenJDK 64-Bit Server VM (21.0.7+-13880790-b1038.58) for windows-amd64 JRE (21.0.7+-13880790-b1038.58), built on 2025-08-04T20:56:21Z by "builder" with MS VC++ 16.10 / 16.11 (VS2019)

END.
