#
# There is insufficient memory for the Java Runtime Environment to continue.
# Native memory allocation (malloc) failed to allocate 1490912 bytes. Error detail: Chunk::new
# Possible reasons:
#   The system is out of physical RAM or swap space
#   This process is running with CompressedOops enabled, and the Java Heap may be blocking the growth of the native heap
# Possible solutions:
#   Reduce memory load on the system
#   Increase physical memory or swap space
#   Check if swap backing store is full
#   Decrease Java heap size (-Xmx/-Xms)
#   Decrease number of Java threads
#   Decrease Java thread stack sizes (-Xss)
#   Set larger code cache with -XX:ReservedCodeCacheSize=
#   JVM is running with Unscaled Compressed Oops mode in which the Java heap is
#     placed in the first 4GB address space. The Java Heap base address is the
#     maximum limit for the native heap growth. Please use -XX:HeapBaseMinAddress
#     to set the Java Heap base and to place the Java Heap above 4GB virtual address.
# This output file may be truncated or incomplete.
#
#  Out of Memory Error (arena.cpp:168), pid=21584, tid=24628
#
# JRE version: OpenJDK Runtime Environment (21.0.7) (build 21.0.7+-13880790-b1038.58)
# Java VM: OpenJDK 64-Bit Server VM (21.0.7+-13880790-b1038.58, mixed mode, tiered, compressed oops, compressed class ptrs, g1 gc, windows-amd64)
# No core dump will be written. Minidumps are not enabled by default on client versions of Windows
#

---------------  S U M M A R Y ------------

Command Line: --add-opens=java.base/java.lang=ALL-UNNAMED --add-opens=java.base/java.lang.invoke=ALL-UNNAMED --add-opens=java.base/java.util=ALL-UNNAMED --add-opens=java.prefs/java.util.prefs=ALL-UNNAMED --add-exports=jdk.compiler/com.sun.tools.javac.api=ALL-UNNAMED --add-exports=jdk.compiler/com.sun.tools.javac.util=ALL-UNNAMED --add-opens=java.base/java.util=ALL-UNNAMED --add-opens=java.prefs/java.util.prefs=ALL-UNNAMED --add-opens=java.base/java.nio.charset=ALL-UNNAMED --add-opens=java.base/java.net=ALL-UNNAMED --add-opens=java.base/java.util.concurrent.atomic=ALL-UNNAMED --add-opens=java.xml/javax.xml.namespace=ALL-UNNAMED -Xmx2048m -Dfile.encoding=UTF-8 -Duser.country=US -Duser.language=en -Duser.variant -javaagent:C:\Users\Thanh Tu\.gradle\wrapper\dists\gradle-8.13-bin\5xuhj0ry160q40clulazy9h7d\gradle-8.13\lib\agents\gradle-instrumentation-agent-8.13.jar org.gradle.launcher.daemon.bootstrap.GradleDaemon 8.13

Host: 12th Gen Intel(R) Core(TM) i5-1235U, 12 cores, 7G,  Windows 11 , 64 bit Build 26100 (10.0.26100.6725)
Time: Thu Nov 13 20:48:01 2025 SE Asia Standard Time elapsed time: 14.051760 seconds (0d 0h 0m 14s)

---------------  T H R E A D  ---------------

Current thread (0x000001ae52090910):  JavaThread "C2 CompilerThread0" daemon [_thread_in_native, id=24628, stack(0x000000818c600000,0x000000818c700000) (1024K)]


Current CompileTask:
C2:14051 6146       4       java.net.URLClassLoader$1::run (5 bytes)

Stack: [0x000000818c600000,0x000000818c700000]
Native frames: (J=compiled Java code, j=interpreted, Vv=VM code, C=native code)
V  [jvm.dll+0x6d25c9]
V  [jvm.dll+0x860923]
V  [jvm.dll+0x862e7e]
V  [jvm.dll+0x863563]
V  [jvm.dll+0x27f156]
V  [jvm.dll+0xc002d]
V  [jvm.dll+0xc0563]
V  [jvm.dll+0x3b6d3b]
V  [jvm.dll+0x1de922]
V  [jvm.dll+0x247fc4]
V  [jvm.dll+0x247441]
V  [jvm.dll+0x1c5fb4]
V  [jvm.dll+0x256bac]
V  [jvm.dll+0x2550f6]
V  [jvm.dll+0x3f1d16]
V  [jvm.dll+0x808d08]
V  [jvm.dll+0x6d0e1d]
C  [ucrtbase.dll+0x37b0]
C  [KERNEL32.DLL+0x2e8d7]
C  [ntdll.dll+0x8c53c]


---------------  P R O C E S S  ---------------

Threads class SMR info:
_java_thread_list=0x000001ae54b4fd70, length=54, elements={
0x000001ae33c97050, 0x000001ae5205ed50, 0x000001ae52064850, 0x000001ae52062bc0,
0x000001ae52082310, 0x000001ae5208bad0, 0x000001ae5208d0a0, 0x000001ae5208f000,
0x000001ae52090910, 0x000001ae520b53f0, 0x000001ae523aaa50, 0x000001ae53aaccb0,
0x000001ae53d46820, 0x000001ae53ead2f0, 0x000001ae53ee3b60, 0x000001ae53effbd0,
0x000001ae53f1f9e0, 0x000001ae53f58ef0, 0x000001ae53f57b40, 0x000001ae53f58860,
0x000001ae53f56790, 0x000001ae53f581d0, 0x000001ae53f59580, 0x000001ae53f56e20,
0x000001ae53f574b0, 0x000001ae54038960, 0x000001ae54036200, 0x000001ae54037c40,
0x000001ae54036f20, 0x000001ae54036890, 0x000001ae54038ff0, 0x000001ae540382d0,
0x000001ae54035b70, 0x000001ae54039d10, 0x000001ae5403b0c0, 0x000001ae5403bde0,
0x000001ae54039680, 0x000001ae5403d190, 0x000001ae5403cb00, 0x000001ae5403c470,
0x000001ae5403aa30, 0x000001ae55b1bc00, 0x000001ae55b1c920, 0x000001ae55b1cfb0,
0x000001ae55b19b30, 0x000001ae55b1d640, 0x000001ae55b1b570, 0x000001ae55b1c290,
0x000001ae55b1a1c0, 0x000001ae55b1dcd0, 0x000001ae55b1a850, 0x000001ae55b1e360,
0x000001ae567f07e0, 0x000001ae579866c0
}

Java Threads: ( => current thread )
  0x000001ae33c97050 JavaThread "main"                              [_thread_blocked, id=6100, stack(0x000000818b700000,0x000000818b800000) (1024K)]
  0x000001ae5205ed50 JavaThread "Common-Cleaner"             daemon [_thread_blocked, id=22452, stack(0x000000818bf00000,0x000000818c000000) (1024K)]
  0x000001ae52064850 JavaThread "Reference Handler"          daemon [_thread_blocked, id=25092, stack(0x000000818c000000,0x000000818c100000) (1024K)]
  0x000001ae52062bc0 JavaThread "Finalizer"                  daemon [_thread_blocked, id=8776, stack(0x000000818c100000,0x000000818c200000) (1024K)]
  0x000001ae52082310 JavaThread "Signal Dispatcher"          daemon [_thread_blocked, id=11912, stack(0x000000818c200000,0x000000818c300000) (1024K)]
  0x000001ae5208bad0 JavaThread "Attach Listener"            daemon [_thread_blocked, id=16040, stack(0x000000818c300000,0x000000818c400000) (1024K)]
  0x000001ae5208d0a0 JavaThread "Service Thread"             daemon [_thread_blocked, id=1352, stack(0x000000818c400000,0x000000818c500000) (1024K)]
  0x000001ae5208f000 JavaThread "Monitor Deflation Thread"   daemon [_thread_blocked, id=9632, stack(0x000000818c500000,0x000000818c600000) (1024K)]
=>0x000001ae52090910 JavaThread "C2 CompilerThread0"         daemon [_thread_in_native, id=24628, stack(0x000000818c600000,0x000000818c700000) (1024K)]
  0x000001ae520b53f0 JavaThread "C1 CompilerThread0"         daemon [_thread_blocked, id=18360, stack(0x000000818c700000,0x000000818c800000) (1024K)]
  0x000001ae523aaa50 JavaThread "Notification Thread"        daemon [_thread_blocked, id=11104, stack(0x000000818c800000,0x000000818c900000) (1024K)]
  0x000001ae53aaccb0 JavaThread "Daemon health stats"               [_thread_blocked, id=14144, stack(0x000000818d200000,0x000000818d300000) (1024K)]
  0x000001ae53d46820 JavaThread "Incoming local TCP Connector on port 49693"        [_thread_in_native, id=13996, stack(0x000000818d300000,0x000000818d400000) (1024K)]
  0x000001ae53ead2f0 JavaThread "Daemon periodic checks"            [_thread_blocked, id=8388, stack(0x000000818d400000,0x000000818d500000) (1024K)]
  0x000001ae53ee3b60 JavaThread "Daemon"                            [_thread_blocked, id=19356, stack(0x000000818d500000,0x000000818d600000) (1024K)]
  0x000001ae53effbd0 JavaThread "Handler for socket connection from /127.0.0.1:49693 to /127.0.0.1:49694"        [_thread_in_native, id=21408, stack(0x000000818d600000,0x000000818d700000) (1024K)]
  0x000001ae53f1f9e0 JavaThread "Cancel handler"                    [_thread_blocked, id=22816, stack(0x000000818d700000,0x000000818d800000) (1024K)]
  0x000001ae53f58ef0 JavaThread "Daemon worker"                     [_thread_in_Java, id=23388, stack(0x000000818d800000,0x000000818d900000) (1024K)]
  0x000001ae53f57b40 JavaThread "Asynchronous log dispatcher for DefaultDaemonConnection: socket connection from /127.0.0.1:49693 to /127.0.0.1:49694"        [_thread_blocked, id=472, stack(0x000000818d900000,0x000000818da00000) (1024K)]
  0x000001ae53f58860 JavaThread "Stdin handler"                     [_thread_blocked, id=14096, stack(0x000000818da00000,0x000000818db00000) (1024K)]
  0x000001ae53f56790 JavaThread "Daemon client event forwarder"        [_thread_blocked, id=9792, stack(0x000000818db00000,0x000000818dc00000) (1024K)]
  0x000001ae53f581d0 JavaThread "Cache worker for journal cache (C:\Users\Thanh Tu\.gradle\caches\journal-1)"        [_thread_blocked, id=11936, stack(0x000000818e000000,0x000000818e100000) (1024K)]
  0x000001ae53f59580 JavaThread "File lock request listener"        [_thread_in_native, id=9436, stack(0x000000818e100000,0x000000818e200000) (1024K)]
  0x000001ae53f56e20 JavaThread "Cache worker for file hash cache (C:\Users\Thanh Tu\.gradle\caches\8.13\fileHashes)"        [_thread_blocked, id=3932, stack(0x000000818e200000,0x000000818e300000) (1024K)]
  0x000001ae53f574b0 JavaThread "Cache worker for file hash cache (C:\Users\Thanh Tu\Desktop\PTrienUD\PTUD_Git\personal_finance\.gradle\8.13\fileHashes)"        [_thread_blocked, id=14864, stack(0x000000818ca00000,0x000000818cb00000) (1024K)]
  0x000001ae54038960 JavaThread "Cache worker for Build Output Cleanup Cache (C:\Users\Thanh Tu\Desktop\PTrienUD\PTUD_Git\personal_finance\.gradle\buildOutputCleanup)"        [_thread_blocked, id=9516, stack(0x000000818e300000,0x000000818e400000) (1024K)]
  0x000001ae54036200 JavaThread "File watcher server"        daemon [_thread_in_native, id=5936, stack(0x000000818e400000,0x000000818e500000) (1024K)]
  0x000001ae54037c40 JavaThread "File watcher consumer"      daemon [_thread_blocked, id=13600, stack(0x000000818e500000,0x000000818e600000) (1024K)]
  0x000001ae54036f20 JavaThread "jar transforms"                    [_thread_blocked, id=12768, stack(0x000000818e600000,0x000000818e700000) (1024K)]
  0x000001ae54036890 JavaThread "jar transforms Thread 2"           [_thread_blocked, id=24716, stack(0x000000818e700000,0x000000818e800000) (1024K)]
  0x000001ae54038ff0 JavaThread "Cache worker for checksums cache (C:\Users\Thanh Tu\Desktop\PTrienUD\PTUD_Git\personal_finance\.gradle\8.13\checksums)"        [_thread_blocked, id=23016, stack(0x000000818e800000,0x000000818e900000) (1024K)]
  0x000001ae540382d0 JavaThread "Cache worker for file content cache (C:\Users\Thanh Tu\.gradle\caches\8.13\fileContent)"        [_thread_blocked, id=22728, stack(0x000000818e900000,0x000000818ea00000) (1024K)]
  0x000001ae54035b70 JavaThread "jar transforms Thread 3"           [_thread_blocked, id=24332, stack(0x000000818ea00000,0x000000818eb00000) (1024K)]
  0x000001ae54039d10 JavaThread "Cache worker for cache directory md-supplier (C:\Users\Thanh Tu\.gradle\caches\8.13\md-supplier)"        [_thread_blocked, id=25016, stack(0x000000818eb00000,0x000000818ec00000) (1024K)]
  0x000001ae5403b0c0 JavaThread "Cache worker for cache directory md-rule (C:\Users\Thanh Tu\.gradle\caches\8.13\md-rule)"        [_thread_blocked, id=3148, stack(0x000000818ec00000,0x000000818ed00000) (1024K)]
  0x000001ae5403bde0 JavaThread "Unconstrained build operations"        [_thread_blocked, id=4812, stack(0x000000818c900000,0x000000818ca00000) (1024K)]
  0x000001ae54039680 JavaThread "Unconstrained build operations Thread 2"        [_thread_blocked, id=2820, stack(0x000000818ed00000,0x000000818ee00000) (1024K)]
  0x000001ae5403d190 JavaThread "Unconstrained build operations Thread 3"        [_thread_blocked, id=11644, stack(0x000000818ee00000,0x000000818ef00000) (1024K)]
  0x000001ae5403cb00 JavaThread "Unconstrained build operations Thread 4"        [_thread_blocked, id=13520, stack(0x000000818ef00000,0x000000818f000000) (1024K)]
  0x000001ae5403c470 JavaThread "Unconstrained build operations Thread 5"        [_thread_blocked, id=14064, stack(0x000000818f000000,0x000000818f100000) (1024K)]
  0x000001ae5403aa30 JavaThread "Unconstrained build operations Thread 6"        [_thread_blocked, id=19636, stack(0x000000818f100000,0x000000818f200000) (1024K)]
  0x000001ae55b1bc00 JavaThread "Unconstrained build operations Thread 7"        [_thread_blocked, id=19192, stack(0x000000818f200000,0x000000818f300000) (1024K)]
  0x000001ae55b1c920 JavaThread "Unconstrained build operations Thread 8"        [_thread_blocked, id=14536, stack(0x000000818f300000,0x000000818f400000) (1024K)]
  0x000001ae55b1cfb0 JavaThread "jar transforms Thread 4"           [_thread_blocked, id=23860, stack(0x000000818f400000,0x000000818f500000) (1024K)]
  0x000001ae55b19b30 JavaThread "jar transforms Thread 5"           [_thread_blocked, id=6400, stack(0x000000818f500000,0x000000818f600000) (1024K)]
  0x000001ae55b1d640 JavaThread "Unconstrained build operations Thread 9"        [_thread_blocked, id=22944, stack(0x000000818f600000,0x000000818f700000) (1024K)]
  0x000001ae55b1b570 JavaThread "Unconstrained build operations Thread 10"        [_thread_blocked, id=20184, stack(0x000000818f700000,0x000000818f800000) (1024K)]
  0x000001ae55b1c290 JavaThread "Unconstrained build operations Thread 11"        [_thread_blocked, id=14836, stack(0x000000818f800000,0x000000818f900000) (1024K)]
  0x000001ae55b1a1c0 JavaThread "Unconstrained build operations Thread 12"        [_thread_blocked, id=16356, stack(0x000000818f900000,0x000000818fa00000) (1024K)]
  0x000001ae55b1dcd0 JavaThread "jar transforms Thread 6"           [_thread_blocked, id=8164, stack(0x000000818fa00000,0x000000818fb00000) (1024K)]
  0x000001ae55b1a850 JavaThread "jar transforms Thread 7"           [_thread_blocked, id=15992, stack(0x000000818fb00000,0x000000818fc00000) (1024K)]
  0x000001ae55b1e360 JavaThread "jar transforms Thread 8"           [_thread_blocked, id=23880, stack(0x000000818fc00000,0x000000818fd00000) (1024K)]
  0x000001ae567f07e0 JavaThread "C2 CompilerThread1"         daemon [_thread_in_native, id=18524, stack(0x000000818fd00000,0x000000818fe00000) (1024K)]
  0x000001ae579866c0 JavaThread "C2 CompilerThread2"         daemon [_thread_in_native, id=24736, stack(0x000000818fe00000,0x000000818ff00000) (1024K)]
Total: 54

Other Threads:
  0x000001ae4db2e640 VMThread "VM Thread"                           [id=7676, stack(0x000000818be00000,0x000000818bf00000) (1024K)]
  0x000001ae4daad390 WatcherThread "VM Periodic Task Thread"        [id=9560, stack(0x000000818bd00000,0x000000818be00000) (1024K)]
  0x000001ae35813870 WorkerThread "GC Thread#0"                     [id=3588, stack(0x000000818b800000,0x000000818b900000) (1024K)]
  0x000001ae5264b020 WorkerThread "GC Thread#1"                     [id=21828, stack(0x000000818cb00000,0x000000818cc00000) (1024K)]
  0x000001ae52605170 WorkerThread "GC Thread#2"                     [id=7668, stack(0x000000818cc00000,0x000000818cd00000) (1024K)]
  0x000001ae53064630 WorkerThread "GC Thread#3"                     [id=23992, stack(0x000000818cd00000,0x000000818ce00000) (1024K)]
  0x000001ae53169160 WorkerThread "GC Thread#4"                     [id=12760, stack(0x000000818ce00000,0x000000818cf00000) (1024K)]
  0x000001ae53b05930 WorkerThread "GC Thread#5"                     [id=21040, stack(0x000000818cf00000,0x000000818d000000) (1024K)]
  0x000001ae53b04d00 WorkerThread "GC Thread#6"                     [id=9888, stack(0x000000818d000000,0x000000818d100000) (1024K)]
  0x000001ae53b06560 WorkerThread "GC Thread#7"                     [id=8304, stack(0x000000818d100000,0x000000818d200000) (1024K)]
  0x000001ae53a97e20 WorkerThread "GC Thread#8"                     [id=15524, stack(0x000000818dc00000,0x000000818dd00000) (1024K)]
  0x000001ae53a98900 WorkerThread "GC Thread#9"                     [id=9468, stack(0x000000818dd00000,0x000000818de00000) (1024K)]
  0x000001ae35825d40 ConcurrentGCThread "G1 Main Marker"            [id=392, stack(0x000000818b900000,0x000000818ba00000) (1024K)]
  0x000001ae35826750 WorkerThread "G1 Conc#0"                       [id=2692, stack(0x000000818ba00000,0x000000818bb00000) (1024K)]
  0x000001ae53a97340 WorkerThread "G1 Conc#1"                       [id=12224, stack(0x000000818de00000,0x000000818df00000) (1024K)]
  0x000001ae53a976e0 WorkerThread "G1 Conc#2"                       [id=6012, stack(0x000000818df00000,0x000000818e000000) (1024K)]
  0x000001ae3587e9c0 ConcurrentGCThread "G1 Refine#0"               [id=10152, stack(0x000000818bb00000,0x000000818bc00000) (1024K)]
  0x000001ae4d97c940 ConcurrentGCThread "G1 Service"                [id=5684, stack(0x000000818bc00000,0x000000818bd00000) (1024K)]
Total: 18

Threads with active compile tasks:
C2 CompilerThread0  14077 6146       4       java.net.URLClassLoader$1::run (5 bytes)
C2 CompilerThread1  14077 6147   !   4       java.net.URLClassLoader$1::run (81 bytes)
C2 CompilerThread2  14077 6179       4       org.objectweb.asm.Type::getInternalName (16 bytes)
Total: 3

VM state: not at safepoint (normal execution)

VM Mutex/Monitor currently owned by a thread: None

Heap address: 0x0000000080000000, size: 2048 MB, Compressed Oops mode: 32-bit

CDS archive(s) not mapped
Compressed class space mapped at: 0x0000000100000000-0x0000000140000000, reserved size: 1073741824
Narrow klass base: 0x0000000000000000, Narrow klass shift: 3, Narrow klass range: 0x140000000

GC Precious Log:
 CardTable entry size: 512
 Card Set container configuration: InlinePtr #cards 5 size 8 Array Of Cards #cards 12 size 40 Howl #buckets 4 coarsen threshold 1843 Howl Bitmap #cards 512 size 80 coarsen threshold 460 Card regions per heap region 1 cards per card region 2048
 CPUs: 12 total, 12 available
 Memory: 7876M
 Large Page Support: Disabled
 NUMA Support: Disabled
 Compressed Oops: Enabled (32-bit)
 Heap Region Size: 1M
 Heap Min Capacity: 8M
 Heap Initial Capacity: 124M
 Heap Max Capacity: 2G
 Pre-touch: Disabled
 Parallel Workers: 10
 Concurrent Workers: 3
 Concurrent Refinement Workers: 10
 Periodic GC: Disabled

Heap:
 garbage-first heap   total 88064K, used 56458K [0x0000000080000000, 0x0000000100000000)
  region size 1024K, 17 young (17408K), 4 survivors (4096K)
 Metaspace       used 69096K, committed 70848K, reserved 1114112K
  class space    used 9620K, committed 10496K, reserved 1048576K

Heap Regions: E=young(eden), S=young(survivor), O=old, HS=humongous(starts), HC=humongous(continues), CS=collection set, F=free, TAMS=top-at-mark-start, PB=parsable bottom
|   0|0x0000000080000000, 0x0000000080100000, 0x0000000080100000|100%|HS|  |TAMS 0x0000000080000000| PB 0x0000000080000000| Complete 
|   1|0x0000000080100000, 0x0000000080200000, 0x0000000080200000|100%|HC|  |TAMS 0x0000000080100000| PB 0x0000000080100000| Complete 
|   2|0x0000000080200000, 0x0000000080300000, 0x0000000080300000|100%|HC|  |TAMS 0x0000000080200000| PB 0x0000000080200000| Complete 
|   3|0x0000000080300000, 0x0000000080400000, 0x0000000080400000|100%| O|  |TAMS 0x0000000080300000| PB 0x0000000080300000| Untracked 
|   4|0x0000000080400000, 0x0000000080500000, 0x0000000080500000|100%| O|  |TAMS 0x0000000080400000| PB 0x0000000080400000| Untracked 
|   5|0x0000000080500000, 0x0000000080600000, 0x0000000080600000|100%| O|  |TAMS 0x0000000080500000| PB 0x0000000080500000| Untracked 
|   6|0x0000000080600000, 0x0000000080700000, 0x0000000080700000|100%|HS|  |TAMS 0x0000000080600000| PB 0x0000000080600000| Complete 
|   7|0x0000000080700000, 0x0000000080800000, 0x0000000080800000|100%| O|  |TAMS 0x0000000080700000| PB 0x0000000080700000| Untracked 
|   8|0x0000000080800000, 0x0000000080900000, 0x0000000080900000|100%| O|  |TAMS 0x0000000080800000| PB 0x0000000080800000| Untracked 
|   9|0x0000000080900000, 0x0000000080a00000, 0x0000000080a00000|100%| O|  |TAMS 0x0000000080900000| PB 0x0000000080900000| Untracked 
|  10|0x0000000080a00000, 0x0000000080b00000, 0x0000000080b00000|100%| O|  |TAMS 0x0000000080a00000| PB 0x0000000080a00000| Untracked 
|  11|0x0000000080b00000, 0x0000000080c00000, 0x0000000080c00000|100%| O|  |TAMS 0x0000000080b00000| PB 0x0000000080b00000| Untracked 
|  12|0x0000000080c00000, 0x0000000080d00000, 0x0000000080d00000|100%| O|  |TAMS 0x0000000080c00000| PB 0x0000000080c00000| Untracked 
|  13|0x0000000080d00000, 0x0000000080e00000, 0x0000000080e00000|100%| O|  |TAMS 0x0000000080d00000| PB 0x0000000080d00000| Untracked 
|  14|0x0000000080e00000, 0x0000000080f00000, 0x0000000080f00000|100%| O|  |TAMS 0x0000000080e00000| PB 0x0000000080e00000| Untracked 
|  15|0x0000000080f00000, 0x0000000081000000, 0x0000000081000000|100%| O|  |TAMS 0x0000000080f00000| PB 0x0000000080f00000| Untracked 
|  16|0x0000000081000000, 0x0000000081100000, 0x0000000081100000|100%| O|  |TAMS 0x0000000081000000| PB 0x0000000081000000| Untracked 
|  17|0x0000000081100000, 0x0000000081200000, 0x0000000081200000|100%| O|  |TAMS 0x0000000081100000| PB 0x0000000081100000| Untracked 
|  18|0x0000000081200000, 0x0000000081300000, 0x0000000081300000|100%| O|  |TAMS 0x0000000081200000| PB 0x0000000081200000| Untracked 
|  19|0x0000000081300000, 0x0000000081400000, 0x0000000081400000|100%| O|  |TAMS 0x0000000081300000| PB 0x0000000081300000| Untracked 
|  20|0x0000000081400000, 0x0000000081500000, 0x0000000081500000|100%| O|  |TAMS 0x0000000081400000| PB 0x0000000081400000| Untracked 
|  21|0x0000000081500000, 0x0000000081600000, 0x0000000081600000|100%| O|  |TAMS 0x0000000081500000| PB 0x0000000081500000| Untracked 
|  22|0x0000000081600000, 0x0000000081700000, 0x0000000081700000|100%| O|  |TAMS 0x0000000081600000| PB 0x0000000081600000| Untracked 
|  23|0x0000000081700000, 0x0000000081800000, 0x0000000081800000|100%| O|  |TAMS 0x0000000081700000| PB 0x0000000081700000| Untracked 
|  24|0x0000000081800000, 0x0000000081900000, 0x0000000081900000|100%| O|  |TAMS 0x0000000081800000| PB 0x0000000081800000| Untracked 
|  25|0x0000000081900000, 0x0000000081a00000, 0x0000000081a00000|100%| O|  |TAMS 0x0000000081900000| PB 0x0000000081900000| Untracked 
|  26|0x0000000081a00000, 0x0000000081b00000, 0x0000000081b00000|100%| O|  |TAMS 0x0000000081a00000| PB 0x0000000081a00000| Untracked 
|  27|0x0000000081b00000, 0x0000000081b00000, 0x0000000081c00000|  0%| F|  |TAMS 0x0000000081b00000| PB 0x0000000081b00000| Untracked 
|  28|0x0000000081c00000, 0x0000000081d00000, 0x0000000081d00000|100%| O|  |TAMS 0x0000000081c00000| PB 0x0000000081c00000| Untracked 
|  29|0x0000000081d00000, 0x0000000081d22970, 0x0000000081e00000| 13%| O|  |TAMS 0x0000000081d00000| PB 0x0000000081d00000| Untracked 
|  30|0x0000000081e00000, 0x0000000081f00000, 0x0000000081f00000|100%| O|  |TAMS 0x0000000081e00000| PB 0x0000000081e00000| Untracked 
|  31|0x0000000081f00000, 0x0000000082000000, 0x0000000082000000|100%| O|  |TAMS 0x0000000081f00000| PB 0x0000000081f00000| Untracked 
|  32|0x0000000082000000, 0x0000000082100000, 0x0000000082100000|100%| O|  |TAMS 0x0000000082000000| PB 0x0000000082000000| Untracked 
|  33|0x0000000082100000, 0x0000000082200000, 0x0000000082200000|100%| O|  |TAMS 0x0000000082100000| PB 0x0000000082100000| Untracked 
|  34|0x0000000082200000, 0x0000000082300000, 0x0000000082300000|100%| O|  |TAMS 0x0000000082200000| PB 0x0000000082200000| Untracked 
|  35|0x0000000082300000, 0x0000000082400000, 0x0000000082400000|100%| O|  |TAMS 0x0000000082300000| PB 0x0000000082300000| Untracked 
|  36|0x0000000082400000, 0x0000000082500000, 0x0000000082500000|100%| O|  |TAMS 0x0000000082400000| PB 0x0000000082400000| Untracked 
|  37|0x0000000082500000, 0x0000000082600000, 0x0000000082600000|100%| O|  |TAMS 0x0000000082500000| PB 0x0000000082500000| Untracked 
|  38|0x0000000082600000, 0x0000000082700000, 0x0000000082700000|100%| O|  |TAMS 0x0000000082600000| PB 0x0000000082600000| Untracked 
|  39|0x0000000082700000, 0x0000000082700000, 0x0000000082800000|  0%| F|  |TAMS 0x0000000082700000| PB 0x0000000082700000| Untracked 
|  40|0x0000000082800000, 0x0000000082800000, 0x0000000082900000|  0%| F|  |TAMS 0x0000000082800000| PB 0x0000000082800000| Untracked 
|  41|0x0000000082900000, 0x0000000082900000, 0x0000000082a00000|  0%| F|  |TAMS 0x0000000082900000| PB 0x0000000082900000| Untracked 
|  42|0x0000000082a00000, 0x0000000082b00000, 0x0000000082b00000|100%| O|  |TAMS 0x0000000082a00000| PB 0x0000000082a00000| Untracked 
|  43|0x0000000082b00000, 0x0000000082b00000, 0x0000000082c00000|  0%| F|  |TAMS 0x0000000082b00000| PB 0x0000000082b00000| Untracked 
|  44|0x0000000082c00000, 0x0000000082c00000, 0x0000000082d00000|  0%| F|  |TAMS 0x0000000082c00000| PB 0x0000000082c00000| Untracked 
|  45|0x0000000082d00000, 0x0000000082e00000, 0x0000000082e00000|100%| S|CS|TAMS 0x0000000082d00000| PB 0x0000000082d00000| Complete 
|  46|0x0000000082e00000, 0x0000000082f00000, 0x0000000082f00000|100%| O|  |TAMS 0x0000000082e00000| PB 0x0000000082e00000| Untracked 
|  47|0x0000000082f00000, 0x0000000083000000, 0x0000000083000000|100%| S|CS|TAMS 0x0000000082f00000| PB 0x0000000082f00000| Complete 
|  48|0x0000000083000000, 0x0000000083000000, 0x0000000083100000|  0%| F|  |TAMS 0x0000000083000000| PB 0x0000000083000000| Untracked 
|  49|0x0000000083100000, 0x0000000083100000, 0x0000000083200000|  0%| F|  |TAMS 0x0000000083100000| PB 0x0000000083100000| Untracked 
|  50|0x0000000083200000, 0x0000000083200000, 0x0000000083300000|  0%| F|  |TAMS 0x0000000083200000| PB 0x0000000083200000| Untracked 
|  51|0x0000000083300000, 0x0000000083300000, 0x0000000083400000|  0%| F|  |TAMS 0x0000000083300000| PB 0x0000000083300000| Untracked 
|  52|0x0000000083400000, 0x0000000083500000, 0x0000000083500000|100%| S|CS|TAMS 0x0000000083400000| PB 0x0000000083400000| Complete 
|  53|0x0000000083500000, 0x0000000083600000, 0x0000000083600000|100%| S|CS|TAMS 0x0000000083500000| PB 0x0000000083500000| Complete 
|  54|0x0000000083600000, 0x0000000083600000, 0x0000000083700000|  0%| F|  |TAMS 0x0000000083600000| PB 0x0000000083600000| Untracked 
|  55|0x0000000083700000, 0x0000000083700000, 0x0000000083800000|  0%| F|  |TAMS 0x0000000083700000| PB 0x0000000083700000| Untracked 
|  56|0x0000000083800000, 0x0000000083800000, 0x0000000083900000|  0%| F|  |TAMS 0x0000000083800000| PB 0x0000000083800000| Untracked 
|  57|0x0000000083900000, 0x0000000083900000, 0x0000000083a00000|  0%| F|  |TAMS 0x0000000083900000| PB 0x0000000083900000| Untracked 
|  58|0x0000000083a00000, 0x0000000083a00000, 0x0000000083b00000|  0%| F|  |TAMS 0x0000000083a00000| PB 0x0000000083a00000| Untracked 
|  59|0x0000000083b00000, 0x0000000083b00000, 0x0000000083c00000|  0%| F|  |TAMS 0x0000000083b00000| PB 0x0000000083b00000| Untracked 
|  60|0x0000000083c00000, 0x0000000083c00000, 0x0000000083d00000|  0%| F|  |TAMS 0x0000000083c00000| PB 0x0000000083c00000| Untracked 
|  61|0x0000000083d00000, 0x0000000083d00000, 0x0000000083e00000|  0%| F|  |TAMS 0x0000000083d00000| PB 0x0000000083d00000| Untracked 
|  62|0x0000000083e00000, 0x0000000083e00000, 0x0000000083f00000|  0%| F|  |TAMS 0x0000000083e00000| PB 0x0000000083e00000| Untracked 
|  63|0x0000000083f00000, 0x0000000083f00000, 0x0000000084000000|  0%| F|  |TAMS 0x0000000083f00000| PB 0x0000000083f00000| Untracked 
|  64|0x0000000084000000, 0x0000000084000000, 0x0000000084100000|  0%| F|  |TAMS 0x0000000084000000| PB 0x0000000084000000| Untracked 
|  65|0x0000000084100000, 0x0000000084100000, 0x0000000084200000|  0%| F|  |TAMS 0x0000000084100000| PB 0x0000000084100000| Untracked 
|  66|0x0000000084200000, 0x0000000084200000, 0x0000000084300000|  0%| F|  |TAMS 0x0000000084200000| PB 0x0000000084200000| Untracked 
|  67|0x0000000084300000, 0x0000000084300000, 0x0000000084400000|  0%| F|  |TAMS 0x0000000084300000| PB 0x0000000084300000| Untracked 
|  68|0x0000000084400000, 0x0000000084400000, 0x0000000084500000|  0%| F|  |TAMS 0x0000000084400000| PB 0x0000000084400000| Untracked 
|  69|0x0000000084500000, 0x0000000084500000, 0x0000000084600000|  0%| F|  |TAMS 0x0000000084500000| PB 0x0000000084500000| Untracked 
|  70|0x0000000084600000, 0x0000000084600000, 0x0000000084700000|  0%| F|  |TAMS 0x0000000084600000| PB 0x0000000084600000| Untracked 
|  71|0x0000000084700000, 0x0000000084700000, 0x0000000084800000|  0%| F|  |TAMS 0x0000000084700000| PB 0x0000000084700000| Untracked 
|  72|0x0000000084800000, 0x0000000084800000, 0x0000000084900000|  0%| F|  |TAMS 0x0000000084800000| PB 0x0000000084800000| Untracked 
|  73|0x0000000084900000, 0x0000000084a00000, 0x0000000084a00000|100%| E|  |TAMS 0x0000000084900000| PB 0x0000000084900000| Complete 
|  74|0x0000000084a00000, 0x0000000084b00000, 0x0000000084b00000|100%| E|CS|TAMS 0x0000000084a00000| PB 0x0000000084a00000| Complete 
|  75|0x0000000084b00000, 0x0000000084c00000, 0x0000000084c00000|100%| E|CS|TAMS 0x0000000084b00000| PB 0x0000000084b00000| Complete 
|  76|0x0000000084c00000, 0x0000000084d00000, 0x0000000084d00000|100%| E|CS|TAMS 0x0000000084c00000| PB 0x0000000084c00000| Complete 
|  77|0x0000000084d00000, 0x0000000084e00000, 0x0000000084e00000|100%| E|CS|TAMS 0x0000000084d00000| PB 0x0000000084d00000| Complete 
|  78|0x0000000084e00000, 0x0000000084f00000, 0x0000000084f00000|100%| E|CS|TAMS 0x0000000084e00000| PB 0x0000000084e00000| Complete 
|  79|0x0000000084f00000, 0x0000000085000000, 0x0000000085000000|100%| E|CS|TAMS 0x0000000084f00000| PB 0x0000000084f00000| Complete 
|  80|0x0000000085000000, 0x0000000085100000, 0x0000000085100000|100%| E|CS|TAMS 0x0000000085000000| PB 0x0000000085000000| Complete 
|  81|0x0000000085100000, 0x0000000085200000, 0x0000000085200000|100%| E|CS|TAMS 0x0000000085100000| PB 0x0000000085100000| Complete 
|  97|0x0000000086100000, 0x0000000086200000, 0x0000000086200000|100%| E|CS|TAMS 0x0000000086100000| PB 0x0000000086100000| Complete 
|  98|0x0000000086200000, 0x0000000086300000, 0x0000000086300000|100%| E|CS|TAMS 0x0000000086200000| PB 0x0000000086200000| Complete 
|  99|0x0000000086300000, 0x0000000086400000, 0x0000000086400000|100%| E|CS|TAMS 0x0000000086300000| PB 0x0000000086300000| Complete 
| 123|0x0000000087b00000, 0x0000000087c00000, 0x0000000087c00000|100%| E|CS|TAMS 0x0000000087b00000| PB 0x0000000087b00000| Complete 

Card table byte_map: [0x000001ae48a80000,0x000001ae48e80000] _byte_map_base: 0x000001ae48680000

Marking Bits: (CMBitMap*) 0x000001ae35813e80
 Bits: [0x000001ae48e80000, 0x000001ae4ae80000)

Polling page: 0x000001ae33f80000

Metaspace:

Usage:
  Non-class:     58.10 MB used.
      Class:      9.40 MB used.
       Both:     67.50 MB used.

Virtual space:
  Non-class space:       64.00 MB reserved,      58.94 MB ( 92%) committed,  1 nodes.
      Class space:        1.00 GB reserved,      10.25 MB (  1%) committed,  1 nodes.
             Both:        1.06 GB reserved,      69.19 MB (  6%) committed. 

Chunk freelists:
   Non-Class:  4.58 MB
       Class:  5.72 MB
        Both:  10.30 MB

MaxMetaspaceSize: unlimited
CompressedClassSpaceSize: 1.00 GB
Initial GC threshold: 21.00 MB
Current GC threshold: 98.25 MB
CDS: off
 - commit_granule_bytes: 65536.
 - commit_granule_words: 8192.
 - virtual_space_node_default_size: 8388608.
 - enlarge_chunks_in_place: 1.
 - use_allocation_guard: 0.


Internal statistics:

num_allocs_failed_limit: 9.
num_arena_births: 3224.
num_arena_deaths: 0.
num_vsnodes_births: 2.
num_vsnodes_deaths: 0.
num_space_committed: 1107.
num_space_uncommitted: 0.
num_chunks_returned_to_freelist: 9.
num_chunks_taken_from_freelist: 6101.
num_chunk_merges: 9.
num_chunk_splits: 3970.
num_chunks_enlarged: 2395.
num_inconsistent_stats: 0.

CodeHeap 'non-profiled nmethods': size=120000Kb used=3304Kb max_used=3304Kb free=116695Kb
 bounds [0x000001ae404d0000, 0x000001ae40810000, 0x000001ae47a00000]
CodeHeap 'profiled nmethods': size=120000Kb used=10518Kb max_used=10518Kb free=109482Kb
 bounds [0x000001ae38a00000, 0x000001ae39450000, 0x000001ae3ff30000]
CodeHeap 'non-nmethods': size=5760Kb used=2743Kb max_used=2760Kb free=3016Kb
 bounds [0x000001ae3ff30000, 0x000001ae401f0000, 0x000001ae404d0000]
 total_blobs=6489 nmethods=5601 adapters=792
 compilation: enabled
              stopped_count=0, restarted_count=0
 full_count=0

Compilation events (20 events):
Event: 13.036 Thread 0x000001ae520b53f0 nmethod 6188 0x000001ae39436310 code [0x000001ae39436500, 0x000001ae39436890]
Event: 13.037 Thread 0x000001ae520b53f0 6189       3       org.objectweb.asm.ByteVector::putShort (52 bytes)
Event: 13.037 Thread 0x000001ae520b53f0 nmethod 6189 0x000001ae39436a10 code [0x000001ae39436bc0, 0x000001ae39436dc0]
Event: 13.037 Thread 0x000001ae520b53f0 6190       3       org.objectweb.asm.ClassReader::readUtf (161 bytes)
Event: 13.037 Thread 0x000001ae520b53f0 nmethod 6190 0x000001ae39436f10 code [0x000001ae39437100, 0x000001ae39437548]
Event: 13.037 Thread 0x000001ae520b53f0 6194       3       org.gradle.internal.reflect.PropertyAccessorType::isIsGetterName (23 bytes)
Event: 13.037 Thread 0x000001ae520b53f0 nmethod 6194 0x000001ae39437810 code [0x000001ae394379e0, 0x000001ae39437d00]
Event: 13.037 Thread 0x000001ae520b53f0 6191       3       org.objectweb.asm.ClassReader::readUTF8 (23 bytes)
Event: 13.038 Thread 0x000001ae520b53f0 nmethod 6191 0x000001ae39437e90 code [0x000001ae39438060, 0x000001ae39438298]
Event: 13.038 Thread 0x000001ae520b53f0 6193       3       org.objectweb.asm.ClassReader::readUtf (44 bytes)
Event: 13.038 Thread 0x000001ae520b53f0 nmethod 6193 0x000001ae39438390 code [0x000001ae39438580, 0x000001ae39438958]
Event: 13.038 Thread 0x000001ae520b53f0 6196       3       org.objectweb.asm.MethodWriter::visitVarInsn (302 bytes)
Event: 13.038 Thread 0x000001ae520b53f0 nmethod 6196 0x000001ae39438b10 code [0x000001ae39438d80, 0x000001ae394396e8]
Event: 13.038 Thread 0x000001ae520b53f0 6195       3       org.objectweb.asm.ClassReader::readBytecodeInstructionOffset (1 bytes)
Event: 13.039 Thread 0x000001ae520b53f0 nmethod 6195 0x000001ae39439990 code [0x000001ae39439b20, 0x000001ae39439c28]
Event: 13.039 Thread 0x000001ae520b53f0 6197       3       org.objectweb.asm.ClassReader::readClass (7 bytes)
Event: 13.039 Thread 0x000001ae520b53f0 nmethod 6197 0x000001ae39439c90 code [0x000001ae39439e80, 0x000001ae3943a200]
Event: 13.047 Thread 0x000001ae520b53f0 6198       1       org.gradle.internal.operations.DefaultBuildOperationRunner$CallableBuildOperationWorker::getReturnValue (5 bytes)
Event: 13.047 Thread 0x000001ae520b53f0 nmethod 6198 0x000001ae40808f90 code [0x000001ae40809120, 0x000001ae408091e8]
Event: 13.986 Thread 0x000001ae520b53f0 6199       3       javax.management.ObjectName::construct (1135 bytes)

GC Heap History (20 events):
Event: 3.891 GC heap before
{Heap before GC invocations=6 (full 0):
 garbage-first heap   total 71680K, used 55220K [0x0000000080000000, 0x0000000100000000)
  region size 1024K, 38 young (38912K), 5 survivors (5120K)
 Metaspace       used 32474K, committed 33152K, reserved 1114112K
  class space    used 4329K, committed 4608K, reserved 1048576K
}
Event: 3.896 GC heap after
{Heap after GC invocations=7 (full 0):
 garbage-first heap   total 71680K, used 24775K [0x0000000080000000, 0x0000000100000000)
  region size 1024K, 5 young (5120K), 5 survivors (5120K)
 Metaspace       used 32474K, committed 33152K, reserved 1114112K
  class space    used 4329K, committed 4608K, reserved 1048576K
}
Event: 4.118 GC heap before
{Heap before GC invocations=7 (full 0):
 garbage-first heap   total 71680K, used 43207K [0x0000000080000000, 0x0000000100000000)
  region size 1024K, 24 young (24576K), 5 survivors (5120K)
 Metaspace       used 35246K, committed 35968K, reserved 1114112K
  class space    used 4781K, committed 5120K, reserved 1048576K
}
Event: 4.123 GC heap after
{Heap after GC invocations=8 (full 0):
 garbage-first heap   total 71680K, used 26023K [0x0000000080000000, 0x0000000100000000)
  region size 1024K, 2 young (2048K), 2 survivors (2048K)
 Metaspace       used 35246K, committed 35968K, reserved 1114112K
  class space    used 4781K, committed 5120K, reserved 1048576K
}
Event: 4.793 GC heap before
{Heap before GC invocations=9 (full 0):
 garbage-first heap   total 71680K, used 58791K [0x0000000080000000, 0x0000000100000000)
  region size 1024K, 35 young (35840K), 2 survivors (2048K)
 Metaspace       used 42285K, committed 43136K, reserved 1114112K
  class space    used 5718K, committed 6144K, reserved 1048576K
}
Event: 4.797 GC heap after
{Heap after GC invocations=10 (full 0):
 garbage-first heap   total 86016K, used 29092K [0x0000000080000000, 0x0000000100000000)
  region size 1024K, 5 young (5120K), 5 survivors (5120K)
 Metaspace       used 42285K, committed 43136K, reserved 1114112K
  class space    used 5718K, committed 6144K, reserved 1048576K
}
Event: 5.247 GC heap before
{Heap before GC invocations=10 (full 0):
 garbage-first heap   total 86016K, used 76196K [0x0000000080000000, 0x0000000100000000)
  region size 1024K, 47 young (48128K), 5 survivors (5120K)
 Metaspace       used 46061K, committed 47040K, reserved 1114112K
  class space    used 6084K, committed 6528K, reserved 1048576K
}
Event: 5.257 GC heap after
{Heap after GC invocations=11 (full 0):
 garbage-first heap   total 88064K, used 33072K [0x0000000080000000, 0x0000000100000000)
  region size 1024K, 5 young (5120K), 5 survivors (5120K)
 Metaspace       used 46061K, committed 47040K, reserved 1114112K
  class space    used 6084K, committed 6528K, reserved 1048576K
}
Event: 6.356 GC heap before
{Heap before GC invocations=11 (full 0):
 garbage-first heap   total 88064K, used 75056K [0x0000000080000000, 0x0000000100000000)
  region size 1024K, 46 young (47104K), 5 survivors (5120K)
 Metaspace       used 51081K, committed 52416K, reserved 1114112K
  class space    used 6921K, committed 7552K, reserved 1048576K
}
Event: 6.361 GC heap after
{Heap after GC invocations=12 (full 0):
 garbage-first heap   total 88064K, used 34987K [0x0000000080000000, 0x0000000100000000)
  region size 1024K, 3 young (3072K), 3 survivors (3072K)
 Metaspace       used 51081K, committed 52416K, reserved 1114112K
  class space    used 6921K, committed 7552K, reserved 1048576K
}
Event: 6.986 GC heap before
{Heap before GC invocations=12 (full 0):
 garbage-first heap   total 88064K, used 75947K [0x0000000080000000, 0x0000000100000000)
  region size 1024K, 43 young (44032K), 3 survivors (3072K)
 Metaspace       used 55600K, committed 57088K, reserved 1114112K
  class space    used 7662K, committed 8384K, reserved 1048576K
}
Event: 6.991 GC heap after
{Heap after GC invocations=13 (full 0):
 garbage-first heap   total 88064K, used 38895K [0x0000000080000000, 0x0000000100000000)
  region size 1024K, 6 young (6144K), 6 survivors (6144K)
 Metaspace       used 55600K, committed 57088K, reserved 1114112K
  class space    used 7662K, committed 8384K, reserved 1048576K
}
Event: 7.364 GC heap before
{Heap before GC invocations=13 (full 0):
 garbage-first heap   total 88064K, used 77807K [0x0000000080000000, 0x0000000100000000)
  region size 1024K, 43 young (44032K), 6 survivors (6144K)
 Metaspace       used 57676K, committed 59200K, reserved 1114112K
  class space    used 7854K, committed 8576K, reserved 1048576K
}
Event: 7.370 GC heap after
{Heap after GC invocations=14 (full 0):
 garbage-first heap   total 88064K, used 40971K [0x0000000080000000, 0x0000000100000000)
  region size 1024K, 2 young (2048K), 2 survivors (2048K)
 Metaspace       used 57676K, committed 59200K, reserved 1114112K
  class space    used 7854K, committed 8576K, reserved 1048576K
}
Event: 7.535 GC heap before
{Heap before GC invocations=14 (full 0):
 garbage-first heap   total 88064K, used 49163K [0x0000000080000000, 0x0000000100000000)
  region size 1024K, 11 young (11264K), 2 survivors (2048K)
 Metaspace       used 58648K, committed 60160K, reserved 1114112K
  class space    used 8019K, committed 8768K, reserved 1048576K
}
Event: 7.538 GC heap after
{Heap after GC invocations=15 (full 0):
 garbage-first heap   total 88064K, used 41350K [0x0000000080000000, 0x0000000100000000)
  region size 1024K, 3 young (3072K), 3 survivors (3072K)
 Metaspace       used 58648K, committed 60160K, reserved 1114112K
  class space    used 8019K, committed 8768K, reserved 1048576K
}
Event: 8.072 GC heap before
{Heap before GC invocations=16 (full 0):
 garbage-first heap   total 88064K, used 73094K [0x0000000080000000, 0x0000000100000000)
  region size 1024K, 34 young (34816K), 3 survivors (3072K)
 Metaspace       used 63019K, committed 64576K, reserved 1114112K
  class space    used 8635K, committed 9408K, reserved 1048576K
}
Event: 8.077 GC heap after
{Heap after GC invocations=17 (full 0):
 garbage-first heap   total 88064K, used 42919K [0x0000000080000000, 0x0000000100000000)
  region size 1024K, 4 young (4096K), 4 survivors (4096K)
 Metaspace       used 63019K, committed 64576K, reserved 1114112K
  class space    used 8635K, committed 9408K, reserved 1048576K
}
Event: 9.808 GC heap before
{Heap before GC invocations=17 (full 0):
 garbage-first heap   total 88064K, used 74663K [0x0000000080000000, 0x0000000100000000)
  region size 1024K, 36 young (36864K), 4 survivors (4096K)
 Metaspace       used 67549K, committed 69248K, reserved 1114112K
  class space    used 9334K, committed 10176K, reserved 1048576K
}
Event: 9.813 GC heap after
{Heap after GC invocations=18 (full 0):
 garbage-first heap   total 88064K, used 44170K [0x0000000080000000, 0x0000000100000000)
  region size 1024K, 4 young (4096K), 4 survivors (4096K)
 Metaspace       used 67549K, committed 69248K, reserved 1114112K
  class space    used 9334K, committed 10176K, reserved 1048576K
}

Dll operation events (3 events):
Event: 0.036 Loaded shared library C:\Program Files\Android\jbr\bin\java.dll
Event: 0.054 Loaded shared library C:\Program Files\Android\jbr\bin\zip.dll
Event: 0.726 Loaded shared library C:\Program Files\Android\jbr\bin\verify.dll

Deoptimization events (20 events):
Event: 9.852 Thread 0x000001ae53f58ef0 Uncommon trap: trap_request=0xffffffde fr.pc=0x000001ae406d2200 relative=0x00000000000055e0
Event: 9.852 Thread 0x000001ae53f58ef0 Uncommon trap: reason=class_check action=maybe_recompile pc=0x000001ae406d2200 method=java.net.URLClassLoader.defineClass(Ljava/lang/String;Ljdk/internal/loader/Resource;)Ljava/lang/Class; @ 34 c2
Event: 9.852 Thread 0x000001ae53f58ef0 DEOPT PACKING pc=0x000001ae406d2200 sp=0x000000818d8f82b0
Event: 9.852 Thread 0x000001ae53f58ef0 DEOPT UNPACKING pc=0x000001ae3ff846a2 sp=0x000000818d8f81f0 mode 2
Event: 9.855 Thread 0x000001ae53f58ef0 Uncommon trap: trap_request=0xffffffde fr.pc=0x000001ae406d2200 relative=0x00000000000055e0
Event: 9.855 Thread 0x000001ae53f58ef0 Uncommon trap: reason=class_check action=maybe_recompile pc=0x000001ae406d2200 method=java.net.URLClassLoader.defineClass(Ljava/lang/String;Ljdk/internal/loader/Resource;)Ljava/lang/Class; @ 34 c2
Event: 9.855 Thread 0x000001ae53f58ef0 DEOPT PACKING pc=0x000001ae406d2200 sp=0x000000818d8f82b0
Event: 9.855 Thread 0x000001ae53f58ef0 DEOPT UNPACKING pc=0x000001ae3ff846a2 sp=0x000000818d8f81f0 mode 2
Event: 11.980 Thread 0x000001ae53f58ef0 Uncommon trap: trap_request=0xffffff45 fr.pc=0x000001ae4071d104 relative=0x00000000000003c4
Event: 11.980 Thread 0x000001ae53f58ef0 Uncommon trap: reason=unstable_if action=reinterpret pc=0x000001ae4071d104 method=org.gradle.internal.reflect.PropertyAccessorType.isGetGetterName(Ljava/lang/String;)Z @ 14 c2
Event: 11.980 Thread 0x000001ae53f58ef0 DEOPT PACKING pc=0x000001ae4071d104 sp=0x000000818d8f8ce0
Event: 11.980 Thread 0x000001ae53f58ef0 DEOPT UNPACKING pc=0x000001ae3ff846a2 sp=0x000000818d8f8c38 mode 2
Event: 13.036 Thread 0x000001ae53f58ef0 Uncommon trap: trap_request=0xffffff45 fr.pc=0x000001ae406f72a8 relative=0x0000000000000108
Event: 13.036 Thread 0x000001ae53f58ef0 Uncommon trap: reason=unstable_if action=reinterpret pc=0x000001ae406f72a8 method=org.objectweb.asm.ByteVector.putShort(I)Lorg/objectweb/asm/ByteVector; @ 13 c2
Event: 13.036 Thread 0x000001ae53f58ef0 DEOPT PACKING pc=0x000001ae406f72a8 sp=0x000000818d8f8a60
Event: 13.036 Thread 0x000001ae53f58ef0 DEOPT UNPACKING pc=0x000001ae3ff846a2 sp=0x000000818d8f89f8 mode 2
Event: 13.036 Thread 0x000001ae53f58ef0 Uncommon trap: trap_request=0xffffff45 fr.pc=0x000001ae40565e88 relative=0x0000000000000408
Event: 13.036 Thread 0x000001ae53f58ef0 Uncommon trap: reason=unstable_if action=reinterpret pc=0x000001ae40565e88 method=org.objectweb.asm.MethodWriter.visitVarInsn(II)V @ 108 c2
Event: 13.036 Thread 0x000001ae53f58ef0 DEOPT PACKING pc=0x000001ae40565e88 sp=0x000000818d8f8890
Event: 13.036 Thread 0x000001ae53f58ef0 DEOPT UNPACKING pc=0x000001ae3ff846a2 sp=0x000000818d8f8848 mode 2

Classes loaded (20 events):
Event: 9.789 Loading class java/io/ObjectStreamClass$3
Event: 9.789 Loading class java/io/ObjectStreamClass$3 done
Event: 9.789 Loading class java/io/ObjectStreamClass$4
Event: 9.789 Loading class java/io/ObjectStreamClass$4 done
Event: 9.789 Loading class java/io/ObjectStreamClass$5
Event: 9.789 Loading class java/io/ObjectStreamClass$5 done
Event: 9.790 Loading class java/io/ObjectStreamClass$ClassDataSlot
Event: 9.790 Loading class java/io/ObjectStreamClass$ClassDataSlot done
Event: 9.793 Loading class java/io/SerialCallbackContext
Event: 9.794 Loading class java/io/SerialCallbackContext done
Event: 9.835 Loading class java/lang/invoke/SerializedLambda$1
Event: 9.835 Loading class java/lang/invoke/SerializedLambda$1 done
Event: 11.939 Loading class java/util/DualPivotQuicksort
Event: 11.940 Loading class java/util/DualPivotQuicksort done
Event: 11.976 Loading class java/util/function/LongUnaryOperator
Event: 11.976 Loading class java/util/function/LongUnaryOperator done
Event: 12.309 Loading class java/util/concurrent/LinkedBlockingDeque$Itr
Event: 12.986 Loading class java/util/concurrent/LinkedBlockingDeque$AbstractItr
Event: 12.987 Loading class java/util/concurrent/LinkedBlockingDeque$AbstractItr done
Event: 12.987 Loading class java/util/concurrent/LinkedBlockingDeque$Itr done

Classes unloaded (0 events):
No events

Classes redefined (0 events):
No events

Internal exceptions (20 events):
Event: 9.760 Thread 0x000001ae53f58ef0 Exception <a 'java/lang/NoSuchMethodError'{0x00000000839e45d0}: 'void java.lang.invoke.DelegatingMethodHandle$Holder.reinvoke_L(java.lang.Object, java.lang.Object, int)'> (0x00000000839e45d0) 
thrown [s\src\hotspot\share\interpreter\linkResolver.cpp, line 784]
Event: 9.760 Thread 0x000001ae53f58ef0 Exception <a 'java/lang/NoSuchMethodError'{0x00000000839eb938}: 'int java.lang.invoke.Invokers$Holder.invokeExact_MT(java.lang.Object, java.lang.Object, java.lang.Object)'> (0x00000000839eb938) 
thrown [s\src\hotspot\share\interpreter\linkResolver.cpp, line 784]
Event: 9.762 Thread 0x000001ae53f58ef0 Exception <a 'java/lang/NoSuchMethodError'{0x000000008380c248}: 'void java.lang.invoke.DelegatingMethodHandle$Holder.reinvoke_L(java.lang.Object, java.lang.Object, long)'> (0x000000008380c248) 
thrown [s\src\hotspot\share\interpreter\linkResolver.cpp, line 784]
Event: 9.762 Thread 0x000001ae53f58ef0 Exception <a 'java/lang/NoSuchMethodError'{0x00000000838137c8}: 'long java.lang.invoke.Invokers$Holder.invokeExact_MT(java.lang.Object, java.lang.Object, java.lang.Object)'> (0x00000000838137c8) 
thrown [s\src\hotspot\share\interpreter\linkResolver.cpp, line 784]
Event: 9.789 Thread 0x000001ae53f56790 Exception <a 'java/lang/NoSuchMethodError'{0x00000000837a24f8}: static Lorg/gradle/internal/build/event/types/DefaultOperationStartedProgressEvent;.<clinit>()V> (0x00000000837a24f8) 
thrown [s\src\hotspot\share\prims\jni.cpp, line 1144]
Event: 9.790 Thread 0x000001ae53f56790 Exception <a 'java/lang/NoSuchMethodError'{0x00000000837a50a8}: static Lorg/gradle/internal/build/event/types/AbstractProgressEvent;.<clinit>()V> (0x00000000837a50a8) 
thrown [s\src\hotspot\share\prims\jni.cpp, line 1144]
Event: 9.791 Thread 0x000001ae53f56790 Exception <a 'java/lang/NoSuchMethodError'{0x00000000837b95c8}: static Lorg/gradle/internal/build/event/types/DefaultProjectConfigurationDescriptor;.<clinit>()V> (0x00000000837b95c8) 
thrown [s\src\hotspot\share\prims\jni.cpp, line 1144]
Event: 9.791 Thread 0x000001ae53f56790 Exception <a 'java/lang/NoSuchMethodError'{0x00000000837bc238}: static Lorg/gradle/internal/build/event/types/DefaultOperationDescriptor;.<clinit>()V> (0x00000000837bc238) 
thrown [s\src\hotspot\share\prims\jni.cpp, line 1144]
Event: 9.792 Thread 0x000001ae53f56790 Exception <a 'java/lang/NoSuchMethodError'{0x00000000837c0278}: 'long java.lang.invoke.DirectMethodHandle$Holder.invokeSpecial(java.lang.Object, java.lang.Object)'> (0x00000000837c0278) 
thrown [s\src\hotspot\share\interpreter\linkResolver.cpp, line 784]
Event: 9.792 Thread 0x000001ae53f56790 Exception <a 'java/lang/NoSuchMethodError'{0x00000000837c3ff8}: 'long java.lang.invoke.Invokers$Holder.invokeExact_MT(java.lang.Object, java.lang.Object)'> (0x00000000837c3ff8) 
thrown [s\src\hotspot\share\interpreter\linkResolver.cpp, line 784]
Event: 9.793 Thread 0x000001ae53f56790 Exception <a 'java/lang/NoSuchMethodError'{0x000000008360f390}: static Lorg/gradle/internal/operations/OperationIdentifier;.<clinit>()V> (0x000000008360f390) 
thrown [s\src\hotspot\share\prims\jni.cpp, line 1144]
Event: 9.823 Thread 0x000001ae53f58ef0 Exception <a 'java/lang/NoSuchMethodError'{0x0000000087b7def8}: 'void java.lang.invoke.Invokers$Holder.invokeExact_MT(java.lang.Object, java.lang.Object, java.lang.Object, java.lang.Object)'> (0x0000000087b7def8) 
thrown [s\src\hotspot\share\interpreter\linkResolver.cpp, line 784]
Event: 9.826 Thread 0x000001ae53f58ef0 Exception <a 'java/lang/ClassNotFoundException'{0x0000000087bbd4a8}: org/gradle/internal/serialize/codecs/core/ClosureCodec$BrokenScriptBeanInfo> (0x0000000087bbd4a8) 
thrown [s\src\hotspot\share\classfile\systemDictionary.cpp, line 312]
Event: 9.827 Thread 0x000001ae53f58ef0 Exception <a 'java/lang/ClassNotFoundException'{0x0000000087bcc048}: org/gradle/internal/serialize/codecs/core/ClosureCodec$BrokenScriptCustomizer> (0x0000000087bcc048) 
thrown [s\src\hotspot\share\classfile\systemDictionary.cpp, line 312]
Event: 9.828 Thread 0x000001ae53f58ef0 Exception <a 'java/lang/ClassNotFoundException'{0x0000000087be6180}: org/gradle/api/invocation/GradleBeanInfo> (0x0000000087be6180) 
thrown [s\src\hotspot\share\classfile\systemDictionary.cpp, line 312]
Event: 9.828 Thread 0x000001ae53f58ef0 Exception <a 'java/lang/ClassNotFoundException'{0x0000000087bf21f0}: org/gradle/api/invocation/GradleCustomizer> (0x0000000087bf21f0) 
thrown [s\src\hotspot\share\classfile\systemDictionary.cpp, line 312]
Event: 9.831 Thread 0x000001ae53f58ef0 Exception <a 'java/lang/NoSuchMethodError'{0x0000000086314ae0}: 'void java.lang.invoke.Invokers$Holder.invokeExact_MT(java.lang.Object, java.lang.Object, int, java.lang.Object)'> (0x0000000086314ae0) 
thrown [s\src\hotspot\share\interpreter\linkResolver.cpp, line 784]
Event: 9.836 Thread 0x000001ae53f58ef0 Exception <a 'java/lang/NoSuchMethodError'{0x00000000863467c0}: 'void java.lang.invoke.Invokers$Holder.invokeExact_MT(java.lang.Object, java.lang.Object, long, java.lang.Object)'> (0x00000000863467c0) 
thrown [s\src\hotspot\share\interpreter\linkResolver.cpp, line 784]
Event: 11.977 Thread 0x000001ae53f58ef0 Exception <a 'java/lang/NoSuchMethodError'{0x0000000084d64ca8}: 'long java.lang.invoke.DirectMethodHandle$Holder.invokeStatic(java.lang.Object, long)'> (0x0000000084d64ca8) 
thrown [s\src\hotspot\share\interpreter\linkResolver.cpp, line 784]
Event: 13.036 Thread 0x000001ae53f58ef0 Implicit null exception at 0x000001ae40565b43 to 0x000001ae40565e7c

ZGC Phase Switch (0 events):
No events

VM Operations (20 events):
Event: 8.077 Executing VM operation: G1CollectForAllocation (G1 Evacuation Pause) done
Event: 8.354 Executing VM operation: HandshakeAllThreads (Deoptimize)
Event: 8.355 Executing VM operation: HandshakeAllThreads (Deoptimize) done
Event: 8.516 Executing VM operation: HandshakeAllThreads (Deoptimize)
Event: 8.517 Executing VM operation: HandshakeAllThreads (Deoptimize) done
Event: 9.517 Executing VM operation: Cleanup
Event: 9.517 Executing VM operation: Cleanup done
Event: 9.691 Executing VM operation: HandshakeAllThreads (Deoptimize)
Event: 9.691 Executing VM operation: HandshakeAllThreads (Deoptimize) done
Event: 9.790 Executing VM operation: HandshakeAllThreads (Deoptimize)
Event: 9.790 Executing VM operation: HandshakeAllThreads (Deoptimize) done
Event: 9.807 Executing VM operation: G1CollectForAllocation (G1 Evacuation Pause)
Event: 9.813 Executing VM operation: G1CollectForAllocation (G1 Evacuation Pause) done
Event: 10.813 Executing VM operation: Cleanup
Event: 10.920 Executing VM operation: Cleanup done
Event: 12.921 Executing VM operation: Cleanup
Event: 12.986 Executing VM operation: Cleanup done
Event: 13.000 Executing VM operation: HandshakeAllThreads (Deoptimize)
Event: 13.000 Executing VM operation: HandshakeAllThreads (Deoptimize) done
Event: 14.000 Executing VM operation: Cleanup

Memory protections (0 events):
No events

Nmethod flushes (20 events):
Event: 7.561 Thread 0x000001ae4db2e640 flushing  nmethod 0x000001ae38a4aa90
Event: 7.561 Thread 0x000001ae4db2e640 flushing  nmethod 0x000001ae38a4ae10
Event: 7.561 Thread 0x000001ae4db2e640 flushing  nmethod 0x000001ae38a9eb10
Event: 7.561 Thread 0x000001ae4db2e640 flushing  nmethod 0x000001ae38a9fa90
Event: 7.561 Thread 0x000001ae4db2e640 flushing  nmethod 0x000001ae38b08190
Event: 7.561 Thread 0x000001ae4db2e640 flushing  nmethod 0x000001ae38b0c190
Event: 7.561 Thread 0x000001ae4db2e640 flushing  nmethod 0x000001ae38bb1190
Event: 7.561 Thread 0x000001ae4db2e640 flushing  nmethod 0x000001ae38bb2510
Event: 7.561 Thread 0x000001ae4db2e640 flushing  nmethod 0x000001ae38bb3590
Event: 7.561 Thread 0x000001ae4db2e640 flushing  nmethod 0x000001ae38bb5090
Event: 7.561 Thread 0x000001ae4db2e640 flushing  nmethod 0x000001ae38bb5a10
Event: 7.561 Thread 0x000001ae4db2e640 flushing  nmethod 0x000001ae38c57f90
Event: 7.561 Thread 0x000001ae4db2e640 flushing  nmethod 0x000001ae38d99410
Event: 7.561 Thread 0x000001ae4db2e640 flushing  nmethod 0x000001ae38d9af90
Event: 7.561 Thread 0x000001ae4db2e640 flushing  nmethod 0x000001ae38d9b810
Event: 7.561 Thread 0x000001ae4db2e640 flushing  nmethod 0x000001ae38d9c490
Event: 7.561 Thread 0x000001ae4db2e640 flushing  nmethod 0x000001ae38d9d890
Event: 7.561 Thread 0x000001ae4db2e640 flushing  nmethod 0x000001ae38e64e90
Event: 7.561 Thread 0x000001ae4db2e640 flushing  nmethod 0x000001ae38e66910
Event: 7.561 Thread 0x000001ae4db2e640 flushing  nmethod 0x000001ae39043f10

Events (20 events):
Event: 6.070 Thread 0x000001ae53f58ef0 Thread added: 0x000001ae5403b0c0
Event: 6.082 Thread 0x000001ae5251a5d0 Thread exited: 0x000001ae5251a5d0
Event: 6.736 Thread 0x000001ae53f58ef0 Thread added: 0x000001ae5403bde0
Event: 6.738 Thread 0x000001ae53f58ef0 Thread added: 0x000001ae54039680
Event: 6.749 Thread 0x000001ae53f58ef0 Thread added: 0x000001ae5403d190
Event: 6.751 Thread 0x000001ae53f58ef0 Thread added: 0x000001ae5403cb00
Event: 6.783 Thread 0x000001ae53f58ef0 Thread added: 0x000001ae5403c470
Event: 6.784 Thread 0x000001ae53f58ef0 Thread added: 0x000001ae5403aa30
Event: 6.784 Thread 0x000001ae53f58ef0 Thread added: 0x000001ae55b1bc00
Event: 6.785 Thread 0x000001ae53f58ef0 Thread added: 0x000001ae55b1c920
Event: 6.909 Thread 0x000001ae53f58ef0 Thread added: 0x000001ae55b1cfb0
Event: 6.970 Thread 0x000001ae53f58ef0 Thread added: 0x000001ae55b19b30
Event: 7.011 Thread 0x000001ae53f58ef0 Thread added: 0x000001ae55b1d640
Event: 7.011 Thread 0x000001ae53f58ef0 Thread added: 0x000001ae55b1b570
Event: 7.012 Thread 0x000001ae53f58ef0 Thread added: 0x000001ae55b1c290
Event: 7.012 Thread 0x000001ae53f58ef0 Thread added: 0x000001ae55b1a1c0
Event: 7.044 Thread 0x000001ae53f58ef0 Thread added: 0x000001ae55b1dcd0
Event: 7.078 Thread 0x000001ae53f58ef0 Thread added: 0x000001ae55b1a850
Event: 7.094 Thread 0x000001ae53f58ef0 Thread added: 0x000001ae55b1e360
Event: 13.007 Thread 0x000001ae520b53f0 Thread added: 0x000001ae567f07e0


Dynamic libraries:
0x00007ff7ad180000 - 0x00007ff7ad18a000 	C:\Program Files\Android\jbr\bin\java.exe
0x00007ff93d900000 - 0x00007ff93db68000 	C:\WINDOWS\SYSTEM32\ntdll.dll
0x00007ff93c410000 - 0x00007ff93c4d9000 	C:\WINDOWS\System32\KERNEL32.DLL
0x00007ff93ac80000 - 0x00007ff93b072000 	C:\WINDOWS\System32\KERNELBASE.dll
0x00007ff93aa90000 - 0x00007ff93abdb000 	C:\WINDOWS\System32\ucrtbase.dll
0x00007ff921d80000 - 0x00007ff921d98000 	C:\Program Files\Android\jbr\bin\jli.dll
0x00007ff926f00000 - 0x00007ff926f1b000 	C:\Program Files\Android\jbr\bin\VCRUNTIME140.dll
0x00007ff93d650000 - 0x00007ff93d815000 	C:\WINDOWS\System32\USER32.dll
0x00007ff93b240000 - 0x00007ff93b267000 	C:\WINDOWS\System32\win32u.dll
0x00007ff93d820000 - 0x00007ff93d84b000 	C:\WINDOWS\System32\GDI32.dll
0x00007ff93b080000 - 0x00007ff93b1ad000 	C:\WINDOWS\System32\gdi32full.dll
0x00007ff93b270000 - 0x00007ff93b313000 	C:\WINDOWS\System32\msvcp_win.dll
0x00007ff91e100000 - 0x00007ff91e393000 	C:\WINDOWS\WinSxS\amd64_microsoft.windows.common-controls_6595b64144ccf1df_6.0.26100.6899_none_3e0efeeae32e88c1\COMCTL32.dll
0x00007ff93c1b0000 - 0x00007ff93c259000 	C:\WINDOWS\System32\msvcrt.dll
0x00007ff93b6d0000 - 0x00007ff93b6ff000 	C:\WINDOWS\System32\IMM32.DLL
0x00007ff928e40000 - 0x00007ff928e4c000 	C:\Program Files\Android\jbr\bin\vcruntime140_1.dll
0x00007ff913100000 - 0x00007ff91318d000 	C:\Program Files\Android\jbr\bin\msvcp140.dll
0x00007ff8bf8c0000 - 0x00007ff8c054e000 	C:\Program Files\Android\jbr\bin\server\jvm.dll
0x00007ff93c0c0000 - 0x00007ff93c174000 	C:\WINDOWS\System32\ADVAPI32.dll
0x00007ff93d300000 - 0x00007ff93d3a6000 	C:\WINDOWS\System32\sechost.dll
0x00007ff93c2e0000 - 0x00007ff93c3f8000 	C:\WINDOWS\System32\RPCRT4.dll
0x00007ff93d470000 - 0x00007ff93d4e4000 	C:\WINDOWS\System32\WS2_32.dll
0x00007ff93a8f0000 - 0x00007ff93a94e000 	C:\WINDOWS\SYSTEM32\POWRPROF.dll
0x00007ff91f980000 - 0x00007ff91f98b000 	C:\WINDOWS\SYSTEM32\VERSION.dll
0x00007ff935300000 - 0x00007ff935335000 	C:\WINDOWS\SYSTEM32\WINMM.dll
0x00007ff93a8d0000 - 0x00007ff93a8e4000 	C:\WINDOWS\SYSTEM32\UMPDC.dll
0x00007ff939860000 - 0x00007ff93987b000 	C:\WINDOWS\SYSTEM32\kernel.appcore.dll
0x00007ff926fd0000 - 0x00007ff926fda000 	C:\Program Files\Android\jbr\bin\jimage.dll
0x00007ff938120000 - 0x00007ff938362000 	C:\WINDOWS\SYSTEM32\DBGHELP.DLL
0x00007ff93cd40000 - 0x00007ff93d0bb000 	C:\WINDOWS\System32\combase.dll
0x00007ff93bf60000 - 0x00007ff93c037000 	C:\WINDOWS\System32\OLEAUT32.dll
0x00007ff904c70000 - 0x00007ff904cac000 	C:\WINDOWS\SYSTEM32\dbgcore.DLL
0x00007ff93abe0000 - 0x00007ff93ac78000 	C:\WINDOWS\System32\bcryptPrimitives.dll
0x00007ff928e30000 - 0x00007ff928e3e000 	C:\Program Files\Android\jbr\bin\instrument.dll
0x00007ff9216d0000 - 0x00007ff9216f0000 	C:\Program Files\Android\jbr\bin\java.dll
0x00007ff914910000 - 0x00007ff914928000 	C:\Program Files\Android\jbr\bin\zip.dll
0x00007ff93c5f0000 - 0x00007ff93cd3d000 	C:\WINDOWS\System32\SHELL32.dll
0x00007ff93b560000 - 0x00007ff93b6cb000 	C:\WINDOWS\System32\wintypes.dll
0x00007ff938700000 - 0x00007ff938f5d000 	C:\WINDOWS\SYSTEM32\windows.storage.dll
0x00007ff93be00000 - 0x00007ff93bef2000 	C:\WINDOWS\System32\SHCORE.dll
0x00007ff93d850000 - 0x00007ff93d8b2000 	C:\WINDOWS\System32\shlwapi.dll
0x00007ff93a9b0000 - 0x00007ff93a9d9000 	C:\WINDOWS\SYSTEM32\profapi.dll
0x00007ff925e50000 - 0x00007ff925e60000 	C:\Program Files\Android\jbr\bin\net.dll
0x00007ff92f1c0000 - 0x00007ff92f2df000 	C:\WINDOWS\SYSTEM32\WINHTTP.dll
0x00007ff939dd0000 - 0x00007ff939e3b000 	C:\WINDOWS\system32\mswsock.dll
0x00007ff914830000 - 0x00007ff914846000 	C:\Program Files\Android\jbr\bin\nio.dll
0x00007ff9215e0000 - 0x00007ff9215f0000 	C:\Program Files\Android\jbr\bin\verify.dll
0x00007ff925e80000 - 0x00007ff925ea7000 	C:\Users\Thanh Tu\.gradle\native\1def1411415f61bf3af743bc5b6707747c0891f09f0c88961ee8f79bc544acac\windows-amd64\native-platform.dll
0x00007ff909370000 - 0x00007ff9093e8000 	C:\Users\Thanh Tu\.gradle\native\0.2.7\x86_64-windows-gnu\gradle-fileevents.dll
0x00007ff921c10000 - 0x00007ff921c19000 	C:\Program Files\Android\jbr\bin\management.dll
0x00007ff9216c0000 - 0x00007ff9216cb000 	C:\Program Files\Android\jbr\bin\management_ext.dll
0x00007ff93d0c0000 - 0x00007ff93d0c8000 	C:\WINDOWS\System32\PSAPI.DLL
0x00007ff939330000 - 0x00007ff939364000 	C:\WINDOWS\SYSTEM32\IPHLPAPI.DLL
0x00007ff93c400000 - 0x00007ff93c40a000 	C:\WINDOWS\System32\NSI.dll
0x00007ff9237b0000 - 0x00007ff9237b9000 	C:\Program Files\Android\jbr\bin\extnet.dll
0x00007ff93a090000 - 0x00007ff93a0ab000 	C:\WINDOWS\SYSTEM32\CRYPTSP.dll
0x00007ff9397c0000 - 0x00007ff9397fb000 	C:\WINDOWS\system32\rsaenh.dll
0x00007ff939e70000 - 0x00007ff939e9b000 	C:\WINDOWS\SYSTEM32\USERENV.dll
0x00007ff93a980000 - 0x00007ff93a9a6000 	C:\WINDOWS\SYSTEM32\bcrypt.dll
0x00007ff93a080000 - 0x00007ff93a08c000 	C:\WINDOWS\SYSTEM32\CRYPTBASE.dll
0x00007ff908300000 - 0x00007ff908308000 	C:\WINDOWS\system32\wshunix.dll

dbghelp: loaded successfully - version: 4.0.5 - missing functions: none
symbol engine: initialized successfully - sym options: 0x614 - pdb path: .;C:\Program Files\Android\jbr\bin;C:\WINDOWS\SYSTEM32;C:\WINDOWS\WinSxS\amd64_microsoft.windows.common-controls_6595b64144ccf1df_6.0.26100.6899_none_3e0efeeae32e88c1;C:\Program Files\Android\jbr\bin\server;C:\Users\Thanh Tu\.gradle\native\1def1411415f61bf3af743bc5b6707747c0891f09f0c88961ee8f79bc544acac\windows-amd64;C:\Users\Thanh Tu\.gradle\native\0.2.7\x86_64-windows-gnu

VM Arguments:
jvm_args: --add-opens=java.base/java.lang=ALL-UNNAMED --add-opens=java.base/java.lang.invoke=ALL-UNNAMED --add-opens=java.base/java.util=ALL-UNNAMED --add-opens=java.prefs/java.util.prefs=ALL-UNNAMED --add-exports=jdk.compiler/com.sun.tools.javac.api=ALL-UNNAMED --add-exports=jdk.compiler/com.sun.tools.javac.util=ALL-UNNAMED --add-opens=java.base/java.util=ALL-UNNAMED --add-opens=java.prefs/java.util.prefs=ALL-UNNAMED --add-opens=java.base/java.nio.charset=ALL-UNNAMED --add-opens=java.base/java.net=ALL-UNNAMED --add-opens=java.base/java.util.concurrent.atomic=ALL-UNNAMED --add-opens=java.xml/javax.xml.namespace=ALL-UNNAMED -Xmx2048m -Dfile.encoding=UTF-8 -Duser.country=US -Duser.language=en -Duser.variant -javaagent:C:\Users\Thanh Tu\.gradle\wrapper\dists\gradle-8.13-bin\5xuhj0ry160q40clulazy9h7d\gradle-8.13\lib\agents\gradle-instrumentation-agent-8.13.jar 
java_command: org.gradle.launcher.daemon.bootstrap.GradleDaemon 8.13
java_class_path (initial): C:\Users\Thanh Tu\.gradle\wrapper\dists\gradle-8.13-bin\5xuhj0ry160q40clulazy9h7d\gradle-8.13\lib\gradle-daemon-main-8.13.jar
Launcher Type: SUN_STANDARD

[Global flags]
     intx CICompilerCount                          = 4                                         {product} {ergonomic}
     uint ConcGCThreads                            = 3                                         {product} {ergonomic}
     uint G1ConcRefinementThreads                  = 10                                        {product} {ergonomic}
   size_t G1HeapRegionSize                         = 1048576                                   {product} {ergonomic}
    uintx GCDrainStackTargetSize                   = 64                                        {product} {ergonomic}
   size_t InitialHeapSize                          = 130023424                                 {product} {ergonomic}
   size_t MarkStackSize                            = 4194304                                   {product} {ergonomic}
   size_t MaxHeapSize                              = 2147483648                                {product} {command line}
   size_t MaxNewSize                               = 1287651328                                {product} {ergonomic}
   size_t MinHeapDeltaBytes                        = 1048576                                   {product} {ergonomic}
   size_t MinHeapSize                              = 8388608                                   {product} {ergonomic}
    uintx NonNMethodCodeHeapSize                   = 5839372                                {pd product} {ergonomic}
    uintx NonProfiledCodeHeapSize                  = 122909434                              {pd product} {ergonomic}
    uintx ProfiledCodeHeapSize                     = 122909434                              {pd product} {ergonomic}
    uintx ReservedCodeCacheSize                    = 251658240                              {pd product} {ergonomic}
     bool SegmentedCodeCache                       = true                                      {product} {ergonomic}
   size_t SoftMaxHeapSize                          = 2147483648                             {manageable} {ergonomic}
     bool UseCompressedOops                        = true                           {product lp64_product} {ergonomic}
     bool UseG1GC                                  = true                                      {product} {ergonomic}
     bool UseLargePagesIndividualAllocation        = false                                  {pd product} {ergonomic}

Logging:
Log output configuration:
 #0: stdout all=warning uptime,level,tags foldmultilines=false
 #1: stderr all=off uptime,level,tags foldmultilines=false

Environment Variables:
PATH=C:\Program Files (x86)\VMware\VMware Workstation\bin\;C:\Program Files\Python311\Scripts\;C:\Program Files\Python311\;C:\WINDOWS\system32;C:\WINDOWS;C:\WINDOWS\System32\Wbem;C:\WINDOWS\System32\WindowsPowerShell\v1.0\;C:\WINDOWS\System32\OpenSSH\;C:\Program Files\dotnet\;C:\Program Files (x86)\Rational\common;C:\Program Files\nodejs\;C:\Program Files\Git\cmd;C:\Users\Thanh Tu\AppData\Local\Programs\Python\Python313\Scripts\;C:\Users\Thanh Tu\AppData\Local\Programs\Python\Python313\;C:\Users\Thanh Tu\AppData\Local\Microsoft\WindowsApps;C:\Users\Thanh Tu\AppData\Local\Programs\Microsoft VS Code\bin;C:\Users\Thanh Tu\AppData\Roaming\npm
USERNAME=Thanh Tu
OS=Windows_NT
PROCESSOR_IDENTIFIER=Intel64 Family 6 Model 154 Stepping 4, GenuineIntel
TMP=C:\Users\THANHT~1\AppData\Local\Temp
TEMP=C:\Users\THANHT~1\AppData\Local\Temp




Periodic native trim disabled

JNI global refs:
JNI global refs: 26, weak refs: 0

JNI global refs memory usage: 835, weak refs: 833

Process memory usage:
Resident Set Size: 260400K (3% of 8065780K total physical memory with 1031088K free physical memory)

OOME stack traces (most recent first):
Classloader memory used:
Loader org.gradle.internal.classloader.VisitableURLClassLoader                         : 36012K
Loader bootstrap                                                                       : 23083K
Loader org.gradle.initialization.MixInLegacyTypesClassLoader                           : 9096K
Loader jdk.internal.loader.ClassLoaders$PlatformClassLoader                            : 493K
Loader jdk.internal.loader.ClassLoaders$AppClassLoader                                 : 235K
Loader org.gradle.groovy.scripts.internal.DefaultScriptCompilationHandler$ScriptClassLoader: 98832B
Loader org.gradle.internal.classloader.VisitableURLClassLoader                         : 68600B
Loader jdk.internal.reflect.DelegatingClassLoader                                      : 68576B
Loader org.gradle.internal.classloader.VisitableURLClassLoader$InstrumentingVisitableURLClassLoader: 18368B
Loader org.codehaus.groovy.runtime.callsite.CallSiteClassLoader                        : 10112B

Classes loaded by more than one classloader:
Class org.gradle.internal.classloader.FilteringClassLoader                            : loaded 2 times (x 103B)
Class org.gradle.internal.classloader.ClassLoaderHierarchy                            : loaded 2 times (x 68B)
Class org.gradle.api.internal.classpath.ManifestUtil                                  : loaded 2 times (x 69B)
Class org.gradle.internal.classloader.DefaultClassLoaderFactory                       : loaded 2 times (x 80B)
Class org.gradle.internal.classloader.ClassLoaderVisitor                              : loaded 2 times (x 74B)
Class org.gradle.api.internal.classpath.EffectiveClassPath                            : loaded 2 times (x 88B)
Class org.gradle.api.internal.DefaultClassPathProvider                                : loaded 2 times (x 74B)
Class [Lorg.gradle.api.internal.ClassPathProvider;                                    : loaded 2 times (x 67B)
Class org.gradle.api.internal.ClassPathProvider                                       : loaded 2 times (x 68B)
Class org.gradle.internal.service.UnknownServiceException                             : loaded 2 times (x 81B)
Class ijKotlinCoroutineJvmDebugInit1_8bummltvgtqv4qzphntv5bizo$_run_closure1          : loaded 2 times (x 137B)
Class org.gradle.internal.classpath.TransformedClassPath                              : loaded 2 times (x 94B)
Class org.gradle.internal.classloader.InstrumentingClassLoader                        : loaded 2 times (x 68B)
Class org.gradle.internal.service.ServiceLocator                                      : loaded 2 times (x 68B)
Class org.gradle.internal.InternalTransformer                                         : loaded 2 times (x 68B)
Class org.gradle.internal.classloader.ClasspathUtil$1                                 : loaded 2 times (x 74B)
Class org.gradle.api.internal.classpath.DefaultModuleRegistry$DefaultModule           : loaded 2 times (x 84B)
Class org.gradle.api.internal.classpath.Module                                        : loaded 2 times (x 68B)
Class org.gradle.api.internal.classpath.UnknownModuleException                        : loaded 2 times (x 80B)
Class org.gradle.api.internal.DefaultClassPathRegistry                                : loaded 2 times (x 74B)
Class org.gradle.api.internal.ClassPathRegistry                                       : loaded 2 times (x 68B)
Class org.gradle.internal.classpath.DefaultClassPath$ImmutableUniqueList              : loaded 2 times (x 197B)
Class Settings_gradle$1                                                               : loaded 2 times (x 73B)
Class Program                                                                         : loaded 2 times (x 70B)
Class org.gradle.internal.classpath.ClassPath                                         : loaded 2 times (x 68B)
Class org.gradle.api.UncheckedIOException                                             : loaded 2 times (x 80B)
Class ijJvmDebugger1_3qmp05w676ynnjs7lj9fz5zop                                        : loaded 2 times (x 177B)
Class ijKotlinCoroutineJvmDebugInit1_8bummltvgtqv4qzphntv5bizo                        : loaded 2 times (x 177B)
Class org.gradle.internal.installation.GradleInstallation$1                           : loaded 2 times (x 73B)
Class org.gradle.api.internal.classpath.ModuleRegistry                                : loaded 2 times (x 68B)
Class org.gradle.api.internal.classpath.DefaultModuleRegistry                         : loaded 2 times (x 84B)
Class org.gradle.internal.service.ServiceLookupException                              : loaded 2 times (x 80B)
Class org.gradle.internal.classloader.ClassLoaderFactory                              : loaded 2 times (x 68B)
Class org.gradle.internal.service.CachingServiceLocator                               : loaded 2 times (x 80B)
Class org.gradle.internal.classloader.ClasspathUtil                                   : loaded 2 times (x 69B)
Class org.gradle.api.specs.Spec                                                       : loaded 2 times (x 68B)
Class ijJvmDebugger1_3qmp05w676ynnjs7lj9fz5zop$_run_closure1                          : loaded 2 times (x 137B)
Class org.gradle.internal.classloader.VisitableURLClassLoader$InstrumentingVisitableURLClassLoader: loaded 2 times (x 121B)
Class org.gradle.internal.classloader.VisitableURLClassLoader$Spec                    : loaded 2 times (x 72B)
Class org.gradle.internal.classpath.DefaultClassPath                                  : loaded 2 times (x 88B)
Class org.gradle.internal.classloader.ClassLoaderSpec                                 : loaded 2 times (x 69B)
Class Settings_gradle$1$1                                                             : loaded 2 times (x 73B)
Class org.gradle.internal.classloader.VisitableURLClassLoader                         : loaded 2 times (x 115B)
Class Settings_gradle                                                                 : loaded 2 times (x 126B)
Class org.gradle.internal.Cast                                                        : loaded 2 times (x 69B)
Class org.gradle.api.Action                                                           : loaded 2 times (x 68B)
Class org.gradle.internal.classpath.DefaultClassPath$ImmutableUniqueList$Builder      : loaded 2 times (x 73B)
Class org.gradle.api.GradleException                                                  : loaded 2 times (x 80B)
Class org.gradle.internal.IoActions                                                   : loaded 2 times (x 69B)
Class org.gradle.internal.classloader.SystemClassLoaderSpec                           : loaded 2 times (x 69B)
Class org.gradle.api.internal.classpath.GlobalCacheRootsProvider                      : loaded 2 times (x 68B)
Class Settings_gradle$1$1$1                                                           : loaded 2 times (x 73B)
Class org.gradle.internal.installation.CurrentGradleInstallationLocator               : loaded 2 times (x 69B)
Class org.gradle.internal.service.DefaultServiceLocator                               : loaded 2 times (x 81B)
Class org.gradle.internal.installation.CurrentGradleInstallation                      : loaded 2 times (x 71B)
Class org.gradle.util.internal.GUtil                                                  : loaded 2 times (x 69B)
Class org.gradle.internal.installation.GradleInstallation                             : loaded 2 times (x 73B)

---------------  S Y S T E M  ---------------

OS:
 Windows 11 , 64 bit Build 26100 (10.0.26100.6725)
OS uptime: 6 days 6:59 hours

CPU: total 12 (initial active 12) (12 cores per cpu, 1 threads per core) family 6 model 154 stepping 4 microcode 0x437, cx8, cmov, fxsr, mmx, 3dnowpref, sse, sse2, sse3, ssse3, sse4.1, sse4.2, popcnt, lzcnt, tsc, tscinvbit, avx, avx2, aes, erms, clmul, bmi1, bmi2, adx, sha, fma, vzeroupper, clflush, clflushopt, clwb, serialize, rdtscp, rdpid, fsrm, f16c, pku, cet_ibt, cet_ss
Processor Information for the first 12 processors :
  Max Mhz: 1300, Current Mhz: 1300, Mhz Limit: 1300

Memory: 4k page, system-wide physical 7876M (1007M free)
TotalPageFile size 32452M (AvailPageFile size 9M)
current process WorkingSet (physical memory assigned to process): 255M, peak: 259M
current process commit charge ("private bytes"): 327M, peak: 327M

vm_info: OpenJDK 64-Bit Server VM (21.0.7+-13880790-b1038.58) for windows-amd64 JRE (21.0.7+-13880790-b1038.58), built on 2025-08-04T20:56:21Z by "builder" with MS VC++ 16.10 / 16.11 (VS2019)

END.
