#
# There is insufficient memory for the Java Runtime Environment to continue.
# Native memory allocation (malloc) failed to allocate 1458176 bytes. Error detail: Chunk::new
# Possible reasons:
#   The system is out of physical RAM or swap space
#   This process is running with CompressedOops enabled, and the Java Heap may be blocking the growth of the native heap
# Possible solutions:
#   Reduce memory load on the system
#   Increase physical memory or swap space
#   Check if swap backing store is full
#   Decrease Java heap size (-Xmx/-Xms)
#   Decrease number of Java threads
#   Decrease Java thread stack sizes (-Xss)
#   Set larger code cache with -XX:ReservedCodeCacheSize=
#   JVM is running with Unscaled Compressed Oops mode in which the Java heap is
#     placed in the first 4GB address space. The Java Heap base address is the
#     maximum limit for the native heap growth. Please use -XX:HeapBaseMinAddress
#     to set the Java Heap base and to place the Java Heap above 4GB virtual address.
# This output file may be truncated or incomplete.
#
#  Out of Memory Error (arena.cpp:168), pid=8608, tid=20808
#
# JRE version: OpenJDK Runtime Environment (21.0.7) (build 21.0.7+-13880790-b1038.58)
# Java VM: OpenJDK 64-Bit Server VM (21.0.7+-13880790-b1038.58, mixed mode, tiered, compressed oops, compressed class ptrs, g1 gc, windows-amd64)
# No core dump will be written. Minidumps are not enabled by default on client versions of Windows
#

---------------  S U M M A R Y ------------

Command Line: --add-opens=java.base/java.lang=ALL-UNNAMED --add-opens=java.base/java.lang.invoke=ALL-UNNAMED --add-opens=java.base/java.util=ALL-UNNAMED --add-opens=java.prefs/java.util.prefs=ALL-UNNAMED --add-exports=jdk.compiler/com.sun.tools.javac.api=ALL-UNNAMED --add-exports=jdk.compiler/com.sun.tools.javac.util=ALL-UNNAMED --add-opens=java.base/java.util=ALL-UNNAMED --add-opens=java.prefs/java.util.prefs=ALL-UNNAMED --add-opens=java.base/java.nio.charset=ALL-UNNAMED --add-opens=java.base/java.net=ALL-UNNAMED --add-opens=java.base/java.util.concurrent.atomic=ALL-UNNAMED --add-opens=java.xml/javax.xml.namespace=ALL-UNNAMED -Xmx2048m -Dfile.encoding=UTF-8 -Duser.country=US -Duser.language=en -Duser.variant -javaagent:C:\Users\Thanh Tu\.gradle\wrapper\dists\gradle-8.13-bin\5xuhj0ry160q40clulazy9h7d\gradle-8.13\lib\agents\gradle-instrumentation-agent-8.13.jar org.gradle.launcher.daemon.bootstrap.GradleDaemon 8.13

Host: 12th Gen Intel(R) Core(TM) i5-1235U, 12 cores, 7G,  Windows 11 , 64 bit Build 26100 (10.0.26100.6725)
Time: Thu Nov 13 23:21:16 2025 SE Asia Standard Time elapsed time: 7.832466 seconds (0d 0h 0m 7s)

---------------  T H R E A D  ---------------

Current thread (0x000001a83827ba40):  JavaThread "C2 CompilerThread0" daemon [_thread_in_native, id=20808, stack(0x0000002d95100000,0x0000002d95200000) (1024K)]


Current CompileTask:
C2:7832 6761       4       java.lang.invoke.InvokerBytecodeGenerator::addMethod (725 bytes)

Stack: [0x0000002d95100000,0x0000002d95200000]
Native frames: (J=compiled Java code, j=interpreted, Vv=VM code, C=native code)
V  [jvm.dll+0x6d25c9]
V  [jvm.dll+0x860923]
V  [jvm.dll+0x862e7e]
V  [jvm.dll+0x863563]
V  [jvm.dll+0x27f156]
V  [jvm.dll+0xc002d]
V  [jvm.dll+0xc0563]
V  [jvm.dll+0x3b6d3b]
V  [jvm.dll+0x382c27]
V  [jvm.dll+0x38209a]
V  [jvm.dll+0x247e72]
V  [jvm.dll+0x247441]
V  [jvm.dll+0x1c5fb4]
V  [jvm.dll+0x256bac]
V  [jvm.dll+0x2550f6]
V  [jvm.dll+0x3f1d16]
V  [jvm.dll+0x808d08]
V  [jvm.dll+0x6d0e1d]
C  [ucrtbase.dll+0x37b0]
C  [KERNEL32.DLL+0x2e8d7]
C  [ntdll.dll+0x8c53c]


---------------  P R O C E S S  ---------------

Threads class SMR info:
_java_thread_list=0x000001a84120bfb0, length=54, elements={
0x000001a81e167a00, 0x000001a838241ea0, 0x000001a838247e80, 0x000001a8382488e0,
0x000001a838265930, 0x000001a8382797f0, 0x000001a83827a250, 0x000001a83827acb0,
0x000001a83827ba40, 0x000001a83827c4e0, 0x000001a8386c2030, 0x000001a8387564c0,
0x000001a83e283530, 0x000001a83e279f70, 0x000001a83e185bd0, 0x000001a83df12b10,
0x000001a83df134d0, 0x000001a83d96a960, 0x000001a83e1d7070, 0x000001a83e1d5630,
0x000001a83e1d3bf0, 0x000001a83e1d4280, 0x000001a83e1d4fa0, 0x000001a83e1d4910,
0x000001a83e1d69e0, 0x000001a83e1d6350, 0x000001a83f78d550, 0x000001a83f78dbe0,
0x000001a83f78adf0, 0x000001a83f78e270, 0x000001a83f78cec0, 0x000001a83f78b480,
0x000001a83f78bb10, 0x000001a83f78ef90, 0x000001a83f78f620, 0x000001a83f78fcb0,
0x000001a83f78c830, 0x000001a83f791060, 0x000001a83f791d80, 0x000001a83f790340,
0x000001a83f792410, 0x000001a83f7916f0, 0x000001a83f7909d0, 0x000001a8418c8190,
0x000001a8418c8820, 0x000001a8418c6de0, 0x000001a8418c7470, 0x000001a8418c9540,
0x000001a8418c8eb0, 0x000001a8418ca260, 0x000001a8418ca8f0, 0x000001a8418c9bd0,
0x000001a8418c7b00, 0x000001a8418cb610
}

Java Threads: ( => current thread )
  0x000001a81e167a00 JavaThread "main"                              [_thread_blocked, id=11092, stack(0x0000002d94200000,0x0000002d94300000) (1024K)]
  0x000001a838241ea0 JavaThread "Common-Cleaner"             daemon [_thread_blocked, id=22984, stack(0x0000002d94a00000,0x0000002d94b00000) (1024K)]
  0x000001a838247e80 JavaThread "Reference Handler"          daemon [_thread_blocked, id=21460, stack(0x0000002d94b00000,0x0000002d94c00000) (1024K)]
  0x000001a8382488e0 JavaThread "Finalizer"                  daemon [_thread_blocked, id=10584, stack(0x0000002d94c00000,0x0000002d94d00000) (1024K)]
  0x000001a838265930 JavaThread "Signal Dispatcher"          daemon [_thread_blocked, id=22988, stack(0x0000002d94d00000,0x0000002d94e00000) (1024K)]
  0x000001a8382797f0 JavaThread "Attach Listener"            daemon [_thread_blocked, id=12640, stack(0x0000002d94e00000,0x0000002d94f00000) (1024K)]
  0x000001a83827a250 JavaThread "Service Thread"             daemon [_thread_blocked, id=15252, stack(0x0000002d94f00000,0x0000002d95000000) (1024K)]
  0x000001a83827acb0 JavaThread "Monitor Deflation Thread"   daemon [_thread_blocked, id=23648, stack(0x0000002d95000000,0x0000002d95100000) (1024K)]
=>0x000001a83827ba40 JavaThread "C2 CompilerThread0"         daemon [_thread_in_native, id=20808, stack(0x0000002d95100000,0x0000002d95200000) (1024K)]
  0x000001a83827c4e0 JavaThread "C1 CompilerThread0"         daemon [_thread_blocked, id=16596, stack(0x0000002d95200000,0x0000002d95300000) (1024K)]
  0x000001a8386c2030 JavaThread "Notification Thread"        daemon [_thread_blocked, id=8448, stack(0x0000002d95300000,0x0000002d95400000) (1024K)]
  0x000001a8387564c0 JavaThread "Daemon health stats"               [_thread_blocked, id=6628, stack(0x0000002d95d00000,0x0000002d95e00000) (1024K)]
  0x000001a83e283530 JavaThread "Incoming local TCP Connector on port 63363"        [_thread_in_native, id=13416, stack(0x0000002d95e00000,0x0000002d95f00000) (1024K)]
  0x000001a83e279f70 JavaThread "Daemon periodic checks"            [_thread_blocked, id=23516, stack(0x0000002d95f00000,0x0000002d96000000) (1024K)]
  0x000001a83e185bd0 JavaThread "Daemon"                            [_thread_blocked, id=24060, stack(0x0000002d96000000,0x0000002d96100000) (1024K)]
  0x000001a83df12b10 JavaThread "Handler for socket connection from /127.0.0.1:63363 to /127.0.0.1:63364"        [_thread_in_native, id=9312, stack(0x0000002d96100000,0x0000002d96200000) (1024K)]
  0x000001a83df134d0 JavaThread "Cancel handler"                    [_thread_blocked, id=6136, stack(0x0000002d96200000,0x0000002d96300000) (1024K)]
  0x000001a83d96a960 JavaThread "Daemon worker"                     [_thread_in_native, id=14632, stack(0x0000002d96300000,0x0000002d96400000) (1024K)]
  0x000001a83e1d7070 JavaThread "Asynchronous log dispatcher for DefaultDaemonConnection: socket connection from /127.0.0.1:63363 to /127.0.0.1:63364"        [_thread_blocked, id=5912, stack(0x0000002d96400000,0x0000002d96500000) (1024K)]
  0x000001a83e1d5630 JavaThread "Stdin handler"                     [_thread_blocked, id=16992, stack(0x0000002d96500000,0x0000002d96600000) (1024K)]
  0x000001a83e1d3bf0 JavaThread "Daemon client event forwarder"        [_thread_blocked, id=11332, stack(0x0000002d96600000,0x0000002d96700000) (1024K)]
  0x000001a83e1d4280 JavaThread "Cache worker for journal cache (C:\Users\Thanh Tu\.gradle\caches\journal-1)"        [_thread_blocked, id=19236, stack(0x0000002d96a00000,0x0000002d96b00000) (1024K)]
  0x000001a83e1d4fa0 JavaThread "File lock request listener"        [_thread_in_native, id=10996, stack(0x0000002d96b00000,0x0000002d96c00000) (1024K)]
  0x000001a83e1d4910 JavaThread "Cache worker for file hash cache (C:\Users\Thanh Tu\.gradle\caches\8.13\fileHashes)"        [_thread_blocked, id=11560, stack(0x0000002d96c00000,0x0000002d96d00000) (1024K)]
  0x000001a83e1d69e0 JavaThread "Cache worker for file hash cache (C:\Users\Thanh Tu\Desktop\PTrienUD\PTUD_Git\personal_finance\.gradle\8.13\fileHashes)"        [_thread_blocked, id=19888, stack(0x0000002d96d00000,0x0000002d96e00000) (1024K)]
  0x000001a83e1d6350 JavaThread "Cache worker for Build Output Cleanup Cache (C:\Users\Thanh Tu\Desktop\PTrienUD\PTUD_Git\personal_finance\.gradle\buildOutputCleanup)"        [_thread_blocked, id=21096, stack(0x0000002d96e00000,0x0000002d96f00000) (1024K)]
  0x000001a83f78d550 JavaThread "File watcher server"        daemon [_thread_in_native, id=15864, stack(0x0000002d96f00000,0x0000002d97000000) (1024K)]
  0x000001a83f78dbe0 JavaThread "File watcher consumer"      daemon [_thread_blocked, id=7528, stack(0x0000002d97000000,0x0000002d97100000) (1024K)]
  0x000001a83f78adf0 JavaThread "jar transforms"                    [_thread_blocked, id=7444, stack(0x0000002d97100000,0x0000002d97200000) (1024K)]
  0x000001a83f78e270 JavaThread "jar transforms Thread 2"           [_thread_blocked, id=14060, stack(0x0000002d97200000,0x0000002d97300000) (1024K)]
  0x000001a83f78cec0 JavaThread "Cache worker for checksums cache (C:\Users\Thanh Tu\Desktop\PTrienUD\PTUD_Git\personal_finance\.gradle\8.13\checksums)"        [_thread_blocked, id=2636, stack(0x0000002d97300000,0x0000002d97400000) (1024K)]
  0x000001a83f78b480 JavaThread "Cache worker for file content cache (C:\Users\Thanh Tu\.gradle\caches\8.13\fileContent)"        [_thread_blocked, id=9276, stack(0x0000002d97400000,0x0000002d97500000) (1024K)]
  0x000001a83f78bb10 JavaThread "jar transforms Thread 3"           [_thread_blocked, id=10136, stack(0x0000002d97500000,0x0000002d97600000) (1024K)]
  0x000001a83f78ef90 JavaThread "Cache worker for cache directory md-supplier (C:\Users\Thanh Tu\.gradle\caches\8.13\md-supplier)"        [_thread_blocked, id=16836, stack(0x0000002d97600000,0x0000002d97700000) (1024K)]
  0x000001a83f78f620 JavaThread "Cache worker for cache directory md-rule (C:\Users\Thanh Tu\.gradle\caches\8.13\md-rule)"        [_thread_blocked, id=19864, stack(0x0000002d97700000,0x0000002d97800000) (1024K)]
  0x000001a83f78fcb0 JavaThread "Unconstrained build operations"        [_thread_blocked, id=24584, stack(0x0000002d97800000,0x0000002d97900000) (1024K)]
  0x000001a83f78c830 JavaThread "Unconstrained build operations Thread 2"        [_thread_blocked, id=23440, stack(0x0000002d97900000,0x0000002d97a00000) (1024K)]
  0x000001a83f791060 JavaThread "Unconstrained build operations Thread 3"        [_thread_blocked, id=23336, stack(0x0000002d97a00000,0x0000002d97b00000) (1024K)]
  0x000001a83f791d80 JavaThread "Unconstrained build operations Thread 4"        [_thread_blocked, id=9360, stack(0x0000002d97b00000,0x0000002d97c00000) (1024K)]
  0x000001a83f790340 JavaThread "Unconstrained build operations Thread 5"        [_thread_blocked, id=22140, stack(0x0000002d97c00000,0x0000002d97d00000) (1024K)]
  0x000001a83f792410 JavaThread "Unconstrained build operations Thread 6"        [_thread_blocked, id=14416, stack(0x0000002d97d00000,0x0000002d97e00000) (1024K)]
  0x000001a83f7916f0 JavaThread "Unconstrained build operations Thread 7"        [_thread_blocked, id=10560, stack(0x0000002d97e00000,0x0000002d97f00000) (1024K)]
  0x000001a83f7909d0 JavaThread "Unconstrained build operations Thread 8"        [_thread_blocked, id=21664, stack(0x0000002d97f00000,0x0000002d98000000) (1024K)]
  0x000001a8418c8190 JavaThread "jar transforms Thread 4"           [_thread_blocked, id=22160, stack(0x0000002d98000000,0x0000002d98100000) (1024K)]
  0x000001a8418c8820 JavaThread "jar transforms Thread 5"           [_thread_blocked, id=7420, stack(0x0000002d98100000,0x0000002d98200000) (1024K)]
  0x000001a8418c6de0 JavaThread "Unconstrained build operations Thread 9"        [_thread_blocked, id=22088, stack(0x0000002d98200000,0x0000002d98300000) (1024K)]
  0x000001a8418c7470 JavaThread "Unconstrained build operations Thread 10"        [_thread_blocked, id=8684, stack(0x0000002d98300000,0x0000002d98400000) (1024K)]
  0x000001a8418c9540 JavaThread "Unconstrained build operations Thread 11"        [_thread_blocked, id=13576, stack(0x0000002d98400000,0x0000002d98500000) (1024K)]
  0x000001a8418c8eb0 JavaThread "Unconstrained build operations Thread 12"        [_thread_blocked, id=13972, stack(0x0000002d98500000,0x0000002d98600000) (1024K)]
  0x000001a8418ca260 JavaThread "jar transforms Thread 6"           [_thread_blocked, id=12272, stack(0x0000002d98600000,0x0000002d98700000) (1024K)]
  0x000001a8418ca8f0 JavaThread "jar transforms Thread 7"           [_thread_blocked, id=23156, stack(0x0000002d98700000,0x0000002d98800000) (1024K)]
  0x000001a8418c9bd0 JavaThread "jar transforms Thread 8"           [_thread_blocked, id=25156, stack(0x0000002d98800000,0x0000002d98900000) (1024K)]
  0x000001a8418c7b00 JavaThread "jar transforms Thread 9"           [_thread_blocked, id=6776, stack(0x0000002d98900000,0x0000002d98a00000) (1024K)]
  0x000001a8418cb610 JavaThread "jar transforms Thread 10"          [_thread_blocked, id=6664, stack(0x0000002d98a00000,0x0000002d98b00000) (1024K)]
Total: 54

Other Threads:
  0x000001a8381f8440 VMThread "VM Thread"                           [id=12356, stack(0x0000002d94900000,0x0000002d94a00000) (1024K)]
  0x000001a838032080 WatcherThread "VM Periodic Task Thread"        [id=9400, stack(0x0000002d94800000,0x0000002d94900000) (1024K)]
  0x000001a8205b4230 WorkerThread "GC Thread#0"                     [id=8504, stack(0x0000002d94300000,0x0000002d94400000) (1024K)]
  0x000001a838614080 WorkerThread "GC Thread#1"                     [id=24172, stack(0x0000002d95500000,0x0000002d95600000) (1024K)]
  0x000001a838b545b0 WorkerThread "GC Thread#2"                     [id=24876, stack(0x0000002d95600000,0x0000002d95700000) (1024K)]
  0x000001a83d5f6630 WorkerThread "GC Thread#3"                     [id=19240, stack(0x0000002d95700000,0x0000002d95800000) (1024K)]
  0x000001a83d38b520 WorkerThread "GC Thread#4"                     [id=24764, stack(0x0000002d95800000,0x0000002d95900000) (1024K)]
  0x000001a83d5ab7b0 WorkerThread "GC Thread#5"                     [id=10420, stack(0x0000002d95900000,0x0000002d95a00000) (1024K)]
  0x000001a83d5acbf0 WorkerThread "GC Thread#6"                     [id=23896, stack(0x0000002d95a00000,0x0000002d95b00000) (1024K)]
  0x000001a83d96b980 WorkerThread "GC Thread#7"                     [id=13232, stack(0x0000002d95b00000,0x0000002d95c00000) (1024K)]
  0x000001a83e050090 WorkerThread "GC Thread#8"                     [id=5968, stack(0x0000002d95c00000,0x0000002d95d00000) (1024K)]
  0x000001a83e1eb5a0 WorkerThread "GC Thread#9"                     [id=24004, stack(0x0000002d96700000,0x0000002d96800000) (1024K)]
  0x000001a8205c5120 ConcurrentGCThread "G1 Main Marker"            [id=15292, stack(0x0000002d94400000,0x0000002d94500000) (1024K)]
  0x000001a8205c5b30 WorkerThread "G1 Conc#0"                       [id=23136, stack(0x0000002d94500000,0x0000002d94600000) (1024K)]
  0x000001a83e1e9c40 WorkerThread "G1 Conc#1"                       [id=23416, stack(0x0000002d96800000,0x0000002d96900000) (1024K)]
  0x000001a83e1eae60 WorkerThread "G1 Conc#2"                       [id=19516, stack(0x0000002d96900000,0x0000002d96a00000) (1024K)]
  0x000001a82061e4c0 ConcurrentGCThread "G1 Refine#0"               [id=18192, stack(0x0000002d94600000,0x0000002d94700000) (1024K)]
  0x000001a837f075c0 ConcurrentGCThread "G1 Service"                [id=18416, stack(0x0000002d94700000,0x0000002d94800000) (1024K)]
Total: 18

Threads with active compile tasks:
C2 CompilerThread0  7860 6761       4       java.lang.invoke.InvokerBytecodeGenerator::addMethod (725 bytes)
Total: 1

VM state: not at safepoint (normal execution)

VM Mutex/Monitor currently owned by a thread: None

Heap address: 0x0000000080000000, size: 2048 MB, Compressed Oops mode: 32-bit

CDS archive(s) not mapped
Compressed class space mapped at: 0x0000000100000000-0x0000000140000000, reserved size: 1073741824
Narrow klass base: 0x0000000000000000, Narrow klass shift: 3, Narrow klass range: 0x140000000

GC Precious Log:
 CardTable entry size: 512
 Card Set container configuration: InlinePtr #cards 5 size 8 Array Of Cards #cards 12 size 40 Howl #buckets 4 coarsen threshold 1843 Howl Bitmap #cards 512 size 80 coarsen threshold 460 Card regions per heap region 1 cards per card region 2048
 CPUs: 12 total, 12 available
 Memory: 7876M
 Large Page Support: Disabled
 NUMA Support: Disabled
 Compressed Oops: Enabled (32-bit)
 Heap Region Size: 1M
 Heap Min Capacity: 8M
 Heap Initial Capacity: 124M
 Heap Max Capacity: 2G
 Pre-touch: Disabled
 Parallel Workers: 10
 Concurrent Workers: 3
 Concurrent Refinement Workers: 10
 Periodic GC: Disabled

Heap:
 garbage-first heap   total 107520K, used 59207K [0x0000000080000000, 0x0000000100000000)
  region size 1024K, 19 young (19456K), 6 survivors (6144K)
 Metaspace       used 66040K, committed 67648K, reserved 1114112K
  class space    used 9067K, committed 9856K, reserved 1048576K

Heap Regions: E=young(eden), S=young(survivor), O=old, HS=humongous(starts), HC=humongous(continues), CS=collection set, F=free, TAMS=top-at-mark-start, PB=parsable bottom
|   0|0x0000000080000000, 0x0000000080100000, 0x0000000080100000|100%|HS|  |TAMS 0x0000000080000000| PB 0x0000000080000000| Complete 
|   1|0x0000000080100000, 0x0000000080200000, 0x0000000080200000|100%|HC|  |TAMS 0x0000000080100000| PB 0x0000000080100000| Complete 
|   2|0x0000000080200000, 0x0000000080300000, 0x0000000080300000|100%|HC|  |TAMS 0x0000000080200000| PB 0x0000000080200000| Complete 
|   3|0x0000000080300000, 0x0000000080400000, 0x0000000080400000|100%| O|  |TAMS 0x0000000080300000| PB 0x0000000080300000| Untracked 
|   4|0x0000000080400000, 0x0000000080500000, 0x0000000080500000|100%| O|  |TAMS 0x0000000080400000| PB 0x0000000080400000| Untracked 
|   5|0x0000000080500000, 0x0000000080600000, 0x0000000080600000|100%| O|  |TAMS 0x0000000080500000| PB 0x0000000080500000| Untracked 
|   6|0x0000000080600000, 0x0000000080700000, 0x0000000080700000|100%|HS|  |TAMS 0x0000000080600000| PB 0x0000000080600000| Complete 
|   7|0x0000000080700000, 0x0000000080800000, 0x0000000080800000|100%| O|  |TAMS 0x0000000080700000| PB 0x0000000080700000| Untracked 
|   8|0x0000000080800000, 0x0000000080900000, 0x0000000080900000|100%| O|  |TAMS 0x0000000080800000| PB 0x0000000080800000| Untracked 
|   9|0x0000000080900000, 0x0000000080a00000, 0x0000000080a00000|100%| O|  |TAMS 0x0000000080900000| PB 0x0000000080900000| Untracked 
|  10|0x0000000080a00000, 0x0000000080b00000, 0x0000000080b00000|100%| O|  |TAMS 0x0000000080a00000| PB 0x0000000080a00000| Untracked 
|  11|0x0000000080b00000, 0x0000000080c00000, 0x0000000080c00000|100%| O|  |TAMS 0x0000000080b00000| PB 0x0000000080b00000| Untracked 
|  12|0x0000000080c00000, 0x0000000080d00000, 0x0000000080d00000|100%| O|  |TAMS 0x0000000080c00000| PB 0x0000000080c00000| Untracked 
|  13|0x0000000080d00000, 0x0000000080e00000, 0x0000000080e00000|100%| O|  |TAMS 0x0000000080d00000| PB 0x0000000080d00000| Untracked 
|  14|0x0000000080e00000, 0x0000000080f00000, 0x0000000080f00000|100%| O|  |TAMS 0x0000000080e00000| PB 0x0000000080e00000| Untracked 
|  15|0x0000000080f00000, 0x0000000081000000, 0x0000000081000000|100%| O|  |TAMS 0x0000000080f00000| PB 0x0000000080f00000| Untracked 
|  16|0x0000000081000000, 0x0000000081100000, 0x0000000081100000|100%| O|  |TAMS 0x0000000081000000| PB 0x0000000081000000| Untracked 
|  17|0x0000000081100000, 0x0000000081200000, 0x0000000081200000|100%| O|  |TAMS 0x0000000081100000| PB 0x0000000081100000| Untracked 
|  18|0x0000000081200000, 0x0000000081300000, 0x0000000081300000|100%| O|  |TAMS 0x0000000081200000| PB 0x0000000081200000| Untracked 
|  19|0x0000000081300000, 0x0000000081400000, 0x0000000081400000|100%| O|  |TAMS 0x0000000081300000| PB 0x0000000081300000| Untracked 
|  20|0x0000000081400000, 0x0000000081500000, 0x0000000081500000|100%| O|  |TAMS 0x0000000081400000| PB 0x0000000081400000| Untracked 
|  21|0x0000000081500000, 0x0000000081600000, 0x0000000081600000|100%| O|  |TAMS 0x0000000081500000| PB 0x0000000081500000| Untracked 
|  22|0x0000000081600000, 0x0000000081700000, 0x0000000081700000|100%| O|  |TAMS 0x0000000081600000| PB 0x0000000081600000| Untracked 
|  23|0x0000000081700000, 0x0000000081800000, 0x0000000081800000|100%| O|  |TAMS 0x0000000081700000| PB 0x0000000081700000| Untracked 
|  24|0x0000000081800000, 0x0000000081900000, 0x0000000081900000|100%| O|  |TAMS 0x0000000081800000| PB 0x0000000081800000| Untracked 
|  25|0x0000000081900000, 0x0000000081a00000, 0x0000000081a00000|100%| O|  |TAMS 0x0000000081900000| PB 0x0000000081900000| Untracked 
|  26|0x0000000081a00000, 0x0000000081b00000, 0x0000000081b00000|100%| O|  |TAMS 0x0000000081a00000| PB 0x0000000081a00000| Untracked 
|  27|0x0000000081b00000, 0x0000000081b00000, 0x0000000081c00000|  0%| F|  |TAMS 0x0000000081b00000| PB 0x0000000081b00000| Untracked 
|  28|0x0000000081c00000, 0x0000000081d00000, 0x0000000081d00000|100%| O|  |TAMS 0x0000000081c00000| PB 0x0000000081c00000| Untracked 
|  29|0x0000000081d00000, 0x0000000081e00000, 0x0000000081e00000|100%| O|  |TAMS 0x0000000081d00000| PB 0x0000000081d00000| Untracked 
|  30|0x0000000081e00000, 0x0000000081f00000, 0x0000000081f00000|100%| O|  |TAMS 0x0000000081e00000| PB 0x0000000081e00000| Untracked 
|  31|0x0000000081f00000, 0x0000000082000000, 0x0000000082000000|100%| O|  |TAMS 0x0000000081f00000| PB 0x0000000081f00000| Untracked 
|  32|0x0000000082000000, 0x0000000082100000, 0x0000000082100000|100%| O|  |TAMS 0x0000000082000000| PB 0x0000000082000000| Untracked 
|  33|0x0000000082100000, 0x0000000082200000, 0x0000000082200000|100%| O|  |TAMS 0x0000000082100000| PB 0x0000000082100000| Untracked 
|  34|0x0000000082200000, 0x0000000082300000, 0x0000000082300000|100%| O|  |TAMS 0x0000000082200000| PB 0x0000000082200000| Untracked 
|  35|0x0000000082300000, 0x0000000082400000, 0x0000000082400000|100%| O|  |TAMS 0x0000000082300000| PB 0x0000000082300000| Untracked 
|  36|0x0000000082400000, 0x0000000082500000, 0x0000000082500000|100%| O|  |TAMS 0x0000000082400000| PB 0x0000000082400000| Untracked 
|  37|0x0000000082500000, 0x0000000082600000, 0x0000000082600000|100%| O|  |TAMS 0x0000000082500000| PB 0x0000000082500000| Untracked 
|  38|0x0000000082600000, 0x0000000082700000, 0x0000000082700000|100%| O|  |TAMS 0x0000000082600000| PB 0x0000000082600000| Untracked 
|  39|0x0000000082700000, 0x0000000082800000, 0x0000000082800000|100%| O|  |TAMS 0x0000000082700000| PB 0x0000000082700000| Untracked 
|  40|0x0000000082800000, 0x0000000082800000, 0x0000000082900000|  0%| F|  |TAMS 0x0000000082800000| PB 0x0000000082800000| Untracked 
|  41|0x0000000082900000, 0x0000000082900000, 0x0000000082a00000|  0%| F|  |TAMS 0x0000000082900000| PB 0x0000000082900000| Untracked 
|  42|0x0000000082a00000, 0x0000000082a101e0, 0x0000000082b00000|  6%| O|  |TAMS 0x0000000082a00000| PB 0x0000000082a00000| Untracked 
|  43|0x0000000082b00000, 0x0000000082b00000, 0x0000000082c00000|  0%| F|  |TAMS 0x0000000082b00000| PB 0x0000000082b00000| Untracked 
|  44|0x0000000082c00000, 0x0000000082c00000, 0x0000000082d00000|  0%| F|  |TAMS 0x0000000082c00000| PB 0x0000000082c00000| Untracked 
|  45|0x0000000082d00000, 0x0000000082d00000, 0x0000000082e00000|  0%| F|  |TAMS 0x0000000082d00000| PB 0x0000000082d00000| Untracked 
|  46|0x0000000082e00000, 0x0000000082e00000, 0x0000000082f00000|  0%| F|  |TAMS 0x0000000082e00000| PB 0x0000000082e00000| Untracked 
|  47|0x0000000082f00000, 0x0000000082f00000, 0x0000000083000000|  0%| F|  |TAMS 0x0000000082f00000| PB 0x0000000082f00000| Untracked 
|  48|0x0000000083000000, 0x0000000083000000, 0x0000000083100000|  0%| F|  |TAMS 0x0000000083000000| PB 0x0000000083000000| Untracked 
|  49|0x0000000083100000, 0x00000000831c1da0, 0x0000000083200000| 75%| S|CS|TAMS 0x0000000083100000| PB 0x0000000083100000| Complete 
|  50|0x0000000083200000, 0x0000000083300000, 0x0000000083300000|100%| S|CS|TAMS 0x0000000083200000| PB 0x0000000083200000| Complete 
|  51|0x0000000083300000, 0x0000000083400000, 0x0000000083400000|100%| S|CS|TAMS 0x0000000083300000| PB 0x0000000083300000| Complete 
|  52|0x0000000083400000, 0x0000000083500000, 0x0000000083500000|100%| S|CS|TAMS 0x0000000083400000| PB 0x0000000083400000| Complete 
|  53|0x0000000083500000, 0x0000000083600000, 0x0000000083600000|100%| S|CS|TAMS 0x0000000083500000| PB 0x0000000083500000| Complete 
|  54|0x0000000083600000, 0x0000000083700000, 0x0000000083700000|100%| S|CS|TAMS 0x0000000083600000| PB 0x0000000083600000| Complete 
|  55|0x0000000083700000, 0x0000000083700000, 0x0000000083800000|  0%| F|  |TAMS 0x0000000083700000| PB 0x0000000083700000| Untracked 
|  56|0x0000000083800000, 0x0000000083800000, 0x0000000083900000|  0%| F|  |TAMS 0x0000000083800000| PB 0x0000000083800000| Untracked 
|  57|0x0000000083900000, 0x0000000083900000, 0x0000000083a00000|  0%| F|  |TAMS 0x0000000083900000| PB 0x0000000083900000| Untracked 
|  58|0x0000000083a00000, 0x0000000083a00000, 0x0000000083b00000|  0%| F|  |TAMS 0x0000000083a00000| PB 0x0000000083a00000| Untracked 
|  59|0x0000000083b00000, 0x0000000083b00000, 0x0000000083c00000|  0%| F|  |TAMS 0x0000000083b00000| PB 0x0000000083b00000| Untracked 
|  60|0x0000000083c00000, 0x0000000083c00000, 0x0000000083d00000|  0%| F|  |TAMS 0x0000000083c00000| PB 0x0000000083c00000| Untracked 
|  61|0x0000000083d00000, 0x0000000083d00000, 0x0000000083e00000|  0%| F|  |TAMS 0x0000000083d00000| PB 0x0000000083d00000| Untracked 
|  62|0x0000000083e00000, 0x0000000083e00000, 0x0000000083f00000|  0%| F|  |TAMS 0x0000000083e00000| PB 0x0000000083e00000| Untracked 
|  63|0x0000000083f00000, 0x0000000083f00000, 0x0000000084000000|  0%| F|  |TAMS 0x0000000083f00000| PB 0x0000000083f00000| Untracked 
|  64|0x0000000084000000, 0x0000000084000000, 0x0000000084100000|  0%| F|  |TAMS 0x0000000084000000| PB 0x0000000084000000| Untracked 
|  65|0x0000000084100000, 0x0000000084100000, 0x0000000084200000|  0%| F|  |TAMS 0x0000000084100000| PB 0x0000000084100000| Untracked 
|  66|0x0000000084200000, 0x0000000084200000, 0x0000000084300000|  0%| F|  |TAMS 0x0000000084200000| PB 0x0000000084200000| Untracked 
|  67|0x0000000084300000, 0x0000000084300000, 0x0000000084400000|  0%| F|  |TAMS 0x0000000084300000| PB 0x0000000084300000| Untracked 
|  68|0x0000000084400000, 0x0000000084400000, 0x0000000084500000|  0%| F|  |TAMS 0x0000000084400000| PB 0x0000000084400000| Untracked 
|  69|0x0000000084500000, 0x0000000084500000, 0x0000000084600000|  0%| F|  |TAMS 0x0000000084500000| PB 0x0000000084500000| Untracked 
|  70|0x0000000084600000, 0x0000000084600000, 0x0000000084700000|  0%| F|  |TAMS 0x0000000084600000| PB 0x0000000084600000| Untracked 
|  71|0x0000000084700000, 0x0000000084700000, 0x0000000084800000|  0%| F|  |TAMS 0x0000000084700000| PB 0x0000000084700000| Untracked 
|  72|0x0000000084800000, 0x0000000084800000, 0x0000000084900000|  0%| F|  |TAMS 0x0000000084800000| PB 0x0000000084800000| Untracked 
|  73|0x0000000084900000, 0x0000000084900000, 0x0000000084a00000|  0%| F|  |TAMS 0x0000000084900000| PB 0x0000000084900000| Untracked 
|  74|0x0000000084a00000, 0x0000000084a00000, 0x0000000084b00000|  0%| F|  |TAMS 0x0000000084a00000| PB 0x0000000084a00000| Untracked 
|  75|0x0000000084b00000, 0x0000000084b00000, 0x0000000084c00000|  0%| F|  |TAMS 0x0000000084b00000| PB 0x0000000084b00000| Untracked 
|  76|0x0000000084c00000, 0x0000000084c00000, 0x0000000084d00000|  0%| F|  |TAMS 0x0000000084c00000| PB 0x0000000084c00000| Untracked 
|  77|0x0000000084d00000, 0x0000000084d00000, 0x0000000084e00000|  0%| F|  |TAMS 0x0000000084d00000| PB 0x0000000084d00000| Untracked 
|  78|0x0000000084e00000, 0x0000000084e00000, 0x0000000084f00000|  0%| F|  |TAMS 0x0000000084e00000| PB 0x0000000084e00000| Untracked 
|  79|0x0000000084f00000, 0x0000000084f00000, 0x0000000085000000|  0%| F|  |TAMS 0x0000000084f00000| PB 0x0000000084f00000| Untracked 
|  80|0x0000000085000000, 0x0000000085000000, 0x0000000085100000|  0%| F|  |TAMS 0x0000000085000000| PB 0x0000000085000000| Untracked 
|  81|0x0000000085100000, 0x0000000085100000, 0x0000000085200000|  0%| F|  |TAMS 0x0000000085100000| PB 0x0000000085100000| Untracked 
|  82|0x0000000085200000, 0x0000000085200000, 0x0000000085300000|  0%| F|  |TAMS 0x0000000085200000| PB 0x0000000085200000| Untracked 
|  83|0x0000000085300000, 0x0000000085300000, 0x0000000085400000|  0%| F|  |TAMS 0x0000000085300000| PB 0x0000000085300000| Untracked 
|  84|0x0000000085400000, 0x0000000085400000, 0x0000000085500000|  0%| F|  |TAMS 0x0000000085400000| PB 0x0000000085400000| Untracked 
|  85|0x0000000085500000, 0x0000000085500000, 0x0000000085600000|  0%| F|  |TAMS 0x0000000085500000| PB 0x0000000085500000| Untracked 
|  86|0x0000000085600000, 0x0000000085600000, 0x0000000085700000|  0%| F|  |TAMS 0x0000000085600000| PB 0x0000000085600000| Untracked 
|  87|0x0000000085700000, 0x0000000085700000, 0x0000000085800000|  0%| F|  |TAMS 0x0000000085700000| PB 0x0000000085700000| Untracked 
|  88|0x0000000085800000, 0x0000000085800000, 0x0000000085900000|  0%| F|  |TAMS 0x0000000085800000| PB 0x0000000085800000| Untracked 
|  89|0x0000000085900000, 0x0000000085900000, 0x0000000085a00000|  0%| F|  |TAMS 0x0000000085900000| PB 0x0000000085900000| Untracked 
|  90|0x0000000085a00000, 0x0000000085a00000, 0x0000000085b00000|  0%| F|  |TAMS 0x0000000085a00000| PB 0x0000000085a00000| Untracked 
|  91|0x0000000085b00000, 0x0000000085b80000, 0x0000000085c00000| 50%| E|  |TAMS 0x0000000085b00000| PB 0x0000000085b00000| Complete 
|  92|0x0000000085c00000, 0x0000000085d00000, 0x0000000085d00000|100%| E|CS|TAMS 0x0000000085c00000| PB 0x0000000085c00000| Complete 
|  93|0x0000000085d00000, 0x0000000085e00000, 0x0000000085e00000|100%| E|CS|TAMS 0x0000000085d00000| PB 0x0000000085d00000| Complete 
|  94|0x0000000085e00000, 0x0000000085f00000, 0x0000000085f00000|100%| E|CS|TAMS 0x0000000085e00000| PB 0x0000000085e00000| Complete 
|  95|0x0000000085f00000, 0x0000000086000000, 0x0000000086000000|100%| E|CS|TAMS 0x0000000085f00000| PB 0x0000000085f00000| Complete 
|  96|0x0000000086000000, 0x0000000086100000, 0x0000000086100000|100%| E|CS|TAMS 0x0000000086000000| PB 0x0000000086000000| Complete 
|  97|0x0000000086100000, 0x0000000086200000, 0x0000000086200000|100%| E|CS|TAMS 0x0000000086100000| PB 0x0000000086100000| Complete 
|  98|0x0000000086200000, 0x0000000086300000, 0x0000000086300000|100%| E|CS|TAMS 0x0000000086200000| PB 0x0000000086200000| Complete 
|  99|0x0000000086300000, 0x0000000086400000, 0x0000000086400000|100%| E|CS|TAMS 0x0000000086300000| PB 0x0000000086300000| Complete 
| 100|0x0000000086400000, 0x0000000086500000, 0x0000000086500000|100%| E|CS|TAMS 0x0000000086400000| PB 0x0000000086400000| Complete 
| 101|0x0000000086500000, 0x0000000086600000, 0x0000000086600000|100%| E|CS|TAMS 0x0000000086500000| PB 0x0000000086500000| Complete 
| 102|0x0000000086600000, 0x0000000086700000, 0x0000000086700000|100%| E|CS|TAMS 0x0000000086600000| PB 0x0000000086600000| Complete 
| 123|0x0000000087b00000, 0x0000000087c00000, 0x0000000087c00000|100%| E|CS|TAMS 0x0000000087b00000| PB 0x0000000087b00000| Complete 
|2047|0x00000000fff00000, 0x0000000100000000, 0x0000000100000000|100%| O|  |TAMS 0x00000000fff00000| PB 0x00000000fff00000| Untracked 

Card table byte_map: [0x000001a833010000,0x000001a833410000] _byte_map_base: 0x000001a832c10000

Marking Bits: (CMBitMap*) 0x000001a8205b4840
 Bits: [0x000001a833410000, 0x000001a835410000)

Polling page: 0x000001a81e120000

Metaspace:

Usage:
  Non-class:     55.68 MB used.
      Class:      8.86 MB used.
       Both:     64.53 MB used.

Virtual space:
  Non-class space:       64.00 MB reserved,      56.44 MB ( 88%) committed,  1 nodes.
      Class space:        1.00 GB reserved,       9.62 MB ( <1%) committed,  1 nodes.
             Both:        1.06 GB reserved,      66.06 MB (  6%) committed. 

Chunk freelists:
   Non-Class:  7.19 MB
       Class:  6.34 MB
        Both:  13.53 MB

MaxMetaspaceSize: unlimited
CompressedClassSpaceSize: 1.00 GB
Initial GC threshold: 21.00 MB
Current GC threshold: 98.06 MB
CDS: off
 - commit_granule_bytes: 65536.
 - commit_granule_words: 8192.
 - virtual_space_node_default_size: 8388608.
 - enlarge_chunks_in_place: 1.
 - use_allocation_guard: 0.


Internal statistics:

num_allocs_failed_limit: 9.
num_arena_births: 2942.
num_arena_deaths: 0.
num_vsnodes_births: 2.
num_vsnodes_deaths: 0.
num_space_committed: 1057.
num_space_uncommitted: 0.
num_chunks_returned_to_freelist: 9.
num_chunks_taken_from_freelist: 5608.
num_chunk_merges: 6.
num_chunk_splits: 3641.
num_chunks_enlarged: 2242.
num_inconsistent_stats: 0.

CodeHeap 'non-profiled nmethods': size=120000Kb used=3822Kb max_used=3822Kb free=116178Kb
 bounds [0x000001a82b180000, 0x000001a82b540000, 0x000001a8326b0000]
CodeHeap 'profiled nmethods': size=120000Kb used=11507Kb max_used=11507Kb free=108492Kb
 bounds [0x000001a8236b0000, 0x000001a8241f0000, 0x000001a82abe0000]
CodeHeap 'non-nmethods': size=5760Kb used=2731Kb max_used=2755Kb free=3028Kb
 bounds [0x000001a82abe0000, 0x000001a82aea0000, 0x000001a82b180000]
 total_blobs=7061 nmethods=6181 adapters=784
 compilation: enabled
              stopped_count=0, restarted_count=0
 full_count=0

Compilation events (20 events):
Event: 6.792 Thread 0x000001a83827c4e0 6768       3       java.util.concurrent.atomic.AtomicBoolean::<init> (5 bytes)
Event: 6.793 Thread 0x000001a83827c4e0 nmethod 6768 0x000001a8241e1890 code [0x000001a8241e1a40, 0x000001a8241e1ba8]
Event: 6.794 Thread 0x000001a83827c4e0 6769       3       java.lang.invoke.MethodHandle::bindArgumentL (10 bytes)
Event: 6.795 Thread 0x000001a83827c4e0 nmethod 6769 0x000001a8241e1c90 code [0x000001a8241e1ea0, 0x000001a8241e2500]
Event: 6.827 Thread 0x000001a83827c4e0 6770  s    3       java.lang.ClassValue$ClassValueMap::startEntry (106 bytes)
Event: 6.828 Thread 0x000001a83827c4e0 nmethod 6770 0x000001a8241e2790 code [0x000001a8241e2a20, 0x000001a8241e38a8]
Event: 6.828 Thread 0x000001a83827c4e0 6771       3       java.lang.ClassValue$ClassValueMap::checkCacheLoad (16 bytes)
Event: 6.828 Thread 0x000001a83827c4e0 nmethod 6771 0x000001a8241e3c10 code [0x000001a8241e3dc0, 0x000001a8241e3f30]
Event: 6.828 Thread 0x000001a83827c4e0 6772       3       java.lang.ClassValue$ClassValueMap::addToCache (92 bytes)
Event: 6.828 Thread 0x000001a83827c4e0 nmethod 6772 0x000001a8241e4010 code [0x000001a8241e4300, 0x000001a8241e5b38]
Event: 6.828 Thread 0x000001a83827c4e0 6773       3       java.lang.ClassValue$ClassValueMap::placeInCache (28 bytes)
Event: 6.829 Thread 0x000001a83827c4e0 nmethod 6773 0x000001a8241e6310 code [0x000001a8241e6520, 0x000001a8241e6f20]
Event: 6.829 Thread 0x000001a83827c4e0 6774       3       java.lang.ClassValue$ClassValueMap::overwrittenEntry (28 bytes)
Event: 6.829 Thread 0x000001a83827c4e0 nmethod 6774 0x000001a8241e7210 code [0x000001a8241e7400, 0x000001a8241e7af8]
Event: 6.897 Thread 0x000001a83827c4e0 6775       3       java.util.concurrent.locks.AbstractQueuedSynchronizer$ConditionObject::unlinkCancelledWaiters (91 bytes)
Event: 6.897 Thread 0x000001a83827c4e0 nmethod 6775 0x000001a8241e7d10 code [0x000001a8241e7ee0, 0x000001a8241e8340]
Event: 7.553 Thread 0x000001a83827c4e0 6776       3       java.util.Optional::get (22 bytes)
Event: 7.553 Thread 0x000001a83827c4e0 nmethod 6776 0x000001a8241e8490 code [0x000001a8241e8640, 0x000001a8241e8858]
Event: 7.553 Thread 0x000001a83827c4e0 6777       3       java.util.Collections$EmptyList::spliterator (4 bytes)
Event: 7.554 Thread 0x000001a83827c4e0 nmethod 6777 0x000001a8241e8990 code [0x000001a8241e8b40, 0x000001a8241e8cb0]

GC Heap History (20 events):
Event: 2.647 GC heap before
{Heap before GC invocations=5 (full 0):
 garbage-first heap   total 71680K, used 59289K [0x0000000080000000, 0x0000000100000000)
  region size 1024K, 42 young (43008K), 3 survivors (3072K)
 Metaspace       used 28016K, committed 28544K, reserved 1114112K
  class space    used 3547K, committed 3776K, reserved 1048576K
}
Event: 2.651 GC heap after
{Heap after GC invocations=6 (full 0):
 garbage-first heap   total 71680K, used 22160K [0x0000000080000000, 0x0000000100000000)
  region size 1024K, 5 young (5120K), 5 survivors (5120K)
 Metaspace       used 28016K, committed 28544K, reserved 1114112K
  class space    used 3547K, committed 3776K, reserved 1048576K
}
Event: 3.066 GC heap before
{Heap before GC invocations=6 (full 0):
 garbage-first heap   total 71680K, used 54928K [0x0000000080000000, 0x0000000100000000)
  region size 1024K, 38 young (38912K), 5 survivors (5120K)
 Metaspace       used 32388K, committed 33024K, reserved 1114112K
  class space    used 4313K, committed 4608K, reserved 1048576K
}
Event: 3.072 GC heap after
{Heap after GC invocations=7 (full 0):
 garbage-first heap   total 71680K, used 24635K [0x0000000080000000, 0x0000000100000000)
  region size 1024K, 5 young (5120K), 5 survivors (5120K)
 Metaspace       used 32388K, committed 33024K, reserved 1114112K
  class space    used 4313K, committed 4608K, reserved 1048576K
}
Event: 3.271 GC heap before
{Heap before GC invocations=7 (full 0):
 garbage-first heap   total 71680K, used 44091K [0x0000000080000000, 0x0000000100000000)
  region size 1024K, 25 young (25600K), 5 survivors (5120K)
 Metaspace       used 35246K, committed 35968K, reserved 1114112K
  class space    used 4780K, committed 5120K, reserved 1048576K
}
Event: 3.275 GC heap after
{Heap after GC invocations=8 (full 0):
 garbage-first heap   total 87040K, used 25894K [0x0000000080000000, 0x0000000100000000)
  region size 1024K, 2 young (2048K), 2 survivors (2048K)
 Metaspace       used 35246K, committed 35968K, reserved 1114112K
  class space    used 4780K, committed 5120K, reserved 1048576K
}
Event: 3.813 GC heap before
{Heap before GC invocations=9 (full 0):
 garbage-first heap   total 87040K, used 71974K [0x0000000080000000, 0x0000000100000000)
  region size 1024K, 48 young (49152K), 2 survivors (2048K)
 Metaspace       used 43692K, committed 44608K, reserved 1114112K
  class space    used 5857K, committed 6272K, reserved 1048576K
}
Event: 3.819 GC heap after
{Heap after GC invocations=10 (full 0):
 garbage-first heap   total 87040K, used 30337K [0x0000000080000000, 0x0000000100000000)
  region size 1024K, 6 young (6144K), 6 survivors (6144K)
 Metaspace       used 43692K, committed 44608K, reserved 1114112K
  class space    used 5857K, committed 6272K, reserved 1048576K
}
Event: 4.219 GC heap before
{Heap before GC invocations=10 (full 0):
 garbage-first heap   total 87040K, used 78465K [0x0000000080000000, 0x0000000100000000)
  region size 1024K, 48 young (49152K), 6 survivors (6144K)
 Metaspace       used 47651K, committed 48704K, reserved 1114112K
  class space    used 6346K, committed 6848K, reserved 1048576K
}
Event: 4.227 GC heap after
{Heap after GC invocations=11 (full 0):
 garbage-first heap   total 89088K, used 33177K [0x0000000080000000, 0x0000000100000000)
  region size 1024K, 4 young (4096K), 4 survivors (4096K)
 Metaspace       used 47651K, committed 48704K, reserved 1114112K
  class space    used 6346K, committed 6848K, reserved 1048576K
}
Event: 4.675 GC heap before
{Heap before GC invocations=11 (full 0):
 garbage-first heap   total 89088K, used 76185K [0x0000000080000000, 0x0000000100000000)
  region size 1024K, 46 young (47104K), 4 survivors (4096K)
 Metaspace       used 52940K, committed 54400K, reserved 1114112K
  class space    used 7235K, committed 7936K, reserved 1048576K
}
Event: 4.682 GC heap after
{Heap after GC invocations=12 (full 0):
 garbage-first heap   total 89088K, used 35959K [0x0000000080000000, 0x0000000100000000)
  region size 1024K, 3 young (3072K), 3 survivors (3072K)
 Metaspace       used 52940K, committed 54400K, reserved 1114112K
  class space    used 7235K, committed 7936K, reserved 1048576K
}
Event: 5.349 GC heap before
{Heap before GC invocations=12 (full 0):
 garbage-first heap   total 89088K, used 75895K [0x0000000080000000, 0x0000000100000000)
  region size 1024K, 43 young (44032K), 3 survivors (3072K)
 Metaspace       used 57801K, committed 59264K, reserved 1114112K
  class space    used 8059K, committed 8768K, reserved 1048576K
}
Event: 5.355 GC heap after
{Heap after GC invocations=13 (full 0):
 garbage-first heap   total 107520K, used 40605K [0x0000000080000000, 0x0000000100000000)
  region size 1024K, 6 young (6144K), 6 survivors (6144K)
 Metaspace       used 57801K, committed 59264K, reserved 1114112K
  class space    used 8059K, committed 8768K, reserved 1048576K
}
Event: 5.412 GC heap before
{Heap before GC invocations=13 (full 0):
 garbage-first heap   total 107520K, used 46749K [0x0000000080000000, 0x0000000100000000)
  region size 1024K, 13 young (13312K), 6 survivors (6144K)
 Metaspace       used 58710K, committed 60096K, reserved 1114112K
  class space    used 8208K, committed 8896K, reserved 1048576K
}
Event: 5.418 GC heap after
{Heap after GC invocations=14 (full 0):
 garbage-first heap   total 107520K, used 41899K [0x0000000080000000, 0x0000000100000000)
  region size 1024K, 5 young (5120K), 5 survivors (5120K)
 Metaspace       used 58710K, committed 60096K, reserved 1114112K
  class space    used 8208K, committed 8896K, reserved 1048576K
}
Event: 5.893 GC heap before
{Heap before GC invocations=15 (full 0):
 garbage-first heap   total 107520K, used 94123K [0x0000000080000000, 0x0000000100000000)
  region size 1024K, 56 young (57344K), 5 survivors (5120K)
 Metaspace       used 60567K, committed 61952K, reserved 1114112K
  class space    used 8444K, committed 9088K, reserved 1048576K
}
Event: 5.900 GC heap after
{Heap after GC invocations=16 (full 0):
 garbage-first heap   total 107520K, used 44542K [0x0000000080000000, 0x0000000100000000)
  region size 1024K, 4 young (4096K), 4 survivors (4096K)
 Metaspace       used 60567K, committed 61952K, reserved 1114112K
  class space    used 8444K, committed 9088K, reserved 1048576K
}
Event: 6.705 GC heap before
{Heap before GC invocations=16 (full 0):
 garbage-first heap   total 107520K, used 96766K [0x0000000080000000, 0x0000000100000000)
  region size 1024K, 53 young (54272K), 4 survivors (4096K)
 Metaspace       used 64386K, committed 65984K, reserved 1114112K
  class space    used 8812K, committed 9600K, reserved 1048576K
}
Event: 6.710 GC heap after
{Heap after GC invocations=17 (full 0):
 garbage-first heap   total 107520K, used 46919K [0x0000000080000000, 0x0000000100000000)
  region size 1024K, 6 young (6144K), 6 survivors (6144K)
 Metaspace       used 64386K, committed 65984K, reserved 1114112K
  class space    used 8812K, committed 9600K, reserved 1048576K
}

Dll operation events (3 events):
Event: 0.018 Loaded shared library C:\Program Files\Android\jbr\bin\java.dll
Event: 0.023 Loaded shared library C:\Program Files\Android\jbr\bin\zip.dll
Event: 0.601 Loaded shared library C:\Program Files\Android\jbr\bin\verify.dll

Deoptimization events (20 events):
Event: 6.131 Thread 0x000001a83d96a960 Uncommon trap: trap_request=0xffffff45 fr.pc=0x000001a82b38a8a8 relative=0x0000000000000108
Event: 6.131 Thread 0x000001a83d96a960 Uncommon trap: reason=unstable_if action=reinterpret pc=0x000001a82b38a8a8 method=org.objectweb.asm.ByteVector.putShort(I)Lorg/objectweb/asm/ByteVector; @ 13 c2
Event: 6.131 Thread 0x000001a83d96a960 DEOPT PACKING pc=0x000001a82b38a8a8 sp=0x0000002d963f7db0
Event: 6.131 Thread 0x000001a83d96a960 DEOPT UNPACKING pc=0x000001a82ac346a2 sp=0x0000002d963f7d38 mode 2
Event: 6.427 Thread 0x000001a83d96a960 Uncommon trap: trap_request=0xffffff45 fr.pc=0x000001a82b269190 relative=0x0000000000000070
Event: 6.427 Thread 0x000001a83d96a960 Uncommon trap: reason=unstable_if action=reinterpret pc=0x000001a82b269190 method=java.lang.ref.ReferenceQueue.poll()Ljava/lang/ref/Reference; @ 4 c2
Event: 6.427 Thread 0x000001a83d96a960 DEOPT PACKING pc=0x000001a82b269190 sp=0x0000002d963f7d20
Event: 6.427 Thread 0x000001a83d96a960 DEOPT UNPACKING pc=0x000001a82ac346a2 sp=0x0000002d963f7ca8 mode 2
Event: 6.532 Thread 0x000001a83d96a960 Uncommon trap: trap_request=0xffffffde fr.pc=0x000001a82b45a410 relative=0x0000000000000070
Event: 6.532 Thread 0x000001a83d96a960 Uncommon trap: reason=class_check action=maybe_recompile pc=0x000001a82b45a410 method=java.util.stream.StreamOpFlag.fromCharacteristics(Ljava/util/Spliterator;)I @ 14 c2
Event: 6.532 Thread 0x000001a83d96a960 DEOPT PACKING pc=0x000001a82b45a410 sp=0x0000002d963fa510
Event: 6.532 Thread 0x000001a83d96a960 DEOPT UNPACKING pc=0x000001a82ac346a2 sp=0x0000002d963fa4a0 mode 2
Event: 6.622 Thread 0x000001a83d96a960 DEOPT PACKING pc=0x000001a823b1795e sp=0x0000002d963f9360
Event: 6.622 Thread 0x000001a83d96a960 DEOPT UNPACKING pc=0x000001a82ac34e42 sp=0x0000002d963f8848 mode 0
Event: 6.625 Thread 0x000001a83d96a960 DEOPT PACKING pc=0x000001a823b1795e sp=0x0000002d963f9360
Event: 6.625 Thread 0x000001a83d96a960 DEOPT UNPACKING pc=0x000001a82ac34e42 sp=0x0000002d963f8848 mode 0
Event: 6.630 Thread 0x000001a83d96a960 DEOPT PACKING pc=0x000001a823931d5d sp=0x0000002d963f9790
Event: 6.630 Thread 0x000001a83d96a960 DEOPT UNPACKING pc=0x000001a82ac34e42 sp=0x0000002d963f8c08 mode 0
Event: 6.642 Thread 0x000001a83d96a960 DEOPT PACKING pc=0x000001a82405299a sp=0x0000002d963f9630
Event: 6.642 Thread 0x000001a83d96a960 DEOPT UNPACKING pc=0x000001a82ac34e42 sp=0x0000002d963f8ac8 mode 0

Classes loaded (20 events):
Event: 6.044 Loading class java/security/PermissionsEnumerator
Event: 6.044 Loading class java/security/PermissionsEnumerator done
Event: 6.083 Loading class java/util/stream/ReduceOps$5
Event: 6.083 Loading class java/util/stream/ReduceOps$5 done
Event: 6.083 Loading class java/util/stream/ReduceOps$CountingSink$OfRef
Event: 6.083 Loading class java/util/stream/ReduceOps$CountingSink$OfRef done
Event: 6.134 Loading class sun/nio/ch/ChannelOutputStream
Event: 6.391 Loading class sun/nio/ch/ChannelOutputStream done
Event: 6.532 Loading class java/util/BitSet$1BitSetSpliterator
Event: 6.532 Loading class java/util/BitSet$1BitSetSpliterator done
Event: 6.553 Loading class java/util/Collections$SynchronizedRandomAccessList
Event: 6.553 Loading class java/util/Collections$SynchronizedList
Event: 6.553 Loading class java/util/Collections$SynchronizedList done
Event: 6.553 Loading class java/util/Collections$SynchronizedRandomAccessList done
Event: 6.733 Loading class java/util/concurrent/atomic/AtomicReferenceFieldUpdater
Event: 6.733 Loading class java/util/concurrent/atomic/AtomicReferenceFieldUpdater done
Event: 6.733 Loading class java/util/concurrent/atomic/AtomicReferenceFieldUpdater$AtomicReferenceFieldUpdaterImpl
Event: 6.734 Loading class java/util/concurrent/atomic/AtomicReferenceFieldUpdater$AtomicReferenceFieldUpdaterImpl done
Event: 6.734 Loading class java/util/concurrent/atomic/AtomicReferenceFieldUpdater$AtomicReferenceFieldUpdaterImpl$1
Event: 6.734 Loading class java/util/concurrent/atomic/AtomicReferenceFieldUpdater$AtomicReferenceFieldUpdaterImpl$1 done

Classes unloaded (0 events):
No events

Classes redefined (0 events):
No events

Internal exceptions (20 events):
Event: 6.484 Thread 0x000001a8418cb610 Exception <a 'sun/nio/fs/WindowsException'{0x0000000085967a50}> (0x0000000085967a50) 
thrown [s\src\hotspot\share\prims\jni.cpp, line 537]
Event: 6.486 Thread 0x000001a8418cb610 Exception <a 'sun/nio/fs/WindowsException'{0x0000000085973a88}> (0x0000000085973a88) 
thrown [s\src\hotspot\share\prims\jni.cpp, line 537]
Event: 6.495 Thread 0x000001a83d96a960 Exception <a 'java/lang/ClassNotFoundException'{0x00000000859b5370}: ijArtifactDownloader1_24j34nq25zfirue6dd0zu0zjgBeanInfo> (0x00000000859b5370) 
thrown [s\src\hotspot\share\classfile\systemDictionary.cpp, line 312]
Event: 6.495 Thread 0x000001a83d96a960 Exception <a 'java/lang/ClassNotFoundException'{0x00000000859bb4c8}: ijArtifactDownloader1_24j34nq25zfirue6dd0zu0zjgCustomizer> (0x00000000859bb4c8) 
thrown [s\src\hotspot\share\classfile\systemDictionary.cpp, line 312]
Event: 6.504 Thread 0x000001a83d96a960 Exception <a 'java/lang/ClassNotFoundException'{0x0000000085806520}: org/gradle/configuration/internal/DefaultListenerBuildOperationDecorator$BuildOperationEmittingClosureBeanInfo> (0x0000000085806520) 
thrown [s\src\hotspot\share\classfile\systemDictionary.cpp, line 312]
Event: 6.505 Thread 0x000001a83d96a960 Exception <a 'java/lang/ClassNotFoundException'{0x0000000085815768}: org/gradle/configuration/internal/DefaultListenerBuildOperationDecorator$BuildOperationEmittingClosureCustomizer> (0x0000000085815768) 
thrown [s\src\hotspot\share\classfile\systemDictionary.cpp, line 312]
Event: 6.536 Thread 0x000001a83d96a960 Exception <a 'java/lang/IncompatibleClassChangeError'{0x00000000857a3ce0}: Found class java.lang.Object, but interface was expected> (0x00000000857a3ce0) 
thrown [s\src\hotspot\share\interpreter\linkResolver.cpp, line 851]
Event: 6.543 Thread 0x000001a83d96a960 Exception <a 'sun/nio/fs/WindowsException'{0x00000000857e0080}> (0x00000000857e0080) 
thrown [s\src\hotspot\share\prims\jni.cpp, line 537]
Event: 6.543 Thread 0x000001a83d96a960 Exception <a 'sun/nio/fs/WindowsException'{0x00000000857e15e8}> (0x00000000857e15e8) 
thrown [s\src\hotspot\share\prims\jni.cpp, line 537]
Event: 6.543 Thread 0x000001a83d96a960 Exception <a 'sun/nio/fs/WindowsException'{0x00000000857e2b18}> (0x00000000857e2b18) 
thrown [s\src\hotspot\share\prims\jni.cpp, line 537]
Event: 6.543 Thread 0x000001a83d96a960 Exception <a 'sun/nio/fs/WindowsException'{0x00000000857e3c68}> (0x00000000857e3c68) 
thrown [s\src\hotspot\share\prims\jni.cpp, line 537]
Event: 6.547 Thread 0x000001a83d96a960 Exception <a 'java/lang/NoSuchMethodError'{0x00000000857f7d80}: 'java.lang.Object java.lang.invoke.Invokers$Holder.invoker(java.lang.Object, java.lang.Object, java.lang.Object, java.lang.Object, java.lang.Object, java.lang.Object)'> (0x00000000857f7d80) 
thrown [s\src\hotspot\share\interpreter\linkResolver.cpp, line 784]
Event: 6.563 Thread 0x000001a83d96a960 Exception <a 'java/lang/NoSuchMethodError'{0x0000000085504730}: 'java.lang.Object java.lang.invoke.DirectMethodHandle$Holder.invokeSpecial(java.lang.Object, java.lang.Object, java.lang.Object, java.lang.Object, java.lang.Object, java.lang.Object, java.lang.Object, java.lang.Object, java.lang.Object, java.lang.Object, java.lang.Object, java.lang.Object, java.lang.Object, java.lang.Object, java.lang.Object, java.lang.Object, java.lang.Object, java.lang.Object, java.lang.Object, java.lang.Object, java.lang.Ob
Event: 6.563 Thread 0x000001a83d96a960 Exception <a 'java/lang/NoSuchMethodError'{0x000000008550a798}: 'java.lang.Object java.lang.invoke.DelegatingMethodHandle$Holder.reinvoke_L(java.lang.Object, java.lang.Object, java.lang.Object, java.lang.Object, java.lang.Object, java.lang.Object, java.lang.Object, java.lang.Object, java.lang.Object, java.lang.Object, java.lang.Object, java.lang.Object, java.lang.Object, java.lang.Object, java.lang.Object, java.lang.Object, java.lang.Object, java.lang.Object, java.lang.Object, java.lang.Object, java.lang.O
Event: 6.563 Thread 0x000001a83d96a960 Exception <a 'java/lang/NoSuchMethodError'{0x00000000855158a0}: 'java.lang.Object java.lang.invoke.Invokers$Holder.invoker(java.lang.Object, java.lang.Object, java.lang.Object, java.lang.Object, java.lang.Object, java.lang.Object, java.lang.Object, java.lang.Object, java.lang.Object, java.lang.Object, java.lang.Object, java.lang.Object, java.lang.Object, java.lang.Object, java.lang.Object, java.lang.Object, java.lang.Object, java.lang.Object, java.lang.Object, java.lang.Object, java.lang.Object, java.lang.
Event: 6.563 Thread 0x000001a83d96a960 Exception <a 'java/lang/NoSuchMethodError'{0x000000008551c1b8}: 'java.lang.Object java.lang.invoke.DelegatingMethodHandle$Holder.delegate(java.lang.Object, java.lang.Object, java.lang.Object, java.lang.Object, java.lang.Object, java.lang.Object, java.lang.Object, java.lang.Object, java.lang.Object, java.lang.Object, java.lang.Object, java.lang.Object, java.lang.Object, java.lang.Object, java.lang.Object, java.lang.Object, java.lang.Object, java.lang.Object, java.lang.Object, java.lang.Object, java.lang.Obj
Event: 6.775 Thread 0x000001a83d96a960 Exception <a 'java/lang/NoSuchMethodError'{0x0000000086270200}: 'java.lang.Object java.lang.invoke.DirectMethodHandle$Holder.newInvokeSpecial(java.lang.Object, java.lang.Object, java.lang.Object, java.lang.Object, java.lang.Object, java.lang.Object, java.lang.Object, java.lang.Object, java.lang.Object, java.lang.Object, java.lang.Object, java.lang.Object, java.lang.Object, java.lang.Object, java.lang.Object, java.lang.Object, java.lang.Object, java.lang.Object, java.lang.Object)'> (0x0000000086270200) 
thr
Event: 6.775 Thread 0x000001a83d96a960 Exception <a 'java/lang/NoSuchMethodError'{0x0000000086276bd0}: 'java.lang.Object java.lang.invoke.DirectMethodHandle$Holder.invokeSpecial(java.lang.Object, java.lang.Object, java.lang.Object, java.lang.Object, java.lang.Object, java.lang.Object, java.lang.Object, java.lang.Object, java.lang.Object, java.lang.Object, java.lang.Object, java.lang.Object, java.lang.Object, java.lang.Object, java.lang.Object, java.lang.Object, java.lang.Object, java.lang.Object, java.lang.Object, java.lang.Object)'> (0x0000000
Event: 6.775 Thread 0x000001a83d96a960 Exception <a 'java/lang/NoSuchMethodError'{0x000000008627c420}: 'java.lang.Object java.lang.invoke.DelegatingMethodHandle$Holder.reinvoke_L(java.lang.Object, java.lang.Object, java.lang.Object, java.lang.Object, java.lang.Object, java.lang.Object, java.lang.Object, java.lang.Object, java.lang.Object, java.lang.Object, java.lang.Object, java.lang.Object, java.lang.Object, java.lang.Object, java.lang.Object, java.lang.Object, java.lang.Object, java.lang.Object, java.lang.Object)'> (0x000000008627c420) 
throw
Event: 6.783 Thread 0x000001a83d96a960 Exception <a 'java/lang/IncompatibleClassChangeError'{0x0000000086145218}: Found class java.lang.Object, but interface was expected> (0x0000000086145218) 
thrown [s\src\hotspot\share\interpreter\linkResolver.cpp, line 851]

ZGC Phase Switch (0 events):
No events

VM Operations (20 events):
Event: 5.519 Executing VM operation: ICBufferFull
Event: 5.519 Executing VM operation: ICBufferFull done
Event: 5.712 Executing VM operation: HandshakeAllThreads (Deoptimize)
Event: 5.712 Executing VM operation: HandshakeAllThreads (Deoptimize) done
Event: 5.802 Executing VM operation: ICBufferFull
Event: 5.802 Executing VM operation: ICBufferFull done
Event: 5.813 Executing VM operation: HandshakeAllThreads (Deoptimize)
Event: 5.813 Executing VM operation: HandshakeAllThreads (Deoptimize) done
Event: 5.893 Executing VM operation: G1CollectForAllocation (G1 Evacuation Pause)
Event: 5.900 Executing VM operation: G1CollectForAllocation (G1 Evacuation Pause) done
Event: 5.959 Executing VM operation: HandshakeAllThreads (Deoptimize)
Event: 5.959 Executing VM operation: HandshakeAllThreads (Deoptimize) done
Event: 6.007 Executing VM operation: HandshakeAllThreads (Deoptimize)
Event: 6.007 Executing VM operation: HandshakeAllThreads (Deoptimize) done
Event: 6.492 Executing VM operation: ICBufferFull
Event: 6.492 Executing VM operation: ICBufferFull done
Event: 6.705 Executing VM operation: G1CollectForAllocation (G1 Evacuation Pause)
Event: 6.710 Executing VM operation: G1CollectForAllocation (G1 Evacuation Pause) done
Event: 7.714 Executing VM operation: Cleanup
Event: 7.826 Executing VM operation: Cleanup done

Memory protections (0 events):
No events

Nmethod flushes (20 events):
Event: 5.440 Thread 0x000001a8381f8440 flushing  nmethod 0x000001a8239ab490
Event: 5.440 Thread 0x000001a8381f8440 flushing  nmethod 0x000001a823a6d590
Event: 5.440 Thread 0x000001a8381f8440 flushing  nmethod 0x000001a823a6e390
Event: 5.440 Thread 0x000001a8381f8440 flushing  nmethod 0x000001a823a70010
Event: 5.440 Thread 0x000001a8381f8440 flushing  nmethod 0x000001a823a70990
Event: 5.440 Thread 0x000001a8381f8440 flushing  nmethod 0x000001a823a72110
Event: 5.440 Thread 0x000001a8381f8440 flushing  nmethod 0x000001a823a72e10
Event: 5.440 Thread 0x000001a8381f8440 flushing  nmethod 0x000001a823adbc10
Event: 5.440 Thread 0x000001a8381f8440 flushing  nmethod 0x000001a823b48610
Event: 5.440 Thread 0x000001a8381f8440 flushing  nmethod 0x000001a823cd8990
Event: 5.440 Thread 0x000001a8381f8440 flushing  nmethod 0x000001a82b339310
Event: 5.440 Thread 0x000001a8381f8440 flushing  nmethod 0x000001a8236ef690
Event: 5.440 Thread 0x000001a8381f8440 flushing  nmethod 0x000001a8237af990
Event: 5.440 Thread 0x000001a8381f8440 flushing  nmethod 0x000001a8237b4c90
Event: 5.440 Thread 0x000001a8381f8440 flushing  nmethod 0x000001a823800210
Event: 5.440 Thread 0x000001a8381f8440 flushing  nmethod 0x000001a823854890
Event: 5.440 Thread 0x000001a8381f8440 flushing  nmethod 0x000001a8238a8f10
Event: 5.440 Thread 0x000001a8381f8440 flushing  nmethod 0x000001a8238fc790
Event: 5.440 Thread 0x000001a8381f8440 flushing  nmethod 0x000001a823900f90
Event: 5.440 Thread 0x000001a8381f8440 flushing  nmethod 0x000001a823905110

Events (20 events):
Event: 4.868 Thread 0x000001a83d96a960 Thread added: 0x000001a83f78fcb0
Event: 4.869 Thread 0x000001a83d96a960 Thread added: 0x000001a83f78c830
Event: 4.880 Thread 0x000001a83d96a960 Thread added: 0x000001a83f791060
Event: 4.881 Thread 0x000001a83d96a960 Thread added: 0x000001a83f791d80
Event: 4.907 Thread 0x000001a83d96a960 Thread added: 0x000001a83f790340
Event: 4.908 Thread 0x000001a83d96a960 Thread added: 0x000001a83f792410
Event: 4.908 Thread 0x000001a83d96a960 Thread added: 0x000001a83f7916f0
Event: 4.908 Thread 0x000001a83d96a960 Thread added: 0x000001a83f7909d0
Event: 5.052 Thread 0x000001a83d96a960 Thread added: 0x000001a8418c8190
Event: 5.106 Thread 0x000001a83d96a960 Thread added: 0x000001a8418c8820
Event: 5.132 Thread 0x000001a83d96a960 Thread added: 0x000001a8418c6de0
Event: 5.132 Thread 0x000001a83d96a960 Thread added: 0x000001a8418c7470
Event: 5.133 Thread 0x000001a83d96a960 Thread added: 0x000001a8418c9540
Event: 5.133 Thread 0x000001a83d96a960 Thread added: 0x000001a8418c8eb0
Event: 5.156 Thread 0x000001a83d96a960 Thread added: 0x000001a8418ca260
Event: 5.177 Thread 0x000001a83d96a960 Thread added: 0x000001a8418ca8f0
Event: 5.190 Thread 0x000001a83d96a960 Thread added: 0x000001a8418c9bd0
Event: 5.744 Thread 0x000001a83d96a960 Thread added: 0x000001a8418c7b00
Event: 6.464 Thread 0x000001a83d96a960 Thread added: 0x000001a8418cb610
Event: 7.826 Thread 0x000001a838798fa0 Thread exited: 0x000001a838798fa0


Dynamic libraries:
0x00007ff7659d0000 - 0x00007ff7659da000 	C:\Program Files\Android\jbr\bin\java.exe
0x00007ff93d900000 - 0x00007ff93db68000 	C:\WINDOWS\SYSTEM32\ntdll.dll
0x00007ff93c410000 - 0x00007ff93c4d9000 	C:\WINDOWS\System32\KERNEL32.DLL
0x00007ff93ac80000 - 0x00007ff93b072000 	C:\WINDOWS\System32\KERNELBASE.dll
0x00007ff93aa90000 - 0x00007ff93abdb000 	C:\WINDOWS\System32\ucrtbase.dll
0x00007ff9004d0000 - 0x00007ff9004e8000 	C:\Program Files\Android\jbr\bin\jli.dll
0x00007ff9286d0000 - 0x00007ff9286eb000 	C:\Program Files\Android\jbr\bin\VCRUNTIME140.dll
0x00007ff93d650000 - 0x00007ff93d815000 	C:\WINDOWS\System32\USER32.dll
0x00007ff93b240000 - 0x00007ff93b267000 	C:\WINDOWS\System32\win32u.dll
0x00007ff93d820000 - 0x00007ff93d84b000 	C:\WINDOWS\System32\GDI32.dll
0x00007ff93b080000 - 0x00007ff93b1ad000 	C:\WINDOWS\System32\gdi32full.dll
0x00007ff93b270000 - 0x00007ff93b313000 	C:\WINDOWS\System32\msvcp_win.dll
0x00007ff91e100000 - 0x00007ff91e393000 	C:\WINDOWS\WinSxS\amd64_microsoft.windows.common-controls_6595b64144ccf1df_6.0.26100.6899_none_3e0efeeae32e88c1\COMCTL32.dll
0x00007ff93c1b0000 - 0x00007ff93c259000 	C:\WINDOWS\System32\msvcrt.dll
0x00007ff93b6d0000 - 0x00007ff93b6ff000 	C:\WINDOWS\System32\IMM32.DLL
0x00007ff929df0000 - 0x00007ff929dfc000 	C:\Program Files\Android\jbr\bin\vcruntime140_1.dll
0x00007ff8f4c40000 - 0x00007ff8f4ccd000 	C:\Program Files\Android\jbr\bin\msvcp140.dll
0x00007ff8cbae0000 - 0x00007ff8cc76e000 	C:\Program Files\Android\jbr\bin\server\jvm.dll
0x00007ff93c0c0000 - 0x00007ff93c174000 	C:\WINDOWS\System32\ADVAPI32.dll
0x00007ff93d300000 - 0x00007ff93d3a6000 	C:\WINDOWS\System32\sechost.dll
0x00007ff93c2e0000 - 0x00007ff93c3f8000 	C:\WINDOWS\System32\RPCRT4.dll
0x00007ff93d470000 - 0x00007ff93d4e4000 	C:\WINDOWS\System32\WS2_32.dll
0x00007ff93a8f0000 - 0x00007ff93a94e000 	C:\WINDOWS\SYSTEM32\POWRPROF.dll
0x00007ff935300000 - 0x00007ff935335000 	C:\WINDOWS\SYSTEM32\WINMM.dll
0x00007ff91f980000 - 0x00007ff91f98b000 	C:\WINDOWS\SYSTEM32\VERSION.dll
0x00007ff93a8d0000 - 0x00007ff93a8e4000 	C:\WINDOWS\SYSTEM32\UMPDC.dll
0x00007ff939860000 - 0x00007ff93987b000 	C:\WINDOWS\SYSTEM32\kernel.appcore.dll
0x00007ff928640000 - 0x00007ff92864a000 	C:\Program Files\Android\jbr\bin\jimage.dll
0x00007ff938120000 - 0x00007ff938362000 	C:\WINDOWS\SYSTEM32\DBGHELP.DLL
0x00007ff93cd40000 - 0x00007ff93d0bb000 	C:\WINDOWS\System32\combase.dll
0x00007ff93bf60000 - 0x00007ff93c037000 	C:\WINDOWS\System32\OLEAUT32.dll
0x00007ff904c70000 - 0x00007ff904cac000 	C:\WINDOWS\SYSTEM32\dbgcore.DLL
0x00007ff93abe0000 - 0x00007ff93ac78000 	C:\WINDOWS\System32\bcryptPrimitives.dll
0x00007ff9218a0000 - 0x00007ff9218ae000 	C:\Program Files\Android\jbr\bin\instrument.dll
0x00007ff9278b0000 - 0x00007ff9278d0000 	C:\Program Files\Android\jbr\bin\java.dll
0x00007ff926e70000 - 0x00007ff926e88000 	C:\Program Files\Android\jbr\bin\zip.dll
0x00007ff93c5f0000 - 0x00007ff93cd3d000 	C:\WINDOWS\System32\SHELL32.dll
0x00007ff93b560000 - 0x00007ff93b6cb000 	C:\WINDOWS\System32\wintypes.dll
0x00007ff938700000 - 0x00007ff938f5d000 	C:\WINDOWS\SYSTEM32\windows.storage.dll
0x00007ff93be00000 - 0x00007ff93bef2000 	C:\WINDOWS\System32\SHCORE.dll
0x00007ff93d850000 - 0x00007ff93d8b2000 	C:\WINDOWS\System32\shlwapi.dll
0x00007ff93a9b0000 - 0x00007ff93a9d9000 	C:\WINDOWS\SYSTEM32\profapi.dll
0x00007ff928630000 - 0x00007ff928640000 	C:\Program Files\Android\jbr\bin\net.dll
0x00007ff92f1c0000 - 0x00007ff92f2df000 	C:\WINDOWS\SYSTEM32\WINHTTP.dll
0x00007ff939dd0000 - 0x00007ff939e3b000 	C:\WINDOWS\system32\mswsock.dll
0x00007ff926d90000 - 0x00007ff926da6000 	C:\Program Files\Android\jbr\bin\nio.dll
0x00007ff925e60000 - 0x00007ff925e70000 	C:\Program Files\Android\jbr\bin\verify.dll
0x00007ff902210000 - 0x00007ff902237000 	C:\Users\Thanh Tu\.gradle\native\1def1411415f61bf3af743bc5b6707747c0891f09f0c88961ee8f79bc544acac\windows-amd64\native-platform.dll
0x00007ff8e33a0000 - 0x00007ff8e3418000 	C:\Users\Thanh Tu\.gradle\native\0.2.7\x86_64-windows-gnu\gradle-fileevents.dll
0x00007ff9268d0000 - 0x00007ff9268d9000 	C:\Program Files\Android\jbr\bin\management.dll
0x00007ff9268c0000 - 0x00007ff9268cb000 	C:\Program Files\Android\jbr\bin\management_ext.dll
0x00007ff93d0c0000 - 0x00007ff93d0c8000 	C:\WINDOWS\System32\PSAPI.DLL
0x00007ff939330000 - 0x00007ff939364000 	C:\WINDOWS\SYSTEM32\IPHLPAPI.DLL
0x00007ff93c400000 - 0x00007ff93c40a000 	C:\WINDOWS\System32\NSI.dll
0x00007ff926d80000 - 0x00007ff926d89000 	C:\Program Files\Android\jbr\bin\extnet.dll
0x00007ff93a090000 - 0x00007ff93a0ab000 	C:\WINDOWS\SYSTEM32\CRYPTSP.dll
0x00007ff9397c0000 - 0x00007ff9397fb000 	C:\WINDOWS\system32\rsaenh.dll
0x00007ff939e70000 - 0x00007ff939e9b000 	C:\WINDOWS\SYSTEM32\USERENV.dll
0x00007ff93a980000 - 0x00007ff93a9a6000 	C:\WINDOWS\SYSTEM32\bcrypt.dll
0x00007ff93a080000 - 0x00007ff93a08c000 	C:\WINDOWS\SYSTEM32\CRYPTBASE.dll
0x00007ff908300000 - 0x00007ff908308000 	C:\WINDOWS\system32\wshunix.dll

dbghelp: loaded successfully - version: 4.0.5 - missing functions: none
symbol engine: initialized successfully - sym options: 0x614 - pdb path: .;C:\Program Files\Android\jbr\bin;C:\WINDOWS\SYSTEM32;C:\WINDOWS\WinSxS\amd64_microsoft.windows.common-controls_6595b64144ccf1df_6.0.26100.6899_none_3e0efeeae32e88c1;C:\Program Files\Android\jbr\bin\server;C:\Users\Thanh Tu\.gradle\native\1def1411415f61bf3af743bc5b6707747c0891f09f0c88961ee8f79bc544acac\windows-amd64;C:\Users\Thanh Tu\.gradle\native\0.2.7\x86_64-windows-gnu

VM Arguments:
jvm_args: --add-opens=java.base/java.lang=ALL-UNNAMED --add-opens=java.base/java.lang.invoke=ALL-UNNAMED --add-opens=java.base/java.util=ALL-UNNAMED --add-opens=java.prefs/java.util.prefs=ALL-UNNAMED --add-exports=jdk.compiler/com.sun.tools.javac.api=ALL-UNNAMED --add-exports=jdk.compiler/com.sun.tools.javac.util=ALL-UNNAMED --add-opens=java.base/java.util=ALL-UNNAMED --add-opens=java.prefs/java.util.prefs=ALL-UNNAMED --add-opens=java.base/java.nio.charset=ALL-UNNAMED --add-opens=java.base/java.net=ALL-UNNAMED --add-opens=java.base/java.util.concurrent.atomic=ALL-UNNAMED --add-opens=java.xml/javax.xml.namespace=ALL-UNNAMED -Xmx2048m -Dfile.encoding=UTF-8 -Duser.country=US -Duser.language=en -Duser.variant -javaagent:C:\Users\Thanh Tu\.gradle\wrapper\dists\gradle-8.13-bin\5xuhj0ry160q40clulazy9h7d\gradle-8.13\lib\agents\gradle-instrumentation-agent-8.13.jar 
java_command: org.gradle.launcher.daemon.bootstrap.GradleDaemon 8.13
java_class_path (initial): C:\Users\Thanh Tu\.gradle\wrapper\dists\gradle-8.13-bin\5xuhj0ry160q40clulazy9h7d\gradle-8.13\lib\gradle-daemon-main-8.13.jar
Launcher Type: SUN_STANDARD

[Global flags]
     intx CICompilerCount                          = 4                                         {product} {ergonomic}
     uint ConcGCThreads                            = 3                                         {product} {ergonomic}
     uint G1ConcRefinementThreads                  = 10                                        {product} {ergonomic}
   size_t G1HeapRegionSize                         = 1048576                                   {product} {ergonomic}
    uintx GCDrainStackTargetSize                   = 64                                        {product} {ergonomic}
   size_t InitialHeapSize                          = 130023424                                 {product} {ergonomic}
   size_t MarkStackSize                            = 4194304                                   {product} {ergonomic}
   size_t MaxHeapSize                              = 2147483648                                {product} {command line}
   size_t MaxNewSize                               = 1287651328                                {product} {ergonomic}
   size_t MinHeapDeltaBytes                        = 1048576                                   {product} {ergonomic}
   size_t MinHeapSize                              = 8388608                                   {product} {ergonomic}
    uintx NonNMethodCodeHeapSize                   = 5839372                                {pd product} {ergonomic}
    uintx NonProfiledCodeHeapSize                  = 122909434                              {pd product} {ergonomic}
    uintx ProfiledCodeHeapSize                     = 122909434                              {pd product} {ergonomic}
    uintx ReservedCodeCacheSize                    = 251658240                              {pd product} {ergonomic}
     bool SegmentedCodeCache                       = true                                      {product} {ergonomic}
   size_t SoftMaxHeapSize                          = 2147483648                             {manageable} {ergonomic}
     bool UseCompressedOops                        = true                           {product lp64_product} {ergonomic}
     bool UseG1GC                                  = true                                      {product} {ergonomic}
     bool UseLargePagesIndividualAllocation        = false                                  {pd product} {ergonomic}

Logging:
Log output configuration:
 #0: stdout all=warning uptime,level,tags foldmultilines=false
 #1: stderr all=off uptime,level,tags foldmultilines=false

Environment Variables:
PATH=C:\Program Files (x86)\VMware\VMware Workstation\bin\;C:\Program Files\Python311\Scripts\;C:\Program Files\Python311\;C:\WINDOWS\system32;C:\WINDOWS;C:\WINDOWS\System32\Wbem;C:\WINDOWS\System32\WindowsPowerShell\v1.0\;C:\WINDOWS\System32\OpenSSH\;C:\Program Files\dotnet\;C:\Program Files (x86)\Rational\common;C:\Program Files\nodejs\;C:\Program Files\Git\cmd;C:\Users\Thanh Tu\AppData\Local\Programs\Python\Python313\Scripts\;C:\Users\Thanh Tu\AppData\Local\Programs\Python\Python313\;C:\Users\Thanh Tu\AppData\Local\Microsoft\WindowsApps;C:\Users\Thanh Tu\AppData\Local\Programs\Microsoft VS Code\bin;C:\Users\Thanh Tu\AppData\Roaming\npm
USERNAME=Thanh Tu
OS=Windows_NT
PROCESSOR_IDENTIFIER=Intel64 Family 6 Model 154 Stepping 4, GenuineIntel
TMP=C:\Users\THANHT~1\AppData\Local\Temp
TEMP=C:\Users\THANHT~1\AppData\Local\Temp




Periodic native trim disabled

JNI global refs:
JNI global refs: 25, weak refs: 0

JNI global refs memory usage: 835, weak refs: 833

Process memory usage:
Resident Set Size: 305820K (3% of 8065780K total physical memory with 611612K free physical memory)

OOME stack traces (most recent first):
Classloader memory used:
Loader org.gradle.internal.classloader.VisitableURLClassLoader                         : 35715K
Loader bootstrap                                                                       : 22823K
Loader org.gradle.initialization.MixInLegacyTypesClassLoader                           : 6653K
Loader jdk.internal.loader.ClassLoaders$PlatformClassLoader                            : 495K
Loader jdk.internal.loader.ClassLoaders$AppClassLoader                                 : 235K
Loader org.gradle.groovy.scripts.internal.DefaultScriptCompilationHandler$ScriptClassLoader: 113K
Loader groovy.lang.GroovyClassLoader$InnerLoader                                       : 28192B
Loader org.gradle.internal.classloader.VisitableURLClassLoader                         : 19136B
Loader org.gradle.internal.classloader.VisitableURLClassLoader$InstrumentingVisitableURLClassLoader: 15784B
Loader jdk.internal.reflect.DelegatingClassLoader                                      : 10296B
Loader org.codehaus.groovy.runtime.callsite.CallSiteClassLoader                        : 10112B

Classes loaded by more than one classloader:
Class org.gradle.internal.classloader.FilteringClassLoader                            : loaded 2 times (x 103B)
Class org.gradle.internal.classloader.ClassLoaderHierarchy                            : loaded 2 times (x 68B)
Class org.gradle.api.internal.classpath.ManifestUtil                                  : loaded 2 times (x 69B)
Class org.gradle.internal.classloader.DefaultClassLoaderFactory                       : loaded 2 times (x 80B)
Class org.gradle.internal.classloader.ClassLoaderVisitor                              : loaded 2 times (x 74B)
Class org.gradle.api.internal.classpath.EffectiveClassPath                            : loaded 2 times (x 88B)
Class org.gradle.api.internal.DefaultClassPathProvider                                : loaded 2 times (x 74B)
Class [Lorg.gradle.api.internal.ClassPathProvider;                                    : loaded 2 times (x 67B)
Class org.gradle.api.internal.ClassPathProvider                                       : loaded 2 times (x 68B)
Class org.gradle.internal.service.UnknownServiceException                             : loaded 2 times (x 81B)
Class ijKotlinCoroutineJvmDebugInit1_8bummltvgtqv4qzphntv5bizo$_run_closure1          : loaded 2 times (x 137B)
Class org.gradle.internal.classpath.TransformedClassPath                              : loaded 2 times (x 94B)
Class org.gradle.internal.classloader.InstrumentingClassLoader                        : loaded 2 times (x 68B)
Class org.gradle.internal.service.ServiceLocator                                      : loaded 2 times (x 68B)
Class org.gradle.internal.InternalTransformer                                         : loaded 2 times (x 68B)
Class org.gradle.internal.classloader.ClasspathUtil$1                                 : loaded 2 times (x 74B)
Class org.gradle.api.internal.classpath.DefaultModuleRegistry$DefaultModule           : loaded 2 times (x 84B)
Class org.gradle.api.internal.classpath.Module                                        : loaded 2 times (x 68B)
Class org.gradle.api.internal.classpath.UnknownModuleException                        : loaded 2 times (x 80B)
Class org.gradle.api.internal.DefaultClassPathRegistry                                : loaded 2 times (x 74B)
Class org.gradle.api.internal.ClassPathRegistry                                       : loaded 2 times (x 68B)
Class org.gradle.internal.classpath.DefaultClassPath$ImmutableUniqueList              : loaded 2 times (x 197B)
Class org.gradle.internal.classpath.ClassPath                                         : loaded 2 times (x 68B)
Class org.gradle.api.UncheckedIOException                                             : loaded 2 times (x 80B)
Class ijJvmDebugger1_3qmp05w676ynnjs7lj9fz5zop                                        : loaded 2 times (x 177B)
Class ijKotlinCoroutineJvmDebugInit1_8bummltvgtqv4qzphntv5bizo                        : loaded 2 times (x 177B)
Class org.gradle.internal.installation.GradleInstallation$1                           : loaded 2 times (x 73B)
Class org.gradle.api.internal.classpath.ModuleRegistry                                : loaded 2 times (x 68B)
Class org.gradle.api.internal.classpath.DefaultModuleRegistry                         : loaded 2 times (x 84B)
Class org.gradle.internal.service.ServiceLookupException                              : loaded 2 times (x 80B)
Class org.gradle.internal.classloader.ClassLoaderFactory                              : loaded 2 times (x 68B)
Class org.gradle.internal.service.CachingServiceLocator                               : loaded 2 times (x 80B)
Class org.gradle.internal.classloader.ClasspathUtil                                   : loaded 2 times (x 69B)
Class org.gradle.api.specs.Spec                                                       : loaded 2 times (x 68B)
Class ijJvmDebugger1_3qmp05w676ynnjs7lj9fz5zop$_run_closure1                          : loaded 2 times (x 137B)
Class org.gradle.internal.classloader.VisitableURLClassLoader$InstrumentingVisitableURLClassLoader: loaded 2 times (x 121B)
Class org.gradle.internal.classloader.VisitableURLClassLoader$Spec                    : loaded 2 times (x 72B)
Class org.gradle.internal.classpath.DefaultClassPath                                  : loaded 2 times (x 88B)
Class org.gradle.internal.classloader.ClassLoaderSpec                                 : loaded 2 times (x 69B)
Class org.gradle.internal.classloader.VisitableURLClassLoader                         : loaded 2 times (x 115B)
Class org.gradle.internal.Cast                                                        : loaded 2 times (x 69B)
Class org.gradle.api.Action                                                           : loaded 2 times (x 68B)
Class org.gradle.internal.classpath.DefaultClassPath$ImmutableUniqueList$Builder      : loaded 2 times (x 73B)
Class org.gradle.api.GradleException                                                  : loaded 2 times (x 80B)
Class org.gradle.internal.IoActions                                                   : loaded 2 times (x 69B)
Class org.gradle.internal.classloader.SystemClassLoaderSpec                           : loaded 2 times (x 69B)
Class org.gradle.api.internal.classpath.GlobalCacheRootsProvider                      : loaded 2 times (x 68B)
Class org.gradle.internal.installation.CurrentGradleInstallationLocator               : loaded 2 times (x 69B)
Class org.gradle.internal.service.DefaultServiceLocator                               : loaded 2 times (x 81B)
Class org.gradle.internal.installation.CurrentGradleInstallation                      : loaded 2 times (x 71B)
Class org.gradle.util.internal.GUtil                                                  : loaded 2 times (x 69B)
Class org.gradle.internal.installation.GradleInstallation                             : loaded 2 times (x 73B)

---------------  S Y S T E M  ---------------

OS:
 Windows 11 , 64 bit Build 26100 (10.0.26100.6725)
OS uptime: 6 days 9:32 hours

CPU: total 12 (initial active 12) (6 cores per cpu, 2 threads per core) family 6 model 154 stepping 4 microcode 0x437, cx8, cmov, fxsr, ht, mmx, 3dnowpref, sse, sse2, sse3, ssse3, sse4.1, sse4.2, popcnt, lzcnt, tsc, tscinvbit, avx, avx2, aes, erms, clmul, bmi1, bmi2, adx, sha, fma, vzeroupper, clflush, clflushopt, clwb, serialize, rdtscp, rdpid, fsrm, f16c, pku, cet_ibt, cet_ss
Processor Information for the first 12 processors :
  Max Mhz: 1300, Current Mhz: 1300, Mhz Limit: 1300

Memory: 4k page, system-wide physical 7876M (595M free)
TotalPageFile size 32452M (AvailPageFile size 8M)
current process WorkingSet (physical memory assigned to process): 298M, peak: 298M
current process commit charge ("private bytes"): 337M, peak: 339M

vm_info: OpenJDK 64-Bit Server VM (21.0.7+-13880790-b1038.58) for windows-amd64 JRE (21.0.7+-13880790-b1038.58), built on 2025-08-04T20:56:21Z by "builder" with MS VC++ 16.10 / 16.11 (VS2019)

END.
